[0.758s] Invoking command in '/home/team-2/robot_ws/src/robot': PYTHONPATH=/home/team-2/robot_ws/build/robot/prefix_override:/home/team-2/robot_ws/install/robot/lib/python3.10/site-packages:${PYTHONPATH} /usr/bin/python3 setup.py egg_info --egg-base ../../build/robot build --build-base /home/team-2/robot_ws/build/robot/build install --record /home/team-2/robot_ws/build/robot/install.log --single-version-externally-managed
[0.989s] running egg_info
[0.990s] writing ../../build/robot/robot.egg-info/PKG-INFO
[0.991s] writing dependency_links to ../../build/robot/robot.egg-info/dependency_links.txt
[0.991s] writing entry points to ../../build/robot/robot.egg-info/entry_points.txt
[0.991s] writing requirements to ../../build/robot/robot.egg-info/requires.txt
[0.991s] writing top-level names to ../../build/robot/robot.egg-info/top_level.txt
[0.993s] reading manifest file '../../build/robot/robot.egg-info/SOURCES.txt'
[0.994s] writing manifest file '../../build/robot/robot.egg-info/SOURCES.txt'
[0.995s] running build
[0.995s] running build_py
[0.995s] copying robot/kbd_driver.py -> /home/team-2/robot_ws/build/robot/build/lib/robot
[0.995s] running install
[0.995s] /usr/lib/python3/dist-packages/setuptools/command/install.py:34: SetuptoolsDeprecationWarning: setup.py install is deprecated. Use build and pip and other standards-based tools.
[0.995s]   warnings.warn(
[0.996s] running install_lib
[0.997s] copying /home/team-2/robot_ws/build/robot/build/lib/robot/kbd_driver.py -> /home/team-2/robot_ws/install/robot/lib/python3.10/site-packages/robot
[0.998s] byte-compiling /home/team-2/robot_ws/install/robot/lib/python3.10/site-packages/robot/kbd_driver.py to kbd_driver.cpython-310.pyc
[0.999s] running install_data
[1.000s] running install_egg_info
[1.002s] removing '/home/team-2/robot_ws/install/robot/lib/python3.10/site-packages/robot-0.0.0-py3.10.egg-info' (and everything under it)
[1.002s] Copying ../../build/robot/robot.egg-info to /home/team-2/robot_ws/install/robot/lib/python3.10/site-packages/robot-0.0.0-py3.10.egg-info
[1.003s] running install_scripts
[1.025s] Installing kbd_driver script to /home/team-2/robot_ws/install/robot/lib/robot
[1.025s] Installing robot script to /home/team-2/robot_ws/install/robot/lib/robot
[1.026s] writing list of installed files to '/home/team-2/robot_ws/build/robot/install.log'
[1.048s] Invoked command in '/home/team-2/robot_ws/src/robot' returned '0': PYTHONPATH=/home/team-2/robot_ws/build/robot/prefix_override:/home/team-2/robot_ws/install/robot/lib/python3.10/site-packages:${PYTHONPATH} /usr/bin/python3 setup.py egg_info --egg-base ../../build/robot build --build-base /home/team-2/robot_ws/build/robot/build install --record /home/team-2/robot_ws/build/robot/install.log --single-version-externally-managed
