[1.046s] DEBUG:colcon:Command line arguments: ['/usr/bin/colcon', 'build']
[1.046s] DEBUG:colcon:Parsed command line arguments: Namespace(log_base=None, log_level=None, verb_name='build', build_base='build', install_base='install', merge_install=False, symlink_install=False, test_result_base=None, continue_on_error=False, executor='parallel', parallel_workers=4, event_handlers=None, ignore_user_meta=False, metas=['./colcon.meta'], base_paths=['.'], packages_ignore=None, packages_ignore_regex=None, paths=None, packages_up_to=None, packages_up_to_regex=None, packages_above=None, packages_above_and_dependencies=None, packages_above_depth=None, packages_select_by_dep=None, packages_skip_by_dep=None, packages_skip_up_to=None, packages_select_build_failed=False, packages_skip_build_finished=False, packages_select_test_failures=False, packages_skip_test_passed=False, packages_select=None, packages_skip=None, packages_select_regex=None, packages_skip_regex=None, packages_start=None, packages_end=None, allow_overriding=[], cmake_args=None, cmake_target=None, cmake_target_skip_unavailable=False, cmake_clean_cache=False, cmake_clean_first=False, cmake_force_configure=False, ament_cmake_args=None, catkin_cmake_args=None, catkin_skip_building_tests=False, verb_parser=<colcon_defaults.argument_parser.defaults.DefaultArgumentsDecorator object at 0x7f4e52599600>, verb_extension=<colcon_core.verb.build.BuildVerb object at 0x7f4e5258d8d0>, main=<bound method BuildVerb.main of <colcon_core.verb.build.BuildVerb object at 0x7f4e5258d8d0>>)
[1.104s] Level 1:colcon.colcon_core.package_discovery:discover_packages(colcon_meta) check parameters
[1.104s] Level 1:colcon.colcon_core.package_discovery:discover_packages(recursive) check parameters
[1.104s] Level 1:colcon.colcon_core.package_discovery:discover_packages(ignore) check parameters
[1.104s] Level 1:colcon.colcon_core.package_discovery:discover_packages(path) check parameters
[1.104s] Level 1:colcon.colcon_core.package_discovery:discover_packages(colcon_meta) discover
[1.104s] Level 1:colcon.colcon_core.package_discovery:discover_packages(recursive) discover
[1.104s] INFO:colcon.colcon_core.package_discovery:Crawling recursively for packages in '/home/team-2/robot_ws'
[1.104s] Level 1:colcon.colcon_core.package_identification:_identify(.) by extensions ['ignore', 'ignore_ament_install']
[1.104s] Level 1:colcon.colcon_core.package_identification:_identify(.) by extension 'ignore'
[1.104s] Level 1:colcon.colcon_core.package_identification:_identify(.) by extension 'ignore_ament_install'
[1.104s] Level 1:colcon.colcon_core.package_identification:_identify(.) by extensions ['colcon_pkg']
[1.104s] Level 1:colcon.colcon_core.package_identification:_identify(.) by extension 'colcon_pkg'
[1.105s] Level 1:colcon.colcon_core.package_identification:_identify(.) by extensions ['colcon_meta']
[1.105s] Level 1:colcon.colcon_core.package_identification:_identify(.) by extension 'colcon_meta'
[1.105s] Level 1:colcon.colcon_core.package_identification:_identify(.) by extensions ['ros']
[1.105s] Level 1:colcon.colcon_core.package_identification:_identify(.) by extension 'ros'
[1.116s] Level 1:colcon.colcon_core.package_identification:_identify(.) by extensions ['cmake', 'python']
[1.117s] Level 1:colcon.colcon_core.package_identification:_identify(.) by extension 'cmake'
[1.117s] Level 1:colcon.colcon_core.package_identification:_identify(.) by extension 'python'
[1.117s] Level 1:colcon.colcon_core.package_identification:_identify(.) by extensions ['python_setup_py']
[1.117s] Level 1:colcon.colcon_core.package_identification:_identify(.) by extension 'python_setup_py'
[1.117s] Level 1:colcon.colcon_core.package_identification:_identify(build) by extensions ['ignore', 'ignore_ament_install']
[1.117s] Level 1:colcon.colcon_core.package_identification:_identify(build) by extension 'ignore'
[1.117s] Level 1:colcon.colcon_core.package_identification:_identify(build) ignored
[1.117s] Level 1:colcon.colcon_core.package_identification:_identify(install) by extensions ['ignore', 'ignore_ament_install']
[1.117s] Level 1:colcon.colcon_core.package_identification:_identify(install) by extension 'ignore'
[1.117s] Level 1:colcon.colcon_core.package_identification:_identify(install) ignored
[1.117s] Level 1:colcon.colcon_core.package_identification:_identify(log) by extensions ['ignore', 'ignore_ament_install']
[1.117s] Level 1:colcon.colcon_core.package_identification:_identify(log) by extension 'ignore'
[1.117s] Level 1:colcon.colcon_core.package_identification:_identify(log) ignored
[1.117s] Level 1:colcon.colcon_core.package_identification:_identify(src) by extensions ['ignore', 'ignore_ament_install']
[1.118s] Level 1:colcon.colcon_core.package_identification:_identify(src) by extension 'ignore'
[1.118s] Level 1:colcon.colcon_core.package_identification:_identify(src) by extension 'ignore_ament_install'
[1.118s] Level 1:colcon.colcon_core.package_identification:_identify(src) by extensions ['colcon_pkg']
[1.118s] Level 1:colcon.colcon_core.package_identification:_identify(src) by extension 'colcon_pkg'
[1.118s] Level 1:colcon.colcon_core.package_identification:_identify(src) by extensions ['colcon_meta']
[1.118s] Level 1:colcon.colcon_core.package_identification:_identify(src) by extension 'colcon_meta'
[1.118s] Level 1:colcon.colcon_core.package_identification:_identify(src) by extensions ['ros']
[1.118s] Level 1:colcon.colcon_core.package_identification:_identify(src) by extension 'ros'
[1.118s] Level 1:colcon.colcon_core.package_identification:_identify(src) by extensions ['cmake', 'python']
[1.118s] Level 1:colcon.colcon_core.package_identification:_identify(src) by extension 'cmake'
[1.118s] Level 1:colcon.colcon_core.package_identification:_identify(src) by extension 'python'
[1.118s] Level 1:colcon.colcon_core.package_identification:_identify(src) by extensions ['python_setup_py']
[1.118s] Level 1:colcon.colcon_core.package_identification:_identify(src) by extension 'python_setup_py'
[1.118s] Level 1:colcon.colcon_core.package_identification:_identify(src/robot) by extensions ['ignore', 'ignore_ament_install']
[1.118s] Level 1:colcon.colcon_core.package_identification:_identify(src/robot) by extension 'ignore'
[1.118s] Level 1:colcon.colcon_core.package_identification:_identify(src/robot) by extension 'ignore_ament_install'
[1.118s] Level 1:colcon.colcon_core.package_identification:_identify(src/robot) by extensions ['colcon_pkg']
[1.118s] Level 1:colcon.colcon_core.package_identification:_identify(src/robot) by extension 'colcon_pkg'
[1.118s] Level 1:colcon.colcon_core.package_identification:_identify(src/robot) by extensions ['colcon_meta']
[1.119s] Level 1:colcon.colcon_core.package_identification:_identify(src/robot) by extension 'colcon_meta'
[1.119s] Level 1:colcon.colcon_core.package_identification:_identify(src/robot) by extensions ['ros']
[1.119s] Level 1:colcon.colcon_core.package_identification:_identify(src/robot) by extension 'ros'
[1.122s] DEBUG:colcon.colcon_core.package_identification:Package 'src/robot' with type 'ros.ament_python' and name 'robot'
[1.122s] Level 1:colcon.colcon_core.package_identification:_identify(src/robot_interface) by extensions ['ignore', 'ignore_ament_install']
[1.122s] Level 1:colcon.colcon_core.package_identification:_identify(src/robot_interface) by extension 'ignore'
[1.122s] Level 1:colcon.colcon_core.package_identification:_identify(src/robot_interface) by extension 'ignore_ament_install'
[1.122s] Level 1:colcon.colcon_core.package_identification:_identify(src/robot_interface) by extensions ['colcon_pkg']
[1.122s] Level 1:colcon.colcon_core.package_identification:_identify(src/robot_interface) by extension 'colcon_pkg'
[1.122s] Level 1:colcon.colcon_core.package_identification:_identify(src/robot_interface) by extensions ['colcon_meta']
[1.122s] Level 1:colcon.colcon_core.package_identification:_identify(src/robot_interface) by extension 'colcon_meta'
[1.122s] Level 1:colcon.colcon_core.package_identification:_identify(src/robot_interface) by extensions ['ros']
[1.122s] Level 1:colcon.colcon_core.package_identification:_identify(src/robot_interface) by extension 'ros'
[1.123s] DEBUG:colcon.colcon_core.package_identification:Package 'src/robot_interface' with type 'ros.ament_cmake' and name 'robot_interface'
[1.123s] Level 1:colcon.colcon_core.package_discovery:discover_packages(recursive) using defaults
[1.123s] Level 1:colcon.colcon_core.package_discovery:discover_packages(ignore) discover
[1.123s] Level 1:colcon.colcon_core.package_discovery:discover_packages(ignore) using defaults
[1.123s] Level 1:colcon.colcon_core.package_discovery:discover_packages(path) discover
[1.123s] Level 1:colcon.colcon_core.package_discovery:discover_packages(path) using defaults
[1.216s] Level 1:colcon.colcon_core.package_discovery:discover_packages(prefix_path) check parameters
[1.216s] Level 1:colcon.colcon_core.package_discovery:discover_packages(prefix_path) discover
[1.246s] DEBUG:colcon.colcon_installed_package_information.package_discovery:Found 278 installed packages in /opt/ros/humble
[1.248s] Level 1:colcon.colcon_core.package_discovery:discover_packages(prefix_path) using defaults
[1.340s] Level 5:colcon.colcon_core.verb:set package 'robot_interface' build argument 'cmake_args' from command line to 'None'
[1.340s] Level 5:colcon.colcon_core.verb:set package 'robot_interface' build argument 'cmake_target' from command line to 'None'
[1.340s] Level 5:colcon.colcon_core.verb:set package 'robot_interface' build argument 'cmake_target_skip_unavailable' from command line to 'False'
[1.340s] Level 5:colcon.colcon_core.verb:set package 'robot_interface' build argument 'cmake_clean_cache' from command line to 'False'
[1.340s] Level 5:colcon.colcon_core.verb:set package 'robot_interface' build argument 'cmake_clean_first' from command line to 'False'
[1.340s] Level 5:colcon.colcon_core.verb:set package 'robot_interface' build argument 'cmake_force_configure' from command line to 'False'
[1.340s] Level 5:colcon.colcon_core.verb:set package 'robot_interface' build argument 'ament_cmake_args' from command line to 'None'
[1.340s] Level 5:colcon.colcon_core.verb:set package 'robot_interface' build argument 'catkin_cmake_args' from command line to 'None'
[1.340s] Level 5:colcon.colcon_core.verb:set package 'robot_interface' build argument 'catkin_skip_building_tests' from command line to 'False'
[1.340s] DEBUG:colcon.colcon_core.verb:Building package 'robot_interface' with the following arguments: {'ament_cmake_args': None, 'build_base': '/home/team-2/robot_ws/build/robot_interface', 'catkin_cmake_args': None, 'catkin_skip_building_tests': False, 'cmake_args': None, 'cmake_clean_cache': False, 'cmake_clean_first': False, 'cmake_force_configure': False, 'cmake_target': None, 'cmake_target_skip_unavailable': False, 'install_base': '/home/team-2/robot_ws/install/robot_interface', 'merge_install': False, 'path': '/home/team-2/robot_ws/src/robot_interface', 'symlink_install': False, 'test_result_base': None}
[1.354s] Level 5:colcon.colcon_core.verb:set package 'robot' build argument 'cmake_args' from command line to 'None'
[1.355s] Level 5:colcon.colcon_core.verb:set package 'robot' build argument 'cmake_target' from command line to 'None'
[1.355s] Level 5:colcon.colcon_core.verb:set package 'robot' build argument 'cmake_target_skip_unavailable' from command line to 'False'
[1.355s] Level 5:colcon.colcon_core.verb:set package 'robot' build argument 'cmake_clean_cache' from command line to 'False'
[1.355s] Level 5:colcon.colcon_core.verb:set package 'robot' build argument 'cmake_clean_first' from command line to 'False'
[1.355s] Level 5:colcon.colcon_core.verb:set package 'robot' build argument 'cmake_force_configure' from command line to 'False'
[1.355s] Level 5:colcon.colcon_core.verb:set package 'robot' build argument 'ament_cmake_args' from command line to 'None'
[1.355s] Level 5:colcon.colcon_core.verb:set package 'robot' build argument 'catkin_cmake_args' from command line to 'None'
[1.355s] Level 5:colcon.colcon_core.verb:set package 'robot' build argument 'catkin_skip_building_tests' from command line to 'False'
[1.355s] DEBUG:colcon.colcon_core.verb:Building package 'robot' with the following arguments: {'ament_cmake_args': None, 'build_base': '/home/team-2/robot_ws/build/robot', 'catkin_cmake_args': None, 'catkin_skip_building_tests': False, 'cmake_args': None, 'cmake_clean_cache': False, 'cmake_clean_first': False, 'cmake_force_configure': False, 'cmake_target': None, 'cmake_target_skip_unavailable': False, 'install_base': '/home/team-2/robot_ws/install/robot', 'merge_install': False, 'path': '/home/team-2/robot_ws/src/robot', 'symlink_install': False, 'test_result_base': None}
[1.369s] INFO:colcon.colcon_core.executor:Executing jobs using 'parallel' executor
[1.385s] DEBUG:colcon.colcon_parallel_executor.executor.parallel:run_until_complete
[1.385s] INFO:colcon.colcon_ros.task.ament_cmake.build:Building ROS package in '/home/team-2/robot_ws/src/robot_interface' with build type 'ament_cmake'
[1.385s] INFO:colcon.colcon_cmake.task.cmake.build:Building CMake package in '/home/team-2/robot_ws/src/robot_interface'
[1.404s] INFO:colcon.colcon_core.plugin_system:Skipping extension 'colcon_core.shell.bat': Not used on non-Windows systems
[1.405s] INFO:colcon.colcon_core.shell:Skip shell extension 'powershell' for command environment: Not usable outside of PowerShell
[1.405s] DEBUG:colcon.colcon_core.shell:Skip shell extension 'dsv' for command environment
[1.442s] DEBUG:colcon.colcon_core.event_handler.log_command:Invoking command in '/home/team-2/robot_ws/build/robot_interface': CMAKE_PREFIX_PATH=/opt/ros/humble /usr/bin/cmake --build /home/team-2/robot_ws/build/robot_interface -- -j4 -l4
[1.882s] DEBUG:colcon.colcon_core.event_handler.log_command:Invoked command in '/home/team-2/robot_ws/build/robot_interface' returned '0': CMAKE_PREFIX_PATH=/opt/ros/humble /usr/bin/cmake --build /home/team-2/robot_ws/build/robot_interface -- -j4 -l4
[1.949s] DEBUG:colcon.colcon_core.event_handler.log_command:Invoking command in '/home/team-2/robot_ws/build/robot_interface': CMAKE_PREFIX_PATH=/opt/ros/humble /usr/bin/cmake --install /home/team-2/robot_ws/build/robot_interface
[2.028s] Level 1:colcon.colcon_core.environment:create_environment_scripts_only(robot_interface)
[2.029s] DEBUG:colcon.colcon_core.event_handler.log_command:Invoked command in '/home/team-2/robot_ws/build/robot_interface' returned '0': CMAKE_PREFIX_PATH=/opt/ros/humble /usr/bin/cmake --install /home/team-2/robot_ws/build/robot_interface
[2.047s] Level 1:colcon.colcon_core.environment:checking '/home/team-2/robot_ws/install/robot_interface' for CMake module files
[2.048s] Level 1:colcon.colcon_core.environment:checking '/home/team-2/robot_ws/install/robot_interface' for CMake config files
[2.049s] Level 1:colcon.colcon_core.shell:create_environment_hook('robot_interface', 'cmake_prefix_path')
[2.063s] INFO:colcon.colcon_core.shell:Creating environment hook '/home/team-2/robot_ws/install/robot_interface/share/robot_interface/hook/cmake_prefix_path.ps1'
[2.064s] INFO:colcon.colcon_core.shell:Creating environment descriptor '/home/team-2/robot_ws/install/robot_interface/share/robot_interface/hook/cmake_prefix_path.dsv'
[2.064s] INFO:colcon.colcon_core.shell:Creating environment hook '/home/team-2/robot_ws/install/robot_interface/share/robot_interface/hook/cmake_prefix_path.sh'
[2.065s] Level 1:colcon.colcon_core.environment:checking '/home/team-2/robot_ws/install/robot_interface/lib'
[2.065s] Level 1:colcon.colcon_core.shell:create_environment_hook('robot_interface', 'ld_library_path_lib')
[2.080s] INFO:colcon.colcon_core.shell:Creating environment hook '/home/team-2/robot_ws/install/robot_interface/share/robot_interface/hook/ld_library_path_lib.ps1'
[2.080s] INFO:colcon.colcon_core.shell:Creating environment descriptor '/home/team-2/robot_ws/install/robot_interface/share/robot_interface/hook/ld_library_path_lib.dsv'
[2.080s] INFO:colcon.colcon_core.shell:Creating environment hook '/home/team-2/robot_ws/install/robot_interface/share/robot_interface/hook/ld_library_path_lib.sh'
[2.081s] Level 1:colcon.colcon_core.environment:checking '/home/team-2/robot_ws/install/robot_interface/bin'
[2.081s] Level 1:colcon.colcon_core.environment:checking '/home/team-2/robot_ws/install/robot_interface/lib/pkgconfig/robot_interface.pc'
[2.081s] Level 1:colcon.colcon_core.environment:checking '/home/team-2/robot_ws/install/robot_interface/lib/python3.10/site-packages'
[2.081s] Level 1:colcon.colcon_core.environment:checking '/home/team-2/robot_ws/install/robot_interface/bin'
[2.097s] INFO:colcon.colcon_core.shell:Creating package script '/home/team-2/robot_ws/install/robot_interface/share/robot_interface/package.ps1'
[2.098s] INFO:colcon.colcon_core.shell:Creating package descriptor '/home/team-2/robot_ws/install/robot_interface/share/robot_interface/package.dsv'
[2.098s] INFO:colcon.colcon_core.shell:Creating package script '/home/team-2/robot_ws/install/robot_interface/share/robot_interface/package.sh'
[2.099s] INFO:colcon.colcon_core.shell:Creating package script '/home/team-2/robot_ws/install/robot_interface/share/robot_interface/package.bash'
[2.100s] INFO:colcon.colcon_core.shell:Creating package script '/home/team-2/robot_ws/install/robot_interface/share/robot_interface/package.zsh'
[2.101s] Level 1:colcon.colcon_core.environment:create_file_with_runtime_dependencies(/home/team-2/robot_ws/install/robot_interface/share/colcon-core/packages/robot_interface)
[2.173s] Level 1:colcon.colcon_core.environment:create_environment_scripts_only(robot_interface)
[2.188s] Level 1:colcon.colcon_core.environment:checking '/home/team-2/robot_ws/install/robot_interface' for CMake module files
[2.189s] Level 1:colcon.colcon_core.environment:checking '/home/team-2/robot_ws/install/robot_interface' for CMake config files
[2.189s] Level 1:colcon.colcon_core.shell:create_environment_hook('robot_interface', 'cmake_prefix_path')
[2.203s] INFO:colcon.colcon_core.shell:Creating environment hook '/home/team-2/robot_ws/install/robot_interface/share/robot_interface/hook/cmake_prefix_path.ps1'
[2.204s] INFO:colcon.colcon_core.shell:Creating environment descriptor '/home/team-2/robot_ws/install/robot_interface/share/robot_interface/hook/cmake_prefix_path.dsv'
[2.204s] INFO:colcon.colcon_core.shell:Creating environment hook '/home/team-2/robot_ws/install/robot_interface/share/robot_interface/hook/cmake_prefix_path.sh'
[2.205s] Level 1:colcon.colcon_core.environment:checking '/home/team-2/robot_ws/install/robot_interface/lib'
[2.205s] Level 1:colcon.colcon_core.shell:create_environment_hook('robot_interface', 'ld_library_path_lib')
[2.219s] INFO:colcon.colcon_core.shell:Creating environment hook '/home/team-2/robot_ws/install/robot_interface/share/robot_interface/hook/ld_library_path_lib.ps1'
[2.220s] INFO:colcon.colcon_core.shell:Creating environment descriptor '/home/team-2/robot_ws/install/robot_interface/share/robot_interface/hook/ld_library_path_lib.dsv'
[2.220s] INFO:colcon.colcon_core.shell:Creating environment hook '/home/team-2/robot_ws/install/robot_interface/share/robot_interface/hook/ld_library_path_lib.sh'
[2.220s] Level 1:colcon.colcon_core.environment:checking '/home/team-2/robot_ws/install/robot_interface/bin'
[2.220s] Level 1:colcon.colcon_core.environment:checking '/home/team-2/robot_ws/install/robot_interface/lib/pkgconfig/robot_interface.pc'
[2.220s] Level 1:colcon.colcon_core.environment:checking '/home/team-2/robot_ws/install/robot_interface/lib/python3.10/site-packages'
[2.221s] Level 1:colcon.colcon_core.environment:checking '/home/team-2/robot_ws/install/robot_interface/bin'
[2.238s] INFO:colcon.colcon_core.shell:Creating package script '/home/team-2/robot_ws/install/robot_interface/share/robot_interface/package.ps1'
[2.238s] INFO:colcon.colcon_core.shell:Creating package descriptor '/home/team-2/robot_ws/install/robot_interface/share/robot_interface/package.dsv'
[2.239s] INFO:colcon.colcon_core.shell:Creating package script '/home/team-2/robot_ws/install/robot_interface/share/robot_interface/package.sh'
[2.239s] INFO:colcon.colcon_core.shell:Creating package script '/home/team-2/robot_ws/install/robot_interface/share/robot_interface/package.bash'
[2.240s] INFO:colcon.colcon_core.shell:Creating package script '/home/team-2/robot_ws/install/robot_interface/share/robot_interface/package.zsh'
[2.240s] Level 1:colcon.colcon_core.environment:create_file_with_runtime_dependencies(/home/team-2/robot_ws/install/robot_interface/share/colcon-core/packages/robot_interface)
[2.240s] INFO:colcon.colcon_ros.task.ament_python.build:Building ROS package in '/home/team-2/robot_ws/src/robot' with build type 'ament_python'
[2.240s] Level 1:colcon.colcon_core.shell:create_environment_hook('robot', 'ament_prefix_path')
[2.260s] INFO:colcon.colcon_core.shell:Creating environment hook '/home/team-2/robot_ws/install/robot/share/robot/hook/ament_prefix_path.ps1'
[2.260s] INFO:colcon.colcon_core.shell:Creating environment descriptor '/home/team-2/robot_ws/install/robot/share/robot/hook/ament_prefix_path.dsv'
[2.261s] INFO:colcon.colcon_core.shell:Creating environment hook '/home/team-2/robot_ws/install/robot/share/robot/hook/ament_prefix_path.sh'
[2.275s] INFO:colcon.colcon_core.shell:Skip shell extension 'powershell' for command environment: Not usable outside of PowerShell
[2.275s] DEBUG:colcon.colcon_core.shell:Skip shell extension 'dsv' for command environment
[2.561s] INFO:colcon.colcon_core.task.python.build:Building Python package in '/home/team-2/robot_ws/src/robot'
[2.576s] INFO:colcon.colcon_core.shell:Skip shell extension 'powershell' for command environment: Not usable outside of PowerShell
[2.576s] DEBUG:colcon.colcon_core.shell:Skip shell extension 'dsv' for command environment
[2.939s] DEBUG:colcon.colcon_core.event_handler.log_command:Invoking command in '/home/team-2/robot_ws/src/robot': AMENT_PREFIX_PATH=/home/team-2/robot_ws/install/robot_interface:${AMENT_PREFIX_PATH} CMAKE_PREFIX_PATH=/home/team-2/robot_ws/install/robot_interface LD_LIBRARY_PATH=/home/team-2/robot_ws/install/robot_interface/lib:${LD_LIBRARY_PATH} PYTHONPATH=/home/team-2/robot_ws/build/robot/prefix_override:/home/team-2/robot_ws/install/robot/lib/python3.10/site-packages:/home/team-2/robot_ws/install/robot_interface/local/lib/python3.10/dist-packages:${PYTHONPATH} /usr/bin/python3 setup.py egg_info --egg-base ../../build/robot build --build-base /home/team-2/robot_ws/build/robot/build install --record /home/team-2/robot_ws/build/robot/install.log --single-version-externally-managed
[3.225s] DEBUG:colcon.colcon_core.event_handler.log_command:Invoked command in '/home/team-2/robot_ws/src/robot' returned '0': AMENT_PREFIX_PATH=/home/team-2/robot_ws/install/robot_interface:${AMENT_PREFIX_PATH} CMAKE_PREFIX_PATH=/home/team-2/robot_ws/install/robot_interface LD_LIBRARY_PATH=/home/team-2/robot_ws/install/robot_interface/lib:${LD_LIBRARY_PATH} PYTHONPATH=/home/team-2/robot_ws/build/robot/prefix_override:/home/team-2/robot_ws/install/robot/lib/python3.10/site-packages:/home/team-2/robot_ws/install/robot_interface/local/lib/python3.10/dist-packages:${PYTHONPATH} /usr/bin/python3 setup.py egg_info --egg-base ../../build/robot build --build-base /home/team-2/robot_ws/build/robot/build install --record /home/team-2/robot_ws/build/robot/install.log --single-version-externally-managed
[3.241s] Level 1:colcon.colcon_core.environment:checking '/home/team-2/robot_ws/install/robot' for CMake module files
[3.242s] Level 1:colcon.colcon_core.environment:checking '/home/team-2/robot_ws/install/robot' for CMake config files
[3.242s] Level 1:colcon.colcon_core.environment:checking '/home/team-2/robot_ws/install/robot/lib'
[3.242s] Level 1:colcon.colcon_core.environment:checking '/home/team-2/robot_ws/install/robot/bin'
[3.242s] Level 1:colcon.colcon_core.environment:checking '/home/team-2/robot_ws/install/robot/lib/pkgconfig/robot.pc'
[3.242s] Level 1:colcon.colcon_core.environment:checking '/home/team-2/robot_ws/install/robot/lib/python3.10/site-packages'
[3.243s] Level 1:colcon.colcon_core.shell:create_environment_hook('robot', 'pythonpath')
[3.257s] INFO:colcon.colcon_core.shell:Creating environment hook '/home/team-2/robot_ws/install/robot/share/robot/hook/pythonpath.ps1'
[3.257s] INFO:colcon.colcon_core.shell:Creating environment descriptor '/home/team-2/robot_ws/install/robot/share/robot/hook/pythonpath.dsv'
[3.258s] INFO:colcon.colcon_core.shell:Creating environment hook '/home/team-2/robot_ws/install/robot/share/robot/hook/pythonpath.sh'
[3.258s] Level 1:colcon.colcon_core.environment:checking '/home/team-2/robot_ws/install/robot/bin'
[3.258s] Level 1:colcon.colcon_core.environment:create_environment_scripts_only(robot)
[3.272s] INFO:colcon.colcon_core.shell:Creating package script '/home/team-2/robot_ws/install/robot/share/robot/package.ps1'
[3.273s] INFO:colcon.colcon_core.shell:Creating package descriptor '/home/team-2/robot_ws/install/robot/share/robot/package.dsv'
[3.273s] INFO:colcon.colcon_core.shell:Creating package script '/home/team-2/robot_ws/install/robot/share/robot/package.sh'
[3.274s] INFO:colcon.colcon_core.shell:Creating package script '/home/team-2/robot_ws/install/robot/share/robot/package.bash'
[3.274s] INFO:colcon.colcon_core.shell:Creating package script '/home/team-2/robot_ws/install/robot/share/robot/package.zsh'
[3.274s] Level 1:colcon.colcon_core.environment:create_file_with_runtime_dependencies(/home/team-2/robot_ws/install/robot/share/colcon-core/packages/robot)
[3.275s] DEBUG:colcon.colcon_parallel_executor.executor.parallel:closing loop
[3.275s] DEBUG:colcon.colcon_parallel_executor.executor.parallel:loop closed
[3.275s] DEBUG:colcon.colcon_parallel_executor.executor.parallel:run_until_complete finished with '0'
[3.275s] DEBUG:colcon.colcon_core.event_reactor:joining thread
[3.295s] INFO:colcon.colcon_core.plugin_system:Skipping extension 'colcon_notification.desktop_notification.terminal_notifier': Not used on non-Darwin systems
[3.296s] INFO:colcon.colcon_core.plugin_system:Skipping extension 'colcon_notification.desktop_notification.win32': Not used on non-Windows systems
[3.296s] INFO:colcon.colcon_notification.desktop_notification:Sending desktop notification using 'notify2'
[3.297s] DEBUG:colcon.colcon_notification.desktop_notification.notify2:Failed to initialize notify2: org.freedesktop.DBus.Error.ServiceUnknown: The name org.freedesktop.Notifications was not provided by any .service files
[3.297s] DEBUG:colcon.colcon_core.event_reactor:joined thread
[3.321s] INFO:colcon.colcon_core.shell:Creating prefix script '/home/team-2/robot_ws/install/local_setup.ps1'
[3.322s] INFO:colcon.colcon_core.shell:Creating prefix util module '/home/team-2/robot_ws/install/_local_setup_util_ps1.py'
[3.324s] INFO:colcon.colcon_core.shell:Creating prefix chain script '/home/team-2/robot_ws/install/setup.ps1'
[3.339s] INFO:colcon.colcon_core.shell:Creating prefix script '/home/team-2/robot_ws/install/local_setup.sh'
[3.340s] INFO:colcon.colcon_core.shell:Creating prefix util module '/home/team-2/robot_ws/install/_local_setup_util_sh.py'
[3.340s] INFO:colcon.colcon_core.shell:Creating prefix chain script '/home/team-2/robot_ws/install/setup.sh'
[3.355s] INFO:colcon.colcon_core.shell:Creating prefix script '/home/team-2/robot_ws/install/local_setup.bash'
[3.356s] INFO:colcon.colcon_core.shell:Creating prefix chain script '/home/team-2/robot_ws/install/setup.bash'
[3.371s] INFO:colcon.colcon_core.shell:Creating prefix script '/home/team-2/robot_ws/install/local_setup.zsh'
[3.371s] INFO:colcon.colcon_core.shell:Creating prefix chain script '/home/team-2/robot_ws/install/setup.zsh'
