[0.944s] Invoking command in '/home/team-2/robot_ws/src/robot': AMENT_PREFIX_PATH=/home/team-2/robot_ws/install/robot_interface:${AMENT_PREFIX_PATH} CMAKE_PREFIX_PATH=/home/team-2/robot_ws/install/robot_interface LD_LIBRARY_PATH=/home/team-2/robot_ws/install/robot_interface/lib:${LD_LIBRARY_PATH} PYTHONPATH=/home/team-2/robot_ws/build/robot/prefix_override:/home/team-2/robot_ws/install/robot/lib/python3.10/site-packages:/home/team-2/robot_ws/install/robot_interface/local/lib/python3.10/dist-packages:${PYTHONPATH} /usr/bin/python3 setup.py egg_info --egg-base ../../build/robot build --build-base /home/team-2/robot_ws/build/robot/build install --record /home/team-2/robot_ws/build/robot/install.log --single-version-externally-managed
[1.285s] running egg_info
[1.287s] writing ../../build/robot/robot.egg-info/PKG-INFO
[1.287s] writing dependency_links to ../../build/robot/robot.egg-info/dependency_links.txt
[1.288s] writing entry points to ../../build/robot/robot.egg-info/entry_points.txt
[1.288s] writing requirements to ../../build/robot/robot.egg-info/requires.txt
[1.288s] writing top-level names to ../../build/robot/robot.egg-info/top_level.txt
[1.289s] reading manifest file '../../build/robot/robot.egg-info/SOURCES.txt'
[1.291s] writing manifest file '../../build/robot/robot.egg-info/SOURCES.txt'
[1.291s] running build
[1.291s] running build_py
[1.291s] running install
[1.292s] /usr/lib/python3/dist-packages/setuptools/command/install.py:34: SetuptoolsDeprecationWarning: setup.py install is deprecated. Use build and pip and other standards-based tools.
[1.292s]   warnings.warn(
[1.292s] running install_lib
[1.294s] running install_data
[1.294s] running install_egg_info
[1.297s] removing '/home/team-2/robot_ws/install/robot/lib/python3.10/site-packages/robot-0.0.0-py3.10.egg-info' (and everything under it)
[1.297s] Copying ../../build/robot/robot.egg-info to /home/team-2/robot_ws/install/robot/lib/python3.10/site-packages/robot-0.0.0-py3.10.egg-info
[1.298s] running install_scripts
[1.328s] Installing kbd_driver script to /home/team-2/robot_ws/install/robot/lib/robot
[1.328s] Installing robot script to /home/team-2/robot_ws/install/robot/lib/robot
[1.328s] writing list of installed files to '/home/team-2/robot_ws/build/robot/install.log'
[1.358s] Invoked command in '/home/team-2/robot_ws/src/robot' returned '0': AMENT_PREFIX_PATH=/home/team-2/robot_ws/install/robot_interface:${AMENT_PREFIX_PATH} CMAKE_PREFIX_PATH=/home/team-2/robot_ws/install/robot_interface LD_LIBRARY_PATH=/home/team-2/robot_ws/install/robot_interface/lib:${LD_LIBRARY_PATH} PYTHONPATH=/home/team-2/robot_ws/build/robot/prefix_override:/home/team-2/robot_ws/install/robot/lib/python3.10/site-packages:/home/team-2/robot_ws/install/robot_interface/local/lib/python3.10/dist-packages:${PYTHONPATH} /usr/bin/python3 setup.py egg_info --egg-base ../../build/robot build --build-base /home/team-2/robot_ws/build/robot/build install --record /home/team-2/robot_ws/build/robot/install.log --single-version-externally-managed
