[0.345s] Invoking command in '/home/team-2/robot_ws/build/robot_interface': CMAKE_PREFIX_PATH=/opt/ros/humble /usr/bin/cmake /home/team-2/robot_ws/src/robot_interface -DCMAKE_INSTALL_PREFIX=/home/team-2/robot_ws/install/robot_interface
[0.443s] -- The C compiler identification is GNU 11.4.0
[0.522s] -- The CXX compiler identification is GNU 11.4.0
[0.532s] -- Detecting C compiler ABI info
[0.603s] -- Detecting C compiler ABI info - done
[0.611s] -- Check for working C compiler: /usr/bin/cc - skipped
[0.611s] -- Detecting C compile features
[0.612s] -- Detecting C compile features - done
[0.616s] -- Detecting CXX compiler ABI info
[0.701s] -- Detecting CXX compiler ABI info - done
[0.711s] -- Check for working CXX compiler: /usr/bin/c++ - skipped
[0.712s] -- Detecting CXX compile features
[0.712s] -- Detecting CXX compile features - done
[0.716s] -- Found ament_cmake: 1.3.6 (/opt/ros/humble/share/ament_cmake/cmake)
[0.901s] -- Found Python3: /usr/bin/python3.10 (found version "3.10.12") found components: Interpreter 
[1.037s] -- Found ament_lint_auto: 0.12.9 (/opt/ros/humble/share/ament_lint_auto/cmake)
[1.120s] -- Added test 'lint_cmake' to check CMake code style
[1.122s] -- Added test 'xmllint' to check XML markup files
[1.123s] -- Configuring done
[1.128s] -- Generating done
[1.129s] -- Build files have been written to: /home/team-2/robot_ws/build/robot_interface
[1.140s] Invoked command in '/home/team-2/robot_ws/build/robot_interface' returned '0': CMAKE_PREFIX_PATH=/opt/ros/humble /usr/bin/cmake /home/team-2/robot_ws/src/robot_interface -DCMAKE_INSTALL_PREFIX=/home/team-2/robot_ws/install/robot_interface
[1.141s] Invoking command in '/home/team-2/robot_ws/build/robot_interface': CMAKE_PREFIX_PATH=/opt/ros/humble /usr/bin/cmake --build /home/team-2/robot_ws/build/robot_interface -- -j4 -l4
[1.177s] Invoked command in '/home/team-2/robot_ws/build/robot_interface' returned '0': CMAKE_PREFIX_PATH=/opt/ros/humble /usr/bin/cmake --build /home/team-2/robot_ws/build/robot_interface -- -j4 -l4
[1.207s] Invoking command in '/home/team-2/robot_ws/build/robot_interface': CMAKE_PREFIX_PATH=/opt/ros/humble /usr/bin/cmake --install /home/team-2/robot_ws/build/robot_interface
[1.214s] -- Install configuration: ""
[1.214s] -- Installing: /home/team-2/robot_ws/install/robot_interface/share/ament_index/resource_index/package_run_dependencies/robot_interface
[1.214s] -- Installing: /home/team-2/robot_ws/install/robot_interface/share/ament_index/resource_index/parent_prefix_path/robot_interface
[1.215s] -- Installing: /home/team-2/robot_ws/install/robot_interface/share/robot_interface/environment/ament_prefix_path.sh
[1.215s] -- Installing: /home/team-2/robot_ws/install/robot_interface/share/robot_interface/environment/ament_prefix_path.dsv
[1.215s] -- Installing: /home/team-2/robot_ws/install/robot_interface/share/robot_interface/environment/path.sh
[1.215s] -- Installing: /home/team-2/robot_ws/install/robot_interface/share/robot_interface/environment/path.dsv
[1.215s] -- Installing: /home/team-2/robot_ws/install/robot_interface/share/robot_interface/local_setup.bash
[1.215s] -- Installing: /home/team-2/robot_ws/install/robot_interface/share/robot_interface/local_setup.sh
[1.216s] -- Installing: /home/team-2/robot_ws/install/robot_interface/share/robot_interface/local_setup.zsh
[1.216s] -- Installing: /home/team-2/robot_ws/install/robot_interface/share/robot_interface/local_setup.dsv
[1.216s] -- Installing: /home/team-2/robot_ws/install/robot_interface/share/robot_interface/package.dsv
[1.216s] -- Installing: /home/team-2/robot_ws/install/robot_interface/share/ament_index/resource_index/packages/robot_interface
[1.216s] -- Installing: /home/team-2/robot_ws/install/robot_interface/share/robot_interface/cmake/robot_interfaceConfig.cmake
[1.216s] -- Installing: /home/team-2/robot_ws/install/robot_interface/share/robot_interface/cmake/robot_interfaceConfig-version.cmake
[1.217s] -- Installing: /home/team-2/robot_ws/install/robot_interface/share/robot_interface/package.xml
[1.219s] Invoked command in '/home/team-2/robot_ws/build/robot_interface' returned '0': CMAKE_PREFIX_PATH=/opt/ros/humble /usr/bin/cmake --install /home/team-2/robot_ws/build/robot_interface
