[0.698s] Invoking command in '/home/team-2/robot_ws/src/robot': PYTHONPATH=/home/team-2/robot_ws/build/robot/prefix_override:/home/team-2/robot_ws/install/robot/lib/python3.10/site-packages:${PYTHONPATH} /usr/bin/python3 setup.py egg_info --egg-base ../../build/robot build --build-base /home/team-2/robot_ws/build/robot/build install --record /home/team-2/robot_ws/build/robot/install.log --single-version-externally-managed
[0.923s] running egg_info
[0.923s] creating ../../build/robot/robot.egg-info
[0.923s] writing ../../build/robot/robot.egg-info/PKG-INFO
[0.924s] writing dependency_links to ../../build/robot/robot.egg-info/dependency_links.txt
[0.924s] writing entry points to ../../build/robot/robot.egg-info/entry_points.txt
[0.924s] writing requirements to ../../build/robot/robot.egg-info/requires.txt
[0.924s] writing top-level names to ../../build/robot/robot.egg-info/top_level.txt
[0.924s] writing manifest file '../../build/robot/robot.egg-info/SOURCES.txt'
[0.926s] reading manifest file '../../build/robot/robot.egg-info/SOURCES.txt'
[0.927s] writing manifest file '../../build/robot/robot.egg-info/SOURCES.txt'
[0.927s] running build
[0.927s] running build_py
[0.927s] creating /home/team-2/robot_ws/build/robot/build
[0.927s] creating /home/team-2/robot_ws/build/robot/build/lib
[0.927s] creating /home/team-2/robot_ws/build/robot/build/lib/robot
[0.927s] copying robot/__init__.py -> /home/team-2/robot_ws/build/robot/build/lib/robot
[0.927s] running install
[0.932s] /usr/lib/python3/dist-packages/setuptools/command/install.py:34: SetuptoolsDeprecationWarning: setup.py install is deprecated. Use build and pip and other standards-based tools.
[0.932s]   warnings.warn(
[0.933s] running install_lib
[0.934s] creating /home/team-2/robot_ws/install/robot/lib/python3.10/site-packages/robot
[0.935s] copying /home/team-2/robot_ws/build/robot/build/lib/robot/__init__.py -> /home/team-2/robot_ws/install/robot/lib/python3.10/site-packages/robot
[0.935s] byte-compiling /home/team-2/robot_ws/install/robot/lib/python3.10/site-packages/robot/__init__.py to __init__.cpython-310.pyc
[0.936s] running install_data
[0.937s] creating /home/team-2/robot_ws/install/robot/share/ament_index
[0.937s] creating /home/team-2/robot_ws/install/robot/share/ament_index/resource_index
[0.937s] creating /home/team-2/robot_ws/install/robot/share/ament_index/resource_index/packages
[0.938s] copying resource/robot -> /home/team-2/robot_ws/install/robot/share/ament_index/resource_index/packages
[0.938s] copying package.xml -> /home/team-2/robot_ws/install/robot/share/robot
[0.938s] running install_egg_info
[0.941s] Copying ../../build/robot/robot.egg-info to /home/team-2/robot_ws/install/robot/lib/python3.10/site-packages/robot-0.0.0-py3.10.egg-info
[0.942s] running install_scripts
[0.964s] writing list of installed files to '/home/team-2/robot_ws/build/robot/install.log'
[0.986s] Invoked command in '/home/team-2/robot_ws/src/robot' returned '0': PYTHONPATH=/home/team-2/robot_ws/build/robot/prefix_override:/home/team-2/robot_ws/install/robot/lib/python3.10/site-packages:${PYTHONPATH} /usr/bin/python3 setup.py egg_info --egg-base ../../build/robot build --build-base /home/team-2/robot_ws/build/robot/build install --record /home/team-2/robot_ws/build/robot/install.log --single-version-externally-managed
