[0.895s] Invoking command in '/home/team-2/robot_ws/src/robot': PYTHONPATH=/home/team-2/robot_ws/build/robot/prefix_override:/home/team-2/robot_ws/install/robot/lib/python3.10/site-packages:${PYTHONPATH} /usr/bin/python3 setup.py egg_info --egg-base ../../build/robot build --build-base /home/team-2/robot_ws/build/robot/build install --record /home/team-2/robot_ws/build/robot/install.log --single-version-externally-managed
[1.206s] running egg_info
[1.207s] writing ../../build/robot/robot.egg-info/PKG-INFO
[1.207s] writing dependency_links to ../../build/robot/robot.egg-info/dependency_links.txt
[1.207s] writing entry points to ../../build/robot/robot.egg-info/entry_points.txt
[1.208s] writing requirements to ../../build/robot/robot.egg-info/requires.txt
[1.208s] writing top-level names to ../../build/robot/robot.egg-info/top_level.txt
[1.211s] reading manifest file '../../build/robot/robot.egg-info/SOURCES.txt'
[1.212s] writing manifest file '../../build/robot/robot.egg-info/SOURCES.txt'
[1.212s] running build
[1.212s] running build_py
[1.212s] copying robot/kbd_driver.py -> /home/team-2/robot_ws/build/robot/build/lib/robot
[1.213s] running install
[1.213s] /usr/lib/python3/dist-packages/setuptools/command/install.py:34: SetuptoolsDeprecationWarning: setup.py install is deprecated. Use build and pip and other standards-based tools.
[1.213s]   warnings.warn(
[1.214s] running install_lib
[1.215s] copying /home/team-2/robot_ws/build/robot/build/lib/robot/kbd_driver.py -> /home/team-2/robot_ws/install/robot/lib/python3.10/site-packages/robot
[1.216s] byte-compiling /home/team-2/robot_ws/install/robot/lib/python3.10/site-packages/robot/kbd_driver.py to kbd_driver.cpython-310.pyc
[1.217s] running install_data
[1.218s] running install_egg_info
[1.220s] removing '/home/team-2/robot_ws/install/robot/lib/python3.10/site-packages/robot-0.0.0-py3.10.egg-info' (and everything under it)
[1.221s] Copying ../../build/robot/robot.egg-info to /home/team-2/robot_ws/install/robot/lib/python3.10/site-packages/robot-0.0.0-py3.10.egg-info
[1.222s] running install_scripts
[1.253s] Installing kbd_driver script to /home/team-2/robot_ws/install/robot/lib/robot
[1.253s] Installing robot script to /home/team-2/robot_ws/install/robot/lib/robot
[1.253s] writing list of installed files to '/home/team-2/robot_ws/build/robot/install.log'
[1.286s] Invoked command in '/home/team-2/robot_ws/src/robot' returned '0': PYTHONPATH=/home/team-2/robot_ws/build/robot/prefix_override:/home/team-2/robot_ws/install/robot/lib/python3.10/site-packages:${PYTHONPATH} /usr/bin/python3 setup.py egg_info --egg-base ../../build/robot build --build-base /home/team-2/robot_ws/build/robot/build install --record /home/team-2/robot_ws/build/robot/install.log --single-version-externally-managed
