[0.686s] Invoking command in '/home/team-2/robot_ws/src/robot': AMENT_PREFIX_PATH=/home/team-2/robot_ws/install/robot_interface:${AMENT_PREFIX_PATH} CMAKE_PREFIX_PATH=/home/team-2/robot_ws/install/robot_interface LD_LIBRARY_PATH=/home/team-2/robot_ws/install/robot_interface/lib:${LD_LIBRARY_PATH} PYTHONPATH=/home/team-2/robot_ws/build/robot/prefix_override:/home/team-2/robot_ws/install/robot/lib/python3.10/site-packages:/home/team-2/robot_ws/install/robot_interface/local/lib/python3.10/dist-packages:${PYTHONPATH} /usr/bin/python3 setup.py egg_info --egg-base ../../build/robot build --build-base /home/team-2/robot_ws/build/robot/build install --record /home/team-2/robot_ws/build/robot/install.log --single-version-externally-managed
[0.912s] running egg_info
[0.912s] writing ../../build/robot/robot.egg-info/PKG-INFO
[0.917s] writing dependency_links to ../../build/robot/robot.egg-info/dependency_links.txt
[0.918s] writing entry points to ../../build/robot/robot.egg-info/entry_points.txt
[0.918s] writing requirements to ../../build/robot/robot.egg-info/requires.txt
[0.918s] writing top-level names to ../../build/robot/robot.egg-info/top_level.txt
[0.923s] reading manifest file '../../build/robot/robot.egg-info/SOURCES.txt'
[0.925s] writing manifest file '../../build/robot/robot.egg-info/SOURCES.txt'
[0.925s] running build
[0.925s] running build_py
[0.926s] copying robot/kbd_driver.py -> /home/team-2/robot_ws/build/robot/build/lib/robot
[0.926s] running install
[0.927s] /usr/lib/python3/dist-packages/setuptools/command/install.py:34: SetuptoolsDeprecationWarning: setup.py install is deprecated. Use build and pip and other standards-based tools.
[0.927s]   warnings.warn(
[0.927s] running install_lib
[0.928s] copying /home/team-2/robot_ws/build/robot/build/lib/robot/kbd_driver.py -> /home/team-2/robot_ws/install/robot/lib/python3.10/site-packages/robot
[0.929s] byte-compiling /home/team-2/robot_ws/install/robot/lib/python3.10/site-packages/robot/kbd_driver.py to kbd_driver.cpython-310.pyc
[0.930s] running install_data
[0.932s] running install_egg_info
[0.934s] removing '/home/team-2/robot_ws/install/robot/lib/python3.10/site-packages/robot-0.0.0-py3.10.egg-info' (and everything under it)
[0.934s] Copying ../../build/robot/robot.egg-info to /home/team-2/robot_ws/install/robot/lib/python3.10/site-packages/robot-0.0.0-py3.10.egg-info
[0.936s] running install_scripts
[0.956s] Installing kbd_driver script to /home/team-2/robot_ws/install/robot/lib/robot
[0.956s] Installing robot script to /home/team-2/robot_ws/install/robot/lib/robot
[0.957s] writing list of installed files to '/home/team-2/robot_ws/build/robot/install.log'
[0.978s] Invoked command in '/home/team-2/robot_ws/src/robot' returned '0': AMENT_PREFIX_PATH=/home/team-2/robot_ws/install/robot_interface:${AMENT_PREFIX_PATH} CMAKE_PREFIX_PATH=/home/team-2/robot_ws/install/robot_interface LD_LIBRARY_PATH=/home/team-2/robot_ws/install/robot_interface/lib:${LD_LIBRARY_PATH} PYTHONPATH=/home/team-2/robot_ws/build/robot/prefix_override:/home/team-2/robot_ws/install/robot/lib/python3.10/site-packages:/home/team-2/robot_ws/install/robot_interface/local/lib/python3.10/dist-packages:${PYTHONPATH} /usr/bin/python3 setup.py egg_info --egg-base ../../build/robot build --build-base /home/team-2/robot_ws/build/robot/build install --record /home/team-2/robot_ws/build/robot/install.log --single-version-externally-managed
