[0.975s] DEBUG:colcon:Command line arguments: ['/usr/bin/colcon', 'build']
[0.975s] DEBUG:colcon:Parsed command line arguments: Namespace(log_base=None, log_level=None, verb_name='build', build_base='build', install_base='install', merge_install=False, symlink_install=False, test_result_base=None, continue_on_error=False, executor='parallel', parallel_workers=4, event_handlers=None, ignore_user_meta=False, metas=['./colcon.meta'], base_paths=['.'], packages_ignore=None, packages_ignore_regex=None, paths=None, packages_up_to=None, packages_up_to_regex=None, packages_above=None, packages_above_and_dependencies=None, packages_above_depth=None, packages_select_by_dep=None, packages_skip_by_dep=None, packages_skip_up_to=None, packages_select_build_failed=False, packages_skip_build_finished=False, packages_select_test_failures=False, packages_skip_test_passed=False, packages_select=None, packages_skip=None, packages_select_regex=None, packages_skip_regex=None, packages_start=None, packages_end=None, allow_overriding=[], cmake_args=None, cmake_target=None, cmake_target_skip_unavailable=False, cmake_clean_cache=False, cmake_clean_first=False, cmake_force_configure=False, ament_cmake_args=None, catkin_cmake_args=None, catkin_skip_building_tests=False, verb_parser=<colcon_defaults.argument_parser.defaults.DefaultArgumentsDecorator object at 0x7f2b1a96d450>, verb_extension=<colcon_core.verb.build.BuildVerb object at 0x7f2b1acac580>, main=<bound method BuildVerb.main of <colcon_core.verb.build.BuildVerb object at 0x7f2b1acac580>>)
[1.021s] Level 1:colcon.colcon_core.package_discovery:discover_packages(colcon_meta) check parameters
[1.021s] Level 1:colcon.colcon_core.package_discovery:discover_packages(recursive) check parameters
[1.021s] Level 1:colcon.colcon_core.package_discovery:discover_packages(ignore) check parameters
[1.021s] Level 1:colcon.colcon_core.package_discovery:discover_packages(path) check parameters
[1.021s] Level 1:colcon.colcon_core.package_discovery:discover_packages(colcon_meta) discover
[1.021s] Level 1:colcon.colcon_core.package_discovery:discover_packages(recursive) discover
[1.021s] INFO:colcon.colcon_core.package_discovery:Crawling recursively for packages in '/home/team-2/robot_ws'
[1.022s] Level 1:colcon.colcon_core.package_identification:_identify(.) by extensions ['ignore', 'ignore_ament_install']
[1.022s] Level 1:colcon.colcon_core.package_identification:_identify(.) by extension 'ignore'
[1.022s] Level 1:colcon.colcon_core.package_identification:_identify(.) by extension 'ignore_ament_install'
[1.022s] Level 1:colcon.colcon_core.package_identification:_identify(.) by extensions ['colcon_pkg']
[1.022s] Level 1:colcon.colcon_core.package_identification:_identify(.) by extension 'colcon_pkg'
[1.022s] Level 1:colcon.colcon_core.package_identification:_identify(.) by extensions ['colcon_meta']
[1.022s] Level 1:colcon.colcon_core.package_identification:_identify(.) by extension 'colcon_meta'
[1.022s] Level 1:colcon.colcon_core.package_identification:_identify(.) by extensions ['ros']
[1.022s] Level 1:colcon.colcon_core.package_identification:_identify(.) by extension 'ros'
[1.033s] Level 1:colcon.colcon_core.package_identification:_identify(.) by extensions ['cmake', 'python']
[1.033s] Level 1:colcon.colcon_core.package_identification:_identify(.) by extension 'cmake'
[1.033s] Level 1:colcon.colcon_core.package_identification:_identify(.) by extension 'python'
[1.033s] Level 1:colcon.colcon_core.package_identification:_identify(.) by extensions ['python_setup_py']
[1.033s] Level 1:colcon.colcon_core.package_identification:_identify(.) by extension 'python_setup_py'
[1.033s] Level 1:colcon.colcon_core.package_identification:_identify(build) by extensions ['ignore', 'ignore_ament_install']
[1.033s] Level 1:colcon.colcon_core.package_identification:_identify(build) by extension 'ignore'
[1.034s] Level 1:colcon.colcon_core.package_identification:_identify(build) ignored
[1.034s] Level 1:colcon.colcon_core.package_identification:_identify(install) by extensions ['ignore', 'ignore_ament_install']
[1.034s] Level 1:colcon.colcon_core.package_identification:_identify(install) by extension 'ignore'
[1.034s] Level 1:colcon.colcon_core.package_identification:_identify(install) ignored
[1.034s] Level 1:colcon.colcon_core.package_identification:_identify(log) by extensions ['ignore', 'ignore_ament_install']
[1.034s] Level 1:colcon.colcon_core.package_identification:_identify(log) by extension 'ignore'
[1.034s] Level 1:colcon.colcon_core.package_identification:_identify(log) ignored
[1.034s] Level 1:colcon.colcon_core.package_identification:_identify(src) by extensions ['ignore', 'ignore_ament_install']
[1.034s] Level 1:colcon.colcon_core.package_identification:_identify(src) by extension 'ignore'
[1.034s] Level 1:colcon.colcon_core.package_identification:_identify(src) by extension 'ignore_ament_install'
[1.034s] Level 1:colcon.colcon_core.package_identification:_identify(src) by extensions ['colcon_pkg']
[1.035s] Level 1:colcon.colcon_core.package_identification:_identify(src) by extension 'colcon_pkg'
[1.035s] Level 1:colcon.colcon_core.package_identification:_identify(src) by extensions ['colcon_meta']
[1.035s] Level 1:colcon.colcon_core.package_identification:_identify(src) by extension 'colcon_meta'
[1.035s] Level 1:colcon.colcon_core.package_identification:_identify(src) by extensions ['ros']
[1.035s] Level 1:colcon.colcon_core.package_identification:_identify(src) by extension 'ros'
[1.035s] Level 1:colcon.colcon_core.package_identification:_identify(src) by extensions ['cmake', 'python']
[1.035s] Level 1:colcon.colcon_core.package_identification:_identify(src) by extension 'cmake'
[1.035s] Level 1:colcon.colcon_core.package_identification:_identify(src) by extension 'python'
[1.035s] Level 1:colcon.colcon_core.package_identification:_identify(src) by extensions ['python_setup_py']
[1.035s] Level 1:colcon.colcon_core.package_identification:_identify(src) by extension 'python_setup_py'
[1.035s] Level 1:colcon.colcon_core.package_identification:_identify(src/robot) by extensions ['ignore', 'ignore_ament_install']
[1.035s] Level 1:colcon.colcon_core.package_identification:_identify(src/robot) by extension 'ignore'
[1.035s] Level 1:colcon.colcon_core.package_identification:_identify(src/robot) by extension 'ignore_ament_install'
[1.035s] Level 1:colcon.colcon_core.package_identification:_identify(src/robot) by extensions ['colcon_pkg']
[1.035s] Level 1:colcon.colcon_core.package_identification:_identify(src/robot) by extension 'colcon_pkg'
[1.035s] Level 1:colcon.colcon_core.package_identification:_identify(src/robot) by extensions ['colcon_meta']
[1.036s] Level 1:colcon.colcon_core.package_identification:_identify(src/robot) by extension 'colcon_meta'
[1.036s] Level 1:colcon.colcon_core.package_identification:_identify(src/robot) by extensions ['ros']
[1.036s] Level 1:colcon.colcon_core.package_identification:_identify(src/robot) by extension 'ros'
[1.038s] DEBUG:colcon.colcon_core.package_identification:Package 'src/robot' with type 'ros.ament_python' and name 'robot'
[1.039s] Level 1:colcon.colcon_core.package_identification:_identify(src/robot_interface) by extensions ['ignore', 'ignore_ament_install']
[1.039s] Level 1:colcon.colcon_core.package_identification:_identify(src/robot_interface) by extension 'ignore'
[1.039s] Level 1:colcon.colcon_core.package_identification:_identify(src/robot_interface) by extension 'ignore_ament_install'
[1.039s] Level 1:colcon.colcon_core.package_identification:_identify(src/robot_interface) by extensions ['colcon_pkg']
[1.039s] Level 1:colcon.colcon_core.package_identification:_identify(src/robot_interface) by extension 'colcon_pkg'
[1.039s] Level 1:colcon.colcon_core.package_identification:_identify(src/robot_interface) by extensions ['colcon_meta']
[1.039s] Level 1:colcon.colcon_core.package_identification:_identify(src/robot_interface) by extension 'colcon_meta'
[1.039s] Level 1:colcon.colcon_core.package_identification:_identify(src/robot_interface) by extensions ['ros']
[1.039s] Level 1:colcon.colcon_core.package_identification:_identify(src/robot_interface) by extension 'ros'
[1.039s] DEBUG:colcon.colcon_core.package_identification:Package 'src/robot_interface' with type 'ros.ament_cmake' and name 'robot_interface'
[1.039s] Level 1:colcon.colcon_core.package_discovery:discover_packages(recursive) using defaults
[1.040s] Level 1:colcon.colcon_core.package_discovery:discover_packages(ignore) discover
[1.040s] Level 1:colcon.colcon_core.package_discovery:discover_packages(ignore) using defaults
[1.040s] Level 1:colcon.colcon_core.package_discovery:discover_packages(path) discover
[1.040s] Level 1:colcon.colcon_core.package_discovery:discover_packages(path) using defaults
[1.128s] Level 1:colcon.colcon_core.package_discovery:discover_packages(prefix_path) check parameters
[1.128s] Level 1:colcon.colcon_core.package_discovery:discover_packages(prefix_path) discover
[1.157s] DEBUG:colcon.colcon_installed_package_information.package_discovery:Found 2 installed packages in /home/team-2/robot_ws/install
[1.172s] DEBUG:colcon.colcon_installed_package_information.package_discovery:Found 278 installed packages in /opt/ros/humble
[1.174s] Level 1:colcon.colcon_core.package_discovery:discover_packages(prefix_path) using defaults
[1.263s] Level 5:colcon.colcon_core.verb:set package 'robot_interface' build argument 'cmake_args' from command line to 'None'
[1.263s] Level 5:colcon.colcon_core.verb:set package 'robot_interface' build argument 'cmake_target' from command line to 'None'
[1.263s] Level 5:colcon.colcon_core.verb:set package 'robot_interface' build argument 'cmake_target_skip_unavailable' from command line to 'False'
[1.263s] Level 5:colcon.colcon_core.verb:set package 'robot_interface' build argument 'cmake_clean_cache' from command line to 'False'
[1.263s] Level 5:colcon.colcon_core.verb:set package 'robot_interface' build argument 'cmake_clean_first' from command line to 'False'
[1.263s] Level 5:colcon.colcon_core.verb:set package 'robot_interface' build argument 'cmake_force_configure' from command line to 'False'
[1.263s] Level 5:colcon.colcon_core.verb:set package 'robot_interface' build argument 'ament_cmake_args' from command line to 'None'
[1.264s] Level 5:colcon.colcon_core.verb:set package 'robot_interface' build argument 'catkin_cmake_args' from command line to 'None'
[1.264s] Level 5:colcon.colcon_core.verb:set package 'robot_interface' build argument 'catkin_skip_building_tests' from command line to 'False'
[1.264s] DEBUG:colcon.colcon_core.verb:Building package 'robot_interface' with the following arguments: {'ament_cmake_args': None, 'build_base': '/home/team-2/robot_ws/build/robot_interface', 'catkin_cmake_args': None, 'catkin_skip_building_tests': False, 'cmake_args': None, 'cmake_clean_cache': False, 'cmake_clean_first': False, 'cmake_force_configure': False, 'cmake_target': None, 'cmake_target_skip_unavailable': False, 'install_base': '/home/team-2/robot_ws/install/robot_interface', 'merge_install': False, 'path': '/home/team-2/robot_ws/src/robot_interface', 'symlink_install': False, 'test_result_base': None}
[1.278s] Level 5:colcon.colcon_core.verb:set package 'robot' build argument 'cmake_args' from command line to 'None'
[1.278s] Level 5:colcon.colcon_core.verb:set package 'robot' build argument 'cmake_target' from command line to 'None'
[1.278s] Level 5:colcon.colcon_core.verb:set package 'robot' build argument 'cmake_target_skip_unavailable' from command line to 'False'
[1.278s] Level 5:colcon.colcon_core.verb:set package 'robot' build argument 'cmake_clean_cache' from command line to 'False'
[1.278s] Level 5:colcon.colcon_core.verb:set package 'robot' build argument 'cmake_clean_first' from command line to 'False'
[1.278s] Level 5:colcon.colcon_core.verb:set package 'robot' build argument 'cmake_force_configure' from command line to 'False'
[1.278s] Level 5:colcon.colcon_core.verb:set package 'robot' build argument 'ament_cmake_args' from command line to 'None'
[1.278s] Level 5:colcon.colcon_core.verb:set package 'robot' build argument 'catkin_cmake_args' from command line to 'None'
[1.278s] Level 5:colcon.colcon_core.verb:set package 'robot' build argument 'catkin_skip_building_tests' from command line to 'False'
[1.278s] DEBUG:colcon.colcon_core.verb:Building package 'robot' with the following arguments: {'ament_cmake_args': None, 'build_base': '/home/team-2/robot_ws/build/robot', 'catkin_cmake_args': None, 'catkin_skip_building_tests': False, 'cmake_args': None, 'cmake_clean_cache': False, 'cmake_clean_first': False, 'cmake_force_configure': False, 'cmake_target': None, 'cmake_target_skip_unavailable': False, 'install_base': '/home/team-2/robot_ws/install/robot', 'merge_install': False, 'path': '/home/team-2/robot_ws/src/robot', 'symlink_install': False, 'test_result_base': None}
[1.292s] INFO:colcon.colcon_core.executor:Executing jobs using 'parallel' executor
[1.307s] DEBUG:colcon.colcon_parallel_executor.executor.parallel:run_until_complete
[1.307s] INFO:colcon.colcon_ros.task.ament_cmake.build:Building ROS package in '/home/team-2/robot_ws/src/robot_interface' with build type 'ament_cmake'
[1.307s] INFO:colcon.colcon_cmake.task.cmake.build:Building CMake package in '/home/team-2/robot_ws/src/robot_interface'
[1.323s] INFO:colcon.colcon_core.plugin_system:Skipping extension 'colcon_core.shell.bat': Not used on non-Windows systems
[1.323s] INFO:colcon.colcon_core.shell:Skip shell extension 'powershell' for command environment: Not usable outside of PowerShell
[1.324s] DEBUG:colcon.colcon_core.shell:Skip shell extension 'dsv' for command environment
[1.374s] DEBUG:colcon.colcon_core.event_handler.log_command:Invoking command in '/home/team-2/robot_ws/build/robot_interface': CMAKE_PREFIX_PATH=${CMAKE_PREFIX_PATH}:/home/team-2/robot_ws/install/robot:/opt/ros/humble /usr/bin/cmake --build /home/team-2/robot_ws/build/robot_interface -- -j4 -l4
[5.038s] DEBUG:colcon.colcon_core.event_handler.log_command:Invoked command in '/home/team-2/robot_ws/build/robot_interface' returned '0': CMAKE_PREFIX_PATH=${CMAKE_PREFIX_PATH}:/home/team-2/robot_ws/install/robot:/opt/ros/humble /usr/bin/cmake --build /home/team-2/robot_ws/build/robot_interface -- -j4 -l4
[5.105s] DEBUG:colcon.colcon_core.event_handler.log_command:Invoking command in '/home/team-2/robot_ws/build/robot_interface': CMAKE_PREFIX_PATH=${CMAKE_PREFIX_PATH}:/home/team-2/robot_ws/install/robot:/opt/ros/humble /usr/bin/cmake --install /home/team-2/robot_ws/build/robot_interface
[5.180s] Level 1:colcon.colcon_core.environment:create_environment_scripts_only(robot_interface)
[5.181s] DEBUG:colcon.colcon_core.event_handler.log_command:Invoked command in '/home/team-2/robot_ws/build/robot_interface' returned '0': CMAKE_PREFIX_PATH=${CMAKE_PREFIX_PATH}:/home/team-2/robot_ws/install/robot:/opt/ros/humble /usr/bin/cmake --install /home/team-2/robot_ws/build/robot_interface
[5.201s] Level 1:colcon.colcon_core.environment:checking '/home/team-2/robot_ws/install/robot_interface' for CMake module files
[5.202s] Level 1:colcon.colcon_core.environment:checking '/home/team-2/robot_ws/install/robot_interface' for CMake config files
[5.202s] Level 1:colcon.colcon_core.shell:create_environment_hook('robot_interface', 'cmake_prefix_path')
[5.217s] INFO:colcon.colcon_core.shell:Creating environment hook '/home/team-2/robot_ws/install/robot_interface/share/robot_interface/hook/cmake_prefix_path.ps1'
[5.217s] INFO:colcon.colcon_core.shell:Creating environment descriptor '/home/team-2/robot_ws/install/robot_interface/share/robot_interface/hook/cmake_prefix_path.dsv'
[5.218s] INFO:colcon.colcon_core.shell:Creating environment hook '/home/team-2/robot_ws/install/robot_interface/share/robot_interface/hook/cmake_prefix_path.sh'
[5.219s] Level 1:colcon.colcon_core.environment:checking '/home/team-2/robot_ws/install/robot_interface/lib'
[5.219s] Level 1:colcon.colcon_core.shell:create_environment_hook('robot_interface', 'ld_library_path_lib')
[5.233s] INFO:colcon.colcon_core.shell:Creating environment hook '/home/team-2/robot_ws/install/robot_interface/share/robot_interface/hook/ld_library_path_lib.ps1'
[5.233s] INFO:colcon.colcon_core.shell:Creating environment descriptor '/home/team-2/robot_ws/install/robot_interface/share/robot_interface/hook/ld_library_path_lib.dsv'
[5.234s] INFO:colcon.colcon_core.shell:Creating environment hook '/home/team-2/robot_ws/install/robot_interface/share/robot_interface/hook/ld_library_path_lib.sh'
[5.234s] Level 1:colcon.colcon_core.environment:checking '/home/team-2/robot_ws/install/robot_interface/bin'
[5.234s] Level 1:colcon.colcon_core.environment:checking '/home/team-2/robot_ws/install/robot_interface/lib/pkgconfig/robot_interface.pc'
[5.234s] Level 1:colcon.colcon_core.environment:checking '/home/team-2/robot_ws/install/robot_interface/lib/python3.10/site-packages'
[5.235s] Level 1:colcon.colcon_core.environment:checking '/home/team-2/robot_ws/install/robot_interface/bin'
[5.249s] INFO:colcon.colcon_core.shell:Creating package script '/home/team-2/robot_ws/install/robot_interface/share/robot_interface/package.ps1'
[5.250s] INFO:colcon.colcon_core.shell:Creating package descriptor '/home/team-2/robot_ws/install/robot_interface/share/robot_interface/package.dsv'
[5.250s] INFO:colcon.colcon_core.shell:Creating package script '/home/team-2/robot_ws/install/robot_interface/share/robot_interface/package.sh'
[5.251s] INFO:colcon.colcon_core.shell:Creating package script '/home/team-2/robot_ws/install/robot_interface/share/robot_interface/package.bash'
[5.252s] INFO:colcon.colcon_core.shell:Creating package script '/home/team-2/robot_ws/install/robot_interface/share/robot_interface/package.zsh'
[5.252s] Level 1:colcon.colcon_core.environment:create_file_with_runtime_dependencies(/home/team-2/robot_ws/install/robot_interface/share/colcon-core/packages/robot_interface)
[5.324s] Level 1:colcon.colcon_core.environment:create_environment_scripts_only(robot_interface)
[5.339s] Level 1:colcon.colcon_core.environment:checking '/home/team-2/robot_ws/install/robot_interface' for CMake module files
[5.339s] Level 1:colcon.colcon_core.environment:checking '/home/team-2/robot_ws/install/robot_interface' for CMake config files
[5.339s] Level 1:colcon.colcon_core.shell:create_environment_hook('robot_interface', 'cmake_prefix_path')
[5.353s] INFO:colcon.colcon_core.shell:Creating environment hook '/home/team-2/robot_ws/install/robot_interface/share/robot_interface/hook/cmake_prefix_path.ps1'
[5.354s] INFO:colcon.colcon_core.shell:Creating environment descriptor '/home/team-2/robot_ws/install/robot_interface/share/robot_interface/hook/cmake_prefix_path.dsv'
[5.354s] INFO:colcon.colcon_core.shell:Creating environment hook '/home/team-2/robot_ws/install/robot_interface/share/robot_interface/hook/cmake_prefix_path.sh'
[5.355s] Level 1:colcon.colcon_core.environment:checking '/home/team-2/robot_ws/install/robot_interface/lib'
[5.355s] Level 1:colcon.colcon_core.shell:create_environment_hook('robot_interface', 'ld_library_path_lib')
[5.369s] INFO:colcon.colcon_core.shell:Creating environment hook '/home/team-2/robot_ws/install/robot_interface/share/robot_interface/hook/ld_library_path_lib.ps1'
[5.369s] INFO:colcon.colcon_core.shell:Creating environment descriptor '/home/team-2/robot_ws/install/robot_interface/share/robot_interface/hook/ld_library_path_lib.dsv'
[5.370s] INFO:colcon.colcon_core.shell:Creating environment hook '/home/team-2/robot_ws/install/robot_interface/share/robot_interface/hook/ld_library_path_lib.sh'
[5.370s] Level 1:colcon.colcon_core.environment:checking '/home/team-2/robot_ws/install/robot_interface/bin'
[5.370s] Level 1:colcon.colcon_core.environment:checking '/home/team-2/robot_ws/install/robot_interface/lib/pkgconfig/robot_interface.pc'
[5.370s] Level 1:colcon.colcon_core.environment:checking '/home/team-2/robot_ws/install/robot_interface/lib/python3.10/site-packages'
[5.370s] Level 1:colcon.colcon_core.environment:checking '/home/team-2/robot_ws/install/robot_interface/bin'
[5.385s] INFO:colcon.colcon_core.shell:Creating package script '/home/team-2/robot_ws/install/robot_interface/share/robot_interface/package.ps1'
[5.385s] INFO:colcon.colcon_core.shell:Creating package descriptor '/home/team-2/robot_ws/install/robot_interface/share/robot_interface/package.dsv'
[5.386s] INFO:colcon.colcon_core.shell:Creating package script '/home/team-2/robot_ws/install/robot_interface/share/robot_interface/package.sh'
[5.386s] INFO:colcon.colcon_core.shell:Creating package script '/home/team-2/robot_ws/install/robot_interface/share/robot_interface/package.bash'
[5.386s] INFO:colcon.colcon_core.shell:Creating package script '/home/team-2/robot_ws/install/robot_interface/share/robot_interface/package.zsh'
[5.387s] Level 1:colcon.colcon_core.environment:create_file_with_runtime_dependencies(/home/team-2/robot_ws/install/robot_interface/share/colcon-core/packages/robot_interface)
[5.387s] INFO:colcon.colcon_ros.task.ament_python.build:Building ROS package in '/home/team-2/robot_ws/src/robot' with build type 'ament_python'
[5.387s] Level 1:colcon.colcon_core.shell:create_environment_hook('robot', 'ament_prefix_path')
[5.405s] INFO:colcon.colcon_core.shell:Creating environment hook '/home/team-2/robot_ws/install/robot/share/robot/hook/ament_prefix_path.ps1'
[5.405s] INFO:colcon.colcon_core.shell:Creating environment descriptor '/home/team-2/robot_ws/install/robot/share/robot/hook/ament_prefix_path.dsv'
[5.405s] INFO:colcon.colcon_core.shell:Creating environment hook '/home/team-2/robot_ws/install/robot/share/robot/hook/ament_prefix_path.sh'
[5.421s] INFO:colcon.colcon_core.shell:Skip shell extension 'powershell' for command environment: Not usable outside of PowerShell
[5.421s] DEBUG:colcon.colcon_core.shell:Skip shell extension 'dsv' for command environment
[5.718s] INFO:colcon.colcon_core.task.python.build:Building Python package in '/home/team-2/robot_ws/src/robot'
[5.733s] INFO:colcon.colcon_core.shell:Skip shell extension 'powershell' for command environment: Not usable outside of PowerShell
[5.733s] DEBUG:colcon.colcon_core.shell:Skip shell extension 'dsv' for command environment
[6.096s] DEBUG:colcon.colcon_core.event_handler.log_command:Invoking command in '/home/team-2/robot_ws/src/robot': LD_LIBRARY_PATH=/home/team-2/robot_ws/install/robot_interface/lib:${LD_LIBRARY_PATH} PYTHONPATH=/home/team-2/robot_ws/build/robot/prefix_override:/home/team-2/robot_ws/install/robot/lib/python3.10/site-packages:/home/team-2/robot_ws/install/robot_interface/local/lib/python3.10/dist-packages:${PYTHONPATH} /usr/bin/python3 setup.py egg_info --egg-base ../../build/robot build --build-base /home/team-2/robot_ws/build/robot/build install --record /home/team-2/robot_ws/build/robot/install.log --single-version-externally-managed
[6.381s] DEBUG:colcon.colcon_core.event_handler.log_command:Invoked command in '/home/team-2/robot_ws/src/robot' returned '0': LD_LIBRARY_PATH=/home/team-2/robot_ws/install/robot_interface/lib:${LD_LIBRARY_PATH} PYTHONPATH=/home/team-2/robot_ws/build/robot/prefix_override:/home/team-2/robot_ws/install/robot/lib/python3.10/site-packages:/home/team-2/robot_ws/install/robot_interface/local/lib/python3.10/dist-packages:${PYTHONPATH} /usr/bin/python3 setup.py egg_info --egg-base ../../build/robot build --build-base /home/team-2/robot_ws/build/robot/build install --record /home/team-2/robot_ws/build/robot/install.log --single-version-externally-managed
[6.397s] Level 1:colcon.colcon_core.environment:checking '/home/team-2/robot_ws/install/robot' for CMake module files
[6.397s] Level 1:colcon.colcon_core.environment:checking '/home/team-2/robot_ws/install/robot' for CMake config files
[6.398s] Level 1:colcon.colcon_core.environment:checking '/home/team-2/robot_ws/install/robot/lib'
[6.398s] Level 1:colcon.colcon_core.environment:checking '/home/team-2/robot_ws/install/robot/bin'
[6.398s] Level 1:colcon.colcon_core.environment:checking '/home/team-2/robot_ws/install/robot/lib/pkgconfig/robot.pc'
[6.398s] Level 1:colcon.colcon_core.environment:checking '/home/team-2/robot_ws/install/robot/lib/python3.10/site-packages'
[6.398s] Level 1:colcon.colcon_core.shell:create_environment_hook('robot', 'pythonpath')
[6.422s] INFO:colcon.colcon_core.shell:Creating environment hook '/home/team-2/robot_ws/install/robot/share/robot/hook/pythonpath.ps1'
[6.423s] INFO:colcon.colcon_core.shell:Creating environment descriptor '/home/team-2/robot_ws/install/robot/share/robot/hook/pythonpath.dsv'
[6.423s] INFO:colcon.colcon_core.shell:Creating environment hook '/home/team-2/robot_ws/install/robot/share/robot/hook/pythonpath.sh'
[6.424s] Level 1:colcon.colcon_core.environment:checking '/home/team-2/robot_ws/install/robot/bin'
[6.424s] Level 1:colcon.colcon_core.environment:create_environment_scripts_only(robot)
[6.438s] INFO:colcon.colcon_core.shell:Creating package script '/home/team-2/robot_ws/install/robot/share/robot/package.ps1'
[6.439s] INFO:colcon.colcon_core.shell:Creating package descriptor '/home/team-2/robot_ws/install/robot/share/robot/package.dsv'
[6.439s] INFO:colcon.colcon_core.shell:Creating package script '/home/team-2/robot_ws/install/robot/share/robot/package.sh'
[6.439s] INFO:colcon.colcon_core.shell:Creating package script '/home/team-2/robot_ws/install/robot/share/robot/package.bash'
[6.440s] INFO:colcon.colcon_core.shell:Creating package script '/home/team-2/robot_ws/install/robot/share/robot/package.zsh'
[6.440s] Level 1:colcon.colcon_core.environment:create_file_with_runtime_dependencies(/home/team-2/robot_ws/install/robot/share/colcon-core/packages/robot)
[6.440s] DEBUG:colcon.colcon_parallel_executor.executor.parallel:closing loop
[6.441s] DEBUG:colcon.colcon_parallel_executor.executor.parallel:loop closed
[6.441s] DEBUG:colcon.colcon_parallel_executor.executor.parallel:run_until_complete finished with '0'
[6.441s] DEBUG:colcon.colcon_core.event_reactor:joining thread
[6.460s] INFO:colcon.colcon_core.plugin_system:Skipping extension 'colcon_notification.desktop_notification.terminal_notifier': Not used on non-Darwin systems
[6.460s] INFO:colcon.colcon_core.plugin_system:Skipping extension 'colcon_notification.desktop_notification.win32': Not used on non-Windows systems
[6.460s] INFO:colcon.colcon_notification.desktop_notification:Sending desktop notification using 'notify2'
[6.461s] DEBUG:colcon.colcon_notification.desktop_notification.notify2:Failed to initialize notify2: org.freedesktop.DBus.Error.ServiceUnknown: The name org.freedesktop.Notifications was not provided by any .service files
[6.461s] DEBUG:colcon.colcon_core.event_reactor:joined thread
[6.476s] INFO:colcon.colcon_core.shell:Creating prefix script '/home/team-2/robot_ws/install/local_setup.ps1'
[6.477s] INFO:colcon.colcon_core.shell:Creating prefix util module '/home/team-2/robot_ws/install/_local_setup_util_ps1.py'
[6.478s] INFO:colcon.colcon_core.shell:Creating prefix chain script '/home/team-2/robot_ws/install/setup.ps1'
[6.493s] INFO:colcon.colcon_core.shell:Creating prefix script '/home/team-2/robot_ws/install/local_setup.sh'
[6.493s] INFO:colcon.colcon_core.shell:Creating prefix util module '/home/team-2/robot_ws/install/_local_setup_util_sh.py'
[6.494s] INFO:colcon.colcon_core.shell:Creating prefix chain script '/home/team-2/robot_ws/install/setup.sh'
[6.509s] INFO:colcon.colcon_core.shell:Creating prefix script '/home/team-2/robot_ws/install/local_setup.bash'
[6.509s] INFO:colcon.colcon_core.shell:Creating prefix chain script '/home/team-2/robot_ws/install/setup.bash'
[6.524s] INFO:colcon.colcon_core.shell:Creating prefix script '/home/team-2/robot_ws/install/local_setup.zsh'
[6.525s] INFO:colcon.colcon_core.shell:Creating prefix chain script '/home/team-2/robot_ws/install/setup.zsh'
