[0.052s] Invoking command in '/home/team-2/robot_ws/build/robot_interface': CMAKE_PREFIX_PATH=/opt/ros/humble /usr/bin/cmake --build /home/team-2/robot_ws/build/robot_interface -- -j4 -l4
[0.107s] [  9%] Built target robot_interface__rosidl_generator_c
[0.107s] [ 12%] Built target robot_interface__cpp
[0.116s] [ 12%] Built target ament_cmake_python_copy_robot_interface
[0.138s] [ 22%] Built target robot_interface__rosidl_typesupport_cpp
[0.143s] [ 32%] Built target robot_interface__rosidl_typesupport_introspection_cpp
[0.144s] [ 41%] Built target robot_interface__rosidl_typesupport_fastrtps_cpp
[0.151s] [ 51%] Built target robot_interface__rosidl_typesupport_fastrtps_c
[0.165s] [ 61%] Built target robot_interface__rosidl_typesupport_introspection_c
[0.170s] [ 70%] Built target robot_interface__rosidl_typesupport_c
[0.190s] [ 70%] Built target robot_interface
[0.211s] [ 74%] Built target robot_interface__py
[0.233s] [ 80%] Built target robot_interface__rosidl_generator_py
[0.263s] [100%] Built target robot_interface__rosidl_typesupport_c__pyext
[0.263s] [100%] Built target robot_interface__rosidl_typesupport_fastrtps_c__pyext
[0.265s] [100%] Built target robot_interface__rosidl_typesupport_introspection_c__pyext
[0.398s] running egg_info
[0.399s] writing robot_interface.egg-info/PKG-INFO
[0.399s] writing dependency_links to robot_interface.egg-info/dependency_links.txt
[0.400s] writing top-level names to robot_interface.egg-info/top_level.txt
[0.402s] reading manifest file 'robot_interface.egg-info/SOURCES.txt'
[0.403s] writing manifest file 'robot_interface.egg-info/SOURCES.txt'
[0.428s] [100%] Built target ament_cmake_python_build_robot_interface_egg
[0.441s] Invoked command in '/home/team-2/robot_ws/build/robot_interface' returned '0': CMAKE_PREFIX_PATH=/opt/ros/humble /usr/bin/cmake --build /home/team-2/robot_ws/build/robot_interface -- -j4 -l4
[0.509s] Invoking command in '/home/team-2/robot_ws/build/robot_interface': CMAKE_PREFIX_PATH=/opt/ros/humble /usr/bin/cmake --install /home/team-2/robot_ws/build/robot_interface
[0.520s] -- Install configuration: ""
[0.522s] -- Up-to-date: /home/team-2/robot_ws/install/robot_interface/share/ament_index/resource_index/rosidl_interfaces/robot_interface
[0.531s] -- Up-to-date: /home/team-2/robot_ws/install/robot_interface/include/robot_interface/robot_interface
[0.531s] -- Up-to-date: /home/team-2/robot_ws/install/robot_interface/include/robot_interface/robot_interface/msg
[0.531s] -- Up-to-date: /home/team-2/robot_ws/install/robot_interface/include/robot_interface/robot_interface/msg/detail
[0.531s] -- Up-to-date: /home/team-2/robot_ws/install/robot_interface/include/robot_interface/robot_interface/msg/detail/drive_cmd__functions.h
[0.531s] -- Up-to-date: /home/team-2/robot_ws/install/robot_interface/include/robot_interface/robot_interface/msg/detail/drive_cmd__type_support.h
[0.531s] -- Up-to-date: /home/team-2/robot_ws/install/robot_interface/include/robot_interface/robot_interface/msg/detail/drive_cmd__functions.c
[0.531s] -- Up-to-date: /home/team-2/robot_ws/install/robot_interface/include/robot_interface/robot_interface/msg/detail/drive_cmd__struct.h
[0.531s] -- Up-to-date: /home/team-2/robot_ws/install/robot_interface/include/robot_interface/robot_interface/msg/rosidl_generator_c__visibility_control.h
[0.532s] -- Up-to-date: /home/team-2/robot_ws/install/robot_interface/include/robot_interface/robot_interface/msg/drive_cmd.h
[0.532s] -- Up-to-date: /home/team-2/robot_ws/install/robot_interface/share/robot_interface/environment/library_path.sh
[0.532s] -- Up-to-date: /home/team-2/robot_ws/install/robot_interface/share/robot_interface/environment/library_path.dsv
[0.532s] -- Up-to-date: /home/team-2/robot_ws/install/robot_interface/lib/librobot_interface__rosidl_generator_c.so
[0.532s] -- Up-to-date: /home/team-2/robot_ws/install/robot_interface/include/robot_interface/robot_interface
[0.532s] -- Up-to-date: /home/team-2/robot_ws/install/robot_interface/include/robot_interface/robot_interface/msg
[0.532s] -- Up-to-date: /home/team-2/robot_ws/install/robot_interface/include/robot_interface/robot_interface/msg/rosidl_typesupport_fastrtps_c__visibility_control.h
[0.532s] -- Up-to-date: /home/team-2/robot_ws/install/robot_interface/include/robot_interface/robot_interface/msg/detail
[0.532s] -- Up-to-date: /home/team-2/robot_ws/install/robot_interface/include/robot_interface/robot_interface/msg/detail/drive_cmd__rosidl_typesupport_fastrtps_c.h
[0.533s] -- Up-to-date: /home/team-2/robot_ws/install/robot_interface/lib/librobot_interface__rosidl_typesupport_fastrtps_c.so
[0.533s] -- Up-to-date: /home/team-2/robot_ws/install/robot_interface/include/robot_interface/robot_interface
[0.533s] -- Up-to-date: /home/team-2/robot_ws/install/robot_interface/include/robot_interface/robot_interface/msg
[0.533s] -- Up-to-date: /home/team-2/robot_ws/install/robot_interface/include/robot_interface/robot_interface/msg/rosidl_typesupport_introspection_c__visibility_control.h
[0.533s] -- Up-to-date: /home/team-2/robot_ws/install/robot_interface/include/robot_interface/robot_interface/msg/detail
[0.533s] -- Up-to-date: /home/team-2/robot_ws/install/robot_interface/include/robot_interface/robot_interface/msg/detail/drive_cmd__type_support.c
[0.533s] -- Up-to-date: /home/team-2/robot_ws/install/robot_interface/include/robot_interface/robot_interface/msg/detail/drive_cmd__rosidl_typesupport_introspection_c.h
[0.533s] -- Up-to-date: /home/team-2/robot_ws/install/robot_interface/lib/librobot_interface__rosidl_typesupport_introspection_c.so
[0.533s] -- Up-to-date: /home/team-2/robot_ws/install/robot_interface/lib/librobot_interface__rosidl_typesupport_c.so
[0.534s] -- Up-to-date: /home/team-2/robot_ws/install/robot_interface/include/robot_interface/robot_interface
[0.534s] -- Up-to-date: /home/team-2/robot_ws/install/robot_interface/include/robot_interface/robot_interface/msg
[0.534s] -- Up-to-date: /home/team-2/robot_ws/install/robot_interface/include/robot_interface/robot_interface/msg/drive_cmd.hpp
[0.534s] -- Up-to-date: /home/team-2/robot_ws/install/robot_interface/include/robot_interface/robot_interface/msg/detail
[0.534s] -- Up-to-date: /home/team-2/robot_ws/install/robot_interface/include/robot_interface/robot_interface/msg/detail/drive_cmd__struct.hpp
[0.534s] -- Up-to-date: /home/team-2/robot_ws/install/robot_interface/include/robot_interface/robot_interface/msg/detail/drive_cmd__traits.hpp
[0.534s] -- Up-to-date: /home/team-2/robot_ws/install/robot_interface/include/robot_interface/robot_interface/msg/detail/drive_cmd__builder.hpp
[0.534s] -- Up-to-date: /home/team-2/robot_ws/install/robot_interface/include/robot_interface/robot_interface
[0.534s] -- Up-to-date: /home/team-2/robot_ws/install/robot_interface/include/robot_interface/robot_interface/msg
[0.535s] -- Up-to-date: /home/team-2/robot_ws/install/robot_interface/include/robot_interface/robot_interface/msg/detail
[0.535s] -- Up-to-date: /home/team-2/robot_ws/install/robot_interface/include/robot_interface/robot_interface/msg/detail/dds_fastrtps
[0.535s] -- Up-to-date: /home/team-2/robot_ws/install/robot_interface/include/robot_interface/robot_interface/msg/detail/drive_cmd__rosidl_typesupport_fastrtps_cpp.hpp
[0.535s] -- Up-to-date: /home/team-2/robot_ws/install/robot_interface/include/robot_interface/robot_interface/msg/rosidl_typesupport_fastrtps_cpp__visibility_control.h
[0.535s] -- Up-to-date: /home/team-2/robot_ws/install/robot_interface/lib/librobot_interface__rosidl_typesupport_fastrtps_cpp.so
[0.535s] -- Up-to-date: /home/team-2/robot_ws/install/robot_interface/include/robot_interface/robot_interface
[0.535s] -- Up-to-date: /home/team-2/robot_ws/install/robot_interface/include/robot_interface/robot_interface/msg
[0.535s] -- Up-to-date: /home/team-2/robot_ws/install/robot_interface/include/robot_interface/robot_interface/msg/detail
[0.535s] -- Up-to-date: /home/team-2/robot_ws/install/robot_interface/include/robot_interface/robot_interface/msg/detail/drive_cmd__type_support.cpp
[0.536s] -- Up-to-date: /home/team-2/robot_ws/install/robot_interface/include/robot_interface/robot_interface/msg/detail/drive_cmd__rosidl_typesupport_introspection_cpp.hpp
[0.536s] -- Up-to-date: /home/team-2/robot_ws/install/robot_interface/lib/librobot_interface__rosidl_typesupport_introspection_cpp.so
[0.536s] -- Up-to-date: /home/team-2/robot_ws/install/robot_interface/lib/librobot_interface__rosidl_typesupport_cpp.so
[0.536s] -- Up-to-date: /home/team-2/robot_ws/install/robot_interface/share/robot_interface/environment/pythonpath.sh
[0.536s] -- Up-to-date: /home/team-2/robot_ws/install/robot_interface/share/robot_interface/environment/pythonpath.dsv
[0.536s] -- Up-to-date: /home/team-2/robot_ws/install/robot_interface/local/lib/python3.10/dist-packages/robot_interface-0.0.0-py3.10.egg-info
[0.536s] -- Installing: /home/team-2/robot_ws/install/robot_interface/local/lib/python3.10/dist-packages/robot_interface-0.0.0-py3.10.egg-info/PKG-INFO
[0.536s] -- Installing: /home/team-2/robot_ws/install/robot_interface/local/lib/python3.10/dist-packages/robot_interface-0.0.0-py3.10.egg-info/SOURCES.txt
[0.536s] -- Installing: /home/team-2/robot_ws/install/robot_interface/local/lib/python3.10/dist-packages/robot_interface-0.0.0-py3.10.egg-info/dependency_links.txt
[0.537s] -- Installing: /home/team-2/robot_ws/install/robot_interface/local/lib/python3.10/dist-packages/robot_interface-0.0.0-py3.10.egg-info/top_level.txt
[0.537s] -- Up-to-date: /home/team-2/robot_ws/install/robot_interface/local/lib/python3.10/dist-packages/robot_interface
[0.537s] -- Up-to-date: /home/team-2/robot_ws/install/robot_interface/local/lib/python3.10/dist-packages/robot_interface/_robot_interface_s.ep.rosidl_typesupport_c.c
[0.537s] -- Up-to-date: /home/team-2/robot_ws/install/robot_interface/local/lib/python3.10/dist-packages/robot_interface/robot_interface_s__rosidl_typesupport_introspection_c.cpython-310-x86_64-linux-gnu.so
[0.537s] -- Up-to-date: /home/team-2/robot_ws/install/robot_interface/local/lib/python3.10/dist-packages/robot_interface/_robot_interface_s.ep.rosidl_typesupport_fastrtps_c.c
[0.537s] -- Up-to-date: /home/team-2/robot_ws/install/robot_interface/local/lib/python3.10/dist-packages/robot_interface/msg
[0.537s] -- Up-to-date: /home/team-2/robot_ws/install/robot_interface/local/lib/python3.10/dist-packages/robot_interface/msg/_drive_cmd_s.c
[0.537s] -- Up-to-date: /home/team-2/robot_ws/install/robot_interface/local/lib/python3.10/dist-packages/robot_interface/msg/_drive_cmd.py
[0.537s] -- Up-to-date: /home/team-2/robot_ws/install/robot_interface/local/lib/python3.10/dist-packages/robot_interface/msg/__init__.py
[0.538s] -- Up-to-date: /home/team-2/robot_ws/install/robot_interface/local/lib/python3.10/dist-packages/robot_interface/__init__.py
[0.538s] -- Up-to-date: /home/team-2/robot_ws/install/robot_interface/local/lib/python3.10/dist-packages/robot_interface/_robot_interface_s.ep.rosidl_typesupport_introspection_c.c
[0.538s] -- Up-to-date: /home/team-2/robot_ws/install/robot_interface/local/lib/python3.10/dist-packages/robot_interface/librobot_interface__rosidl_generator_py.so
[0.538s] -- Up-to-date: /home/team-2/robot_ws/install/robot_interface/local/lib/python3.10/dist-packages/robot_interface/robot_interface_s__rosidl_typesupport_c.cpython-310-x86_64-linux-gnu.so
[0.538s] -- Up-to-date: /home/team-2/robot_ws/install/robot_interface/local/lib/python3.10/dist-packages/robot_interface/robot_interface_s__rosidl_typesupport_fastrtps_c.cpython-310-x86_64-linux-gnu.so
[0.568s] Listing '/home/team-2/robot_ws/install/robot_interface/local/lib/python3.10/dist-packages/robot_interface'...
[0.568s] Listing '/home/team-2/robot_ws/install/robot_interface/local/lib/python3.10/dist-packages/robot_interface/msg'...
[0.572s] -- Up-to-date: /home/team-2/robot_ws/install/robot_interface/local/lib/python3.10/dist-packages/robot_interface/robot_interface_s__rosidl_typesupport_fastrtps_c.cpython-310-x86_64-linux-gnu.so
[0.573s] -- Up-to-date: /home/team-2/robot_ws/install/robot_interface/local/lib/python3.10/dist-packages/robot_interface/robot_interface_s__rosidl_typesupport_introspection_c.cpython-310-x86_64-linux-gnu.so
[0.574s] -- Up-to-date: /home/team-2/robot_ws/install/robot_interface/local/lib/python3.10/dist-packages/robot_interface/robot_interface_s__rosidl_typesupport_c.cpython-310-x86_64-linux-gnu.so
[0.574s] -- Up-to-date: /home/team-2/robot_ws/install/robot_interface/lib/librobot_interface__rosidl_generator_py.so
[0.575s] -- Up-to-date: /home/team-2/robot_ws/install/robot_interface/share/robot_interface/msg/DriveCmd.idl
[0.575s] -- Up-to-date: /home/team-2/robot_ws/install/robot_interface/share/robot_interface/msg/DriveCmd.msg
[0.575s] -- Up-to-date: /home/team-2/robot_ws/install/robot_interface/share/ament_index/resource_index/package_run_dependencies/robot_interface
[0.575s] -- Up-to-date: /home/team-2/robot_ws/install/robot_interface/share/ament_index/resource_index/parent_prefix_path/robot_interface
[0.575s] -- Up-to-date: /home/team-2/robot_ws/install/robot_interface/share/robot_interface/environment/ament_prefix_path.sh
[0.575s] -- Up-to-date: /home/team-2/robot_ws/install/robot_interface/share/robot_interface/environment/ament_prefix_path.dsv
[0.575s] -- Up-to-date: /home/team-2/robot_ws/install/robot_interface/share/robot_interface/environment/path.sh
[0.576s] -- Up-to-date: /home/team-2/robot_ws/install/robot_interface/share/robot_interface/environment/path.dsv
[0.576s] -- Up-to-date: /home/team-2/robot_ws/install/robot_interface/share/robot_interface/local_setup.bash
[0.576s] -- Up-to-date: /home/team-2/robot_ws/install/robot_interface/share/robot_interface/local_setup.sh
[0.576s] -- Up-to-date: /home/team-2/robot_ws/install/robot_interface/share/robot_interface/local_setup.zsh
[0.576s] -- Up-to-date: /home/team-2/robot_ws/install/robot_interface/share/robot_interface/local_setup.dsv
[0.576s] -- Installing: /home/team-2/robot_ws/install/robot_interface/share/robot_interface/package.dsv
[0.576s] -- Up-to-date: /home/team-2/robot_ws/install/robot_interface/share/ament_index/resource_index/packages/robot_interface
[0.576s] -- Up-to-date: /home/team-2/robot_ws/install/robot_interface/share/robot_interface/cmake/export_robot_interface__rosidl_generator_cExport.cmake
[0.576s] -- Up-to-date: /home/team-2/robot_ws/install/robot_interface/share/robot_interface/cmake/export_robot_interface__rosidl_generator_cExport-noconfig.cmake
[0.577s] -- Up-to-date: /home/team-2/robot_ws/install/robot_interface/share/robot_interface/cmake/export_robot_interface__rosidl_typesupport_fastrtps_cExport.cmake
[0.577s] -- Up-to-date: /home/team-2/robot_ws/install/robot_interface/share/robot_interface/cmake/export_robot_interface__rosidl_typesupport_fastrtps_cExport-noconfig.cmake
[0.577s] -- Up-to-date: /home/team-2/robot_ws/install/robot_interface/share/robot_interface/cmake/robot_interface__rosidl_typesupport_introspection_cExport.cmake
[0.577s] -- Up-to-date: /home/team-2/robot_ws/install/robot_interface/share/robot_interface/cmake/robot_interface__rosidl_typesupport_introspection_cExport-noconfig.cmake
[0.577s] -- Up-to-date: /home/team-2/robot_ws/install/robot_interface/share/robot_interface/cmake/robot_interface__rosidl_typesupport_cExport.cmake
[0.577s] -- Up-to-date: /home/team-2/robot_ws/install/robot_interface/share/robot_interface/cmake/robot_interface__rosidl_typesupport_cExport-noconfig.cmake
[0.578s] -- Up-to-date: /home/team-2/robot_ws/install/robot_interface/share/robot_interface/cmake/export_robot_interface__rosidl_generator_cppExport.cmake
[0.578s] -- Up-to-date: /home/team-2/robot_ws/install/robot_interface/share/robot_interface/cmake/export_robot_interface__rosidl_typesupport_fastrtps_cppExport.cmake
[0.578s] -- Up-to-date: /home/team-2/robot_ws/install/robot_interface/share/robot_interface/cmake/export_robot_interface__rosidl_typesupport_fastrtps_cppExport-noconfig.cmake
[0.578s] -- Up-to-date: /home/team-2/robot_ws/install/robot_interface/share/robot_interface/cmake/robot_interface__rosidl_typesupport_introspection_cppExport.cmake
[0.578s] -- Up-to-date: /home/team-2/robot_ws/install/robot_interface/share/robot_interface/cmake/robot_interface__rosidl_typesupport_introspection_cppExport-noconfig.cmake
[0.578s] -- Up-to-date: /home/team-2/robot_ws/install/robot_interface/share/robot_interface/cmake/robot_interface__rosidl_typesupport_cppExport.cmake
[0.578s] -- Up-to-date: /home/team-2/robot_ws/install/robot_interface/share/robot_interface/cmake/robot_interface__rosidl_typesupport_cppExport-noconfig.cmake
[0.578s] -- Up-to-date: /home/team-2/robot_ws/install/robot_interface/share/robot_interface/cmake/export_robot_interface__rosidl_generator_pyExport.cmake
[0.578s] -- Up-to-date: /home/team-2/robot_ws/install/robot_interface/share/robot_interface/cmake/export_robot_interface__rosidl_generator_pyExport-noconfig.cmake
[0.578s] -- Up-to-date: /home/team-2/robot_ws/install/robot_interface/share/robot_interface/cmake/rosidl_cmake-extras.cmake
[0.579s] -- Up-to-date: /home/team-2/robot_ws/install/robot_interface/share/robot_interface/cmake/ament_cmake_export_include_directories-extras.cmake
[0.579s] -- Up-to-date: /home/team-2/robot_ws/install/robot_interface/share/robot_interface/cmake/ament_cmake_export_libraries-extras.cmake
[0.579s] -- Up-to-date: /home/team-2/robot_ws/install/robot_interface/share/robot_interface/cmake/ament_cmake_export_targets-extras.cmake
[0.579s] -- Up-to-date: /home/team-2/robot_ws/install/robot_interface/share/robot_interface/cmake/rosidl_cmake_export_typesupport_targets-extras.cmake
[0.579s] -- Up-to-date: /home/team-2/robot_ws/install/robot_interface/share/robot_interface/cmake/ament_cmake_export_dependencies-extras.cmake
[0.579s] -- Up-to-date: /home/team-2/robot_ws/install/robot_interface/share/robot_interface/cmake/rosidl_cmake_export_typesupport_libraries-extras.cmake
[0.579s] -- Up-to-date: /home/team-2/robot_ws/install/robot_interface/share/robot_interface/cmake/robot_interfaceConfig.cmake
[0.580s] -- Up-to-date: /home/team-2/robot_ws/install/robot_interface/share/robot_interface/cmake/robot_interfaceConfig-version.cmake
[0.580s] -- Up-to-date: /home/team-2/robot_ws/install/robot_interface/share/robot_interface/package.xml
[0.581s] Invoked command in '/home/team-2/robot_ws/build/robot_interface' returned '0': CMAKE_PREFIX_PATH=/opt/ros/humble /usr/bin/cmake --install /home/team-2/robot_ws/build/robot_interface
