[0.072s] Invoking command in '/home/team-2/robot_ws/build/robot_interface': CMAKE_PREFIX_PATH=${CMAKE_PREFIX_PATH}:/home/team-2/robot_ws/install/robot:/opt/ros/humble /usr/bin/cmake --build /home/team-2/robot_ws/build/robot_interface -- -j4 -l4
[0.115s] [35m[1mConsolidate compiler generated dependencies of target robot_interface__rosidl_generator_c[0m
[0.128s] [  9%] Built target robot_interface__rosidl_generator_c
[0.130s] [ 12%] Built target robot_interface__cpp
[0.139s] [ 12%] Built target ament_cmake_python_copy_robot_interface
[0.143s] [35m[1mConsolidate compiler generated dependencies of target robot_interface__rosidl_typesupport_fastrtps_c[0m
[0.144s] [35m[1mConsolidate compiler generated dependencies of target robot_interface__rosidl_typesupport_c[0m
[0.148s] [35m[1mConsolidate compiler generated dependencies of target robot_interface__rosidl_typesupport_introspection_c[0m
[0.155s] [35m[1mConsolidate compiler generated dependencies of target robot_interface__rosidl_typesupport_fastrtps_cpp[0m
[0.161s] [ 22%] Built target robot_interface__rosidl_typesupport_c
[0.167s] [ 32%] Built target robot_interface__rosidl_typesupport_introspection_c
[0.171s] [ 41%] Built target robot_interface__rosidl_typesupport_fastrtps_c
[0.177s] [35m[1mConsolidate compiler generated dependencies of target robot_interface__rosidl_typesupport_introspection_cpp[0m
[0.187s] [35m[1mConsolidate compiler generated dependencies of target robot_interface__rosidl_typesupport_cpp[0m
[0.192s] [ 51%] Built target robot_interface__rosidl_typesupport_fastrtps_cpp
[0.198s] [ 61%] Built target robot_interface__rosidl_typesupport_introspection_cpp
[0.204s] [ 70%] Built target robot_interface__rosidl_typesupport_cpp
[0.224s] [ 70%] Built target robot_interface
[0.244s] [ 74%] Built target robot_interface__py
[0.255s] [35m[1mConsolidate compiler generated dependencies of target robot_interface__rosidl_generator_py[0m
[0.270s] [ 80%] Built target robot_interface__rosidl_generator_py
[0.283s] [35m[1mConsolidate compiler generated dependencies of target robot_interface__rosidl_typesupport_introspection_c__pyext[0m
[0.284s] [35m[1mConsolidate compiler generated dependencies of target robot_interface__rosidl_typesupport_c__pyext[0m
[0.284s] [35m[1mConsolidate compiler generated dependencies of target robot_interface__rosidl_typesupport_fastrtps_c__pyext[0m
[0.303s] [ 93%] Built target robot_interface__rosidl_typesupport_fastrtps_c__pyext
[0.304s] [ 93%] Built target robot_interface__rosidl_typesupport_c__pyext
[0.320s] [100%] Built target robot_interface__rosidl_typesupport_introspection_c__pyext
[0.455s] running egg_info
[0.456s] writing robot_interface.egg-info/PKG-INFO
[0.456s] writing dependency_links to robot_interface.egg-info/dependency_links.txt
[0.456s] writing top-level names to robot_interface.egg-info/top_level.txt
[0.459s] reading manifest file 'robot_interface.egg-info/SOURCES.txt'
[0.460s] writing manifest file 'robot_interface.egg-info/SOURCES.txt'
[0.485s] [100%] Built target ament_cmake_python_build_robot_interface_egg
[0.496s] Invoked command in '/home/team-2/robot_ws/build/robot_interface' returned '0': CMAKE_PREFIX_PATH=${CMAKE_PREFIX_PATH}:/home/team-2/robot_ws/install/robot:/opt/ros/humble /usr/bin/cmake --build /home/team-2/robot_ws/build/robot_interface -- -j4 -l4
[0.565s] Invoking command in '/home/team-2/robot_ws/build/robot_interface': CMAKE_PREFIX_PATH=${CMAKE_PREFIX_PATH}:/home/team-2/robot_ws/install/robot:/opt/ros/humble /usr/bin/cmake --install /home/team-2/robot_ws/build/robot_interface
[0.572s] -- Install configuration: ""
[0.573s] -- Up-to-date: /home/team-2/robot_ws/install/robot_interface/share/ament_index/resource_index/rosidl_interfaces/robot_interface
[0.573s] -- Up-to-date: /home/team-2/robot_ws/install/robot_interface/include/robot_interface/robot_interface
[0.573s] -- Up-to-date: /home/team-2/robot_ws/install/robot_interface/include/robot_interface/robot_interface/msg
[0.573s] -- Up-to-date: /home/team-2/robot_ws/install/robot_interface/include/robot_interface/robot_interface/msg/detail
[0.573s] -- Up-to-date: /home/team-2/robot_ws/install/robot_interface/include/robot_interface/robot_interface/msg/detail/drive_cmd__functions.h
[0.573s] -- Up-to-date: /home/team-2/robot_ws/install/robot_interface/include/robot_interface/robot_interface/msg/detail/drive_cmd__type_support.h
[0.573s] -- Up-to-date: /home/team-2/robot_ws/install/robot_interface/include/robot_interface/robot_interface/msg/detail/drive_cmd__functions.c
[0.574s] -- Up-to-date: /home/team-2/robot_ws/install/robot_interface/include/robot_interface/robot_interface/msg/detail/drive_cmd__struct.h
[0.574s] -- Up-to-date: /home/team-2/robot_ws/install/robot_interface/include/robot_interface/robot_interface/msg/rosidl_generator_c__visibility_control.h
[0.574s] -- Up-to-date: /home/team-2/robot_ws/install/robot_interface/include/robot_interface/robot_interface/msg/drive_cmd.h
[0.574s] -- Up-to-date: /home/team-2/robot_ws/install/robot_interface/share/robot_interface/environment/library_path.sh
[0.574s] -- Up-to-date: /home/team-2/robot_ws/install/robot_interface/share/robot_interface/environment/library_path.dsv
[0.574s] -- Up-to-date: /home/team-2/robot_ws/install/robot_interface/lib/librobot_interface__rosidl_generator_c.so
[0.574s] -- Up-to-date: /home/team-2/robot_ws/install/robot_interface/include/robot_interface/robot_interface
[0.575s] -- Up-to-date: /home/team-2/robot_ws/install/robot_interface/include/robot_interface/robot_interface/msg
[0.575s] -- Up-to-date: /home/team-2/robot_ws/install/robot_interface/include/robot_interface/robot_interface/msg/rosidl_typesupport_fastrtps_c__visibility_control.h
[0.575s] -- Up-to-date: /home/team-2/robot_ws/install/robot_interface/include/robot_interface/robot_interface/msg/detail
[0.575s] -- Up-to-date: /home/team-2/robot_ws/install/robot_interface/include/robot_interface/robot_interface/msg/detail/drive_cmd__rosidl_typesupport_fastrtps_c.h
[0.575s] -- Up-to-date: /home/team-2/robot_ws/install/robot_interface/lib/librobot_interface__rosidl_typesupport_fastrtps_c.so
[0.575s] -- Up-to-date: /home/team-2/robot_ws/install/robot_interface/include/robot_interface/robot_interface
[0.575s] -- Up-to-date: /home/team-2/robot_ws/install/robot_interface/include/robot_interface/robot_interface/msg
[0.575s] -- Up-to-date: /home/team-2/robot_ws/install/robot_interface/include/robot_interface/robot_interface/msg/rosidl_typesupport_introspection_c__visibility_control.h
[0.576s] -- Up-to-date: /home/team-2/robot_ws/install/robot_interface/include/robot_interface/robot_interface/msg/detail
[0.576s] -- Up-to-date: /home/team-2/robot_ws/install/robot_interface/include/robot_interface/robot_interface/msg/detail/drive_cmd__type_support.c
[0.576s] -- Up-to-date: /home/team-2/robot_ws/install/robot_interface/include/robot_interface/robot_interface/msg/detail/drive_cmd__rosidl_typesupport_introspection_c.h
[0.576s] -- Up-to-date: /home/team-2/robot_ws/install/robot_interface/lib/librobot_interface__rosidl_typesupport_introspection_c.so
[0.576s] -- Up-to-date: /home/team-2/robot_ws/install/robot_interface/lib/librobot_interface__rosidl_typesupport_c.so
[0.576s] -- Up-to-date: /home/team-2/robot_ws/install/robot_interface/include/robot_interface/robot_interface
[0.576s] -- Up-to-date: /home/team-2/robot_ws/install/robot_interface/include/robot_interface/robot_interface/msg
[0.576s] -- Up-to-date: /home/team-2/robot_ws/install/robot_interface/include/robot_interface/robot_interface/msg/drive_cmd.hpp
[0.577s] -- Up-to-date: /home/team-2/robot_ws/install/robot_interface/include/robot_interface/robot_interface/msg/detail
[0.577s] -- Up-to-date: /home/team-2/robot_ws/install/robot_interface/include/robot_interface/robot_interface/msg/detail/drive_cmd__struct.hpp
[0.577s] -- Up-to-date: /home/team-2/robot_ws/install/robot_interface/include/robot_interface/robot_interface/msg/detail/drive_cmd__traits.hpp
[0.577s] -- Up-to-date: /home/team-2/robot_ws/install/robot_interface/include/robot_interface/robot_interface/msg/detail/drive_cmd__builder.hpp
[0.577s] -- Up-to-date: /home/team-2/robot_ws/install/robot_interface/include/robot_interface/robot_interface
[0.577s] -- Up-to-date: /home/team-2/robot_ws/install/robot_interface/include/robot_interface/robot_interface/msg
[0.577s] -- Up-to-date: /home/team-2/robot_ws/install/robot_interface/include/robot_interface/robot_interface/msg/detail
[0.577s] -- Up-to-date: /home/team-2/robot_ws/install/robot_interface/include/robot_interface/robot_interface/msg/detail/dds_fastrtps
[0.578s] -- Up-to-date: /home/team-2/robot_ws/install/robot_interface/include/robot_interface/robot_interface/msg/detail/drive_cmd__rosidl_typesupport_fastrtps_cpp.hpp
[0.578s] -- Up-to-date: /home/team-2/robot_ws/install/robot_interface/include/robot_interface/robot_interface/msg/rosidl_typesupport_fastrtps_cpp__visibility_control.h
[0.578s] -- Up-to-date: /home/team-2/robot_ws/install/robot_interface/lib/librobot_interface__rosidl_typesupport_fastrtps_cpp.so
[0.578s] -- Up-to-date: /home/team-2/robot_ws/install/robot_interface/include/robot_interface/robot_interface
[0.578s] -- Up-to-date: /home/team-2/robot_ws/install/robot_interface/include/robot_interface/robot_interface/msg
[0.578s] -- Up-to-date: /home/team-2/robot_ws/install/robot_interface/include/robot_interface/robot_interface/msg/detail
[0.578s] -- Up-to-date: /home/team-2/robot_ws/install/robot_interface/include/robot_interface/robot_interface/msg/detail/drive_cmd__type_support.cpp
[0.579s] -- Up-to-date: /home/team-2/robot_ws/install/robot_interface/include/robot_interface/robot_interface/msg/detail/drive_cmd__rosidl_typesupport_introspection_cpp.hpp
[0.579s] -- Up-to-date: /home/team-2/robot_ws/install/robot_interface/lib/librobot_interface__rosidl_typesupport_introspection_cpp.so
[0.579s] -- Up-to-date: /home/team-2/robot_ws/install/robot_interface/lib/librobot_interface__rosidl_typesupport_cpp.so
[0.579s] -- Up-to-date: /home/team-2/robot_ws/install/robot_interface/share/robot_interface/environment/pythonpath.sh
[0.579s] -- Up-to-date: /home/team-2/robot_ws/install/robot_interface/share/robot_interface/environment/pythonpath.dsv
[0.579s] -- Up-to-date: /home/team-2/robot_ws/install/robot_interface/local/lib/python3.10/dist-packages/robot_interface-0.0.0-py3.10.egg-info
[0.579s] -- Installing: /home/team-2/robot_ws/install/robot_interface/local/lib/python3.10/dist-packages/robot_interface-0.0.0-py3.10.egg-info/PKG-INFO
[0.579s] -- Installing: /home/team-2/robot_ws/install/robot_interface/local/lib/python3.10/dist-packages/robot_interface-0.0.0-py3.10.egg-info/SOURCES.txt
[0.579s] -- Installing: /home/team-2/robot_ws/install/robot_interface/local/lib/python3.10/dist-packages/robot_interface-0.0.0-py3.10.egg-info/dependency_links.txt
[0.579s] -- Installing: /home/team-2/robot_ws/install/robot_interface/local/lib/python3.10/dist-packages/robot_interface-0.0.0-py3.10.egg-info/top_level.txt
[0.580s] -- Up-to-date: /home/team-2/robot_ws/install/robot_interface/local/lib/python3.10/dist-packages/robot_interface
[0.580s] -- Up-to-date: /home/team-2/robot_ws/install/robot_interface/local/lib/python3.10/dist-packages/robot_interface/_robot_interface_s.ep.rosidl_typesupport_c.c
[0.580s] -- Up-to-date: /home/team-2/robot_ws/install/robot_interface/local/lib/python3.10/dist-packages/robot_interface/robot_interface_s__rosidl_typesupport_introspection_c.cpython-310-x86_64-linux-gnu.so
[0.580s] -- Up-to-date: /home/team-2/robot_ws/install/robot_interface/local/lib/python3.10/dist-packages/robot_interface/_robot_interface_s.ep.rosidl_typesupport_fastrtps_c.c
[0.580s] -- Up-to-date: /home/team-2/robot_ws/install/robot_interface/local/lib/python3.10/dist-packages/robot_interface/msg
[0.580s] -- Up-to-date: /home/team-2/robot_ws/install/robot_interface/local/lib/python3.10/dist-packages/robot_interface/msg/_drive_cmd_s.c
[0.580s] -- Up-to-date: /home/team-2/robot_ws/install/robot_interface/local/lib/python3.10/dist-packages/robot_interface/msg/_drive_cmd.py
[0.580s] -- Up-to-date: /home/team-2/robot_ws/install/robot_interface/local/lib/python3.10/dist-packages/robot_interface/msg/__init__.py
[0.580s] -- Up-to-date: /home/team-2/robot_ws/install/robot_interface/local/lib/python3.10/dist-packages/robot_interface/__init__.py
[0.580s] -- Up-to-date: /home/team-2/robot_ws/install/robot_interface/local/lib/python3.10/dist-packages/robot_interface/_robot_interface_s.ep.rosidl_typesupport_introspection_c.c
[0.581s] -- Up-to-date: /home/team-2/robot_ws/install/robot_interface/local/lib/python3.10/dist-packages/robot_interface/librobot_interface__rosidl_generator_py.so
[0.581s] -- Up-to-date: /home/team-2/robot_ws/install/robot_interface/local/lib/python3.10/dist-packages/robot_interface/robot_interface_s__rosidl_typesupport_c.cpython-310-x86_64-linux-gnu.so
[0.581s] -- Up-to-date: /home/team-2/robot_ws/install/robot_interface/local/lib/python3.10/dist-packages/robot_interface/robot_interface_s__rosidl_typesupport_fastrtps_c.cpython-310-x86_64-linux-gnu.so
[0.609s] Listing '/home/team-2/robot_ws/install/robot_interface/local/lib/python3.10/dist-packages/robot_interface'...
[0.609s] Listing '/home/team-2/robot_ws/install/robot_interface/local/lib/python3.10/dist-packages/robot_interface/msg'...
[0.614s] -- Up-to-date: /home/team-2/robot_ws/install/robot_interface/local/lib/python3.10/dist-packages/robot_interface/robot_interface_s__rosidl_typesupport_fastrtps_c.cpython-310-x86_64-linux-gnu.so
[0.614s] -- Up-to-date: /home/team-2/robot_ws/install/robot_interface/local/lib/python3.10/dist-packages/robot_interface/robot_interface_s__rosidl_typesupport_introspection_c.cpython-310-x86_64-linux-gnu.so
[0.614s] -- Up-to-date: /home/team-2/robot_ws/install/robot_interface/local/lib/python3.10/dist-packages/robot_interface/robot_interface_s__rosidl_typesupport_c.cpython-310-x86_64-linux-gnu.so
[0.615s] -- Up-to-date: /home/team-2/robot_ws/install/robot_interface/lib/librobot_interface__rosidl_generator_py.so
[0.615s] -- Up-to-date: /home/team-2/robot_ws/install/robot_interface/share/robot_interface/msg/DriveCmd.idl
[0.615s] -- Up-to-date: /home/team-2/robot_ws/install/robot_interface/share/robot_interface/msg/DriveCmd.msg
[0.615s] -- Up-to-date: /home/team-2/robot_ws/install/robot_interface/share/ament_index/resource_index/package_run_dependencies/robot_interface
[0.616s] -- Up-to-date: /home/team-2/robot_ws/install/robot_interface/share/ament_index/resource_index/parent_prefix_path/robot_interface
[0.616s] -- Up-to-date: /home/team-2/robot_ws/install/robot_interface/share/robot_interface/environment/ament_prefix_path.sh
[0.616s] -- Up-to-date: /home/team-2/robot_ws/install/robot_interface/share/robot_interface/environment/ament_prefix_path.dsv
[0.616s] -- Up-to-date: /home/team-2/robot_ws/install/robot_interface/share/robot_interface/environment/path.sh
[0.616s] -- Up-to-date: /home/team-2/robot_ws/install/robot_interface/share/robot_interface/environment/path.dsv
[0.616s] -- Up-to-date: /home/team-2/robot_ws/install/robot_interface/share/robot_interface/local_setup.bash
[0.616s] -- Up-to-date: /home/team-2/robot_ws/install/robot_interface/share/robot_interface/local_setup.sh
[0.617s] -- Up-to-date: /home/team-2/robot_ws/install/robot_interface/share/robot_interface/local_setup.zsh
[0.617s] -- Up-to-date: /home/team-2/robot_ws/install/robot_interface/share/robot_interface/local_setup.dsv
[0.617s] -- Installing: /home/team-2/robot_ws/install/robot_interface/share/robot_interface/package.dsv
[0.617s] -- Up-to-date: /home/team-2/robot_ws/install/robot_interface/share/ament_index/resource_index/packages/robot_interface
[0.617s] -- Up-to-date: /home/team-2/robot_ws/install/robot_interface/share/robot_interface/cmake/export_robot_interface__rosidl_generator_cExport.cmake
[0.617s] -- Up-to-date: /home/team-2/robot_ws/install/robot_interface/share/robot_interface/cmake/export_robot_interface__rosidl_generator_cExport-noconfig.cmake
[0.618s] -- Up-to-date: /home/team-2/robot_ws/install/robot_interface/share/robot_interface/cmake/export_robot_interface__rosidl_typesupport_fastrtps_cExport.cmake
[0.618s] -- Up-to-date: /home/team-2/robot_ws/install/robot_interface/share/robot_interface/cmake/export_robot_interface__rosidl_typesupport_fastrtps_cExport-noconfig.cmake
[0.618s] -- Up-to-date: /home/team-2/robot_ws/install/robot_interface/share/robot_interface/cmake/robot_interface__rosidl_typesupport_introspection_cExport.cmake
[0.618s] -- Up-to-date: /home/team-2/robot_ws/install/robot_interface/share/robot_interface/cmake/robot_interface__rosidl_typesupport_introspection_cExport-noconfig.cmake
[0.618s] -- Up-to-date: /home/team-2/robot_ws/install/robot_interface/share/robot_interface/cmake/robot_interface__rosidl_typesupport_cExport.cmake
[0.618s] -- Up-to-date: /home/team-2/robot_ws/install/robot_interface/share/robot_interface/cmake/robot_interface__rosidl_typesupport_cExport-noconfig.cmake
[0.619s] -- Up-to-date: /home/team-2/robot_ws/install/robot_interface/share/robot_interface/cmake/export_robot_interface__rosidl_generator_cppExport.cmake
[0.619s] -- Up-to-date: /home/team-2/robot_ws/install/robot_interface/share/robot_interface/cmake/export_robot_interface__rosidl_typesupport_fastrtps_cppExport.cmake
[0.619s] -- Up-to-date: /home/team-2/robot_ws/install/robot_interface/share/robot_interface/cmake/export_robot_interface__rosidl_typesupport_fastrtps_cppExport-noconfig.cmake
[0.619s] -- Up-to-date: /home/team-2/robot_ws/install/robot_interface/share/robot_interface/cmake/robot_interface__rosidl_typesupport_introspection_cppExport.cmake
[0.619s] -- Up-to-date: /home/team-2/robot_ws/install/robot_interface/share/robot_interface/cmake/robot_interface__rosidl_typesupport_introspection_cppExport-noconfig.cmake
[0.619s] -- Up-to-date: /home/team-2/robot_ws/install/robot_interface/share/robot_interface/cmake/robot_interface__rosidl_typesupport_cppExport.cmake
[0.619s] -- Up-to-date: /home/team-2/robot_ws/install/robot_interface/share/robot_interface/cmake/robot_interface__rosidl_typesupport_cppExport-noconfig.cmake
[0.620s] -- Up-to-date: /home/team-2/robot_ws/install/robot_interface/share/robot_interface/cmake/export_robot_interface__rosidl_generator_pyExport.cmake
[0.620s] -- Up-to-date: /home/team-2/robot_ws/install/robot_interface/share/robot_interface/cmake/export_robot_interface__rosidl_generator_pyExport-noconfig.cmake
[0.620s] -- Up-to-date: /home/team-2/robot_ws/install/robot_interface/share/robot_interface/cmake/rosidl_cmake-extras.cmake
[0.620s] -- Up-to-date: /home/team-2/robot_ws/install/robot_interface/share/robot_interface/cmake/ament_cmake_export_include_directories-extras.cmake
[0.620s] -- Up-to-date: /home/team-2/robot_ws/install/robot_interface/share/robot_interface/cmake/ament_cmake_export_libraries-extras.cmake
[0.620s] -- Up-to-date: /home/team-2/robot_ws/install/robot_interface/share/robot_interface/cmake/ament_cmake_export_targets-extras.cmake
[0.620s] -- Up-to-date: /home/team-2/robot_ws/install/robot_interface/share/robot_interface/cmake/rosidl_cmake_export_typesupport_targets-extras.cmake
[0.620s] -- Up-to-date: /home/team-2/robot_ws/install/robot_interface/share/robot_interface/cmake/ament_cmake_export_dependencies-extras.cmake
[0.621s] -- Up-to-date: /home/team-2/robot_ws/install/robot_interface/share/robot_interface/cmake/rosidl_cmake_export_typesupport_libraries-extras.cmake
[0.621s] -- Up-to-date: /home/team-2/robot_ws/install/robot_interface/share/robot_interface/cmake/robot_interfaceConfig.cmake
[0.621s] -- Up-to-date: /home/team-2/robot_ws/install/robot_interface/share/robot_interface/cmake/robot_interfaceConfig-version.cmake
[0.622s] -- Up-to-date: /home/team-2/robot_ws/install/robot_interface/share/robot_interface/package.xml
[0.622s] Invoked command in '/home/team-2/robot_ws/build/robot_interface' returned '0': CMAKE_PREFIX_PATH=${CMAKE_PREFIX_PATH}:/home/team-2/robot_ws/install/robot:/opt/ros/humble /usr/bin/cmake --install /home/team-2/robot_ws/build/robot_interface
