[0.768s] Invoking command in '/home/team-2/robot_ws/src/robot': PYTHONPATH=/home/team-2/robot_ws/build/robot/prefix_override:/home/team-2/robot_ws/install/robot/lib/python3.10/site-packages:${PYTHONPATH} /usr/bin/python3 setup.py egg_info --egg-base ../../build/robot build --build-base /home/team-2/robot_ws/build/robot/build install --record /home/team-2/robot_ws/build/robot/install.log --single-version-externally-managed
[1.102s] running egg_info
[1.103s] writing ../../build/robot/robot.egg-info/PKG-INFO
[1.103s] writing dependency_links to ../../build/robot/robot.egg-info/dependency_links.txt
[1.103s] writing entry points to ../../build/robot/robot.egg-info/entry_points.txt
[1.104s] writing requirements to ../../build/robot/robot.egg-info/requires.txt
[1.104s] writing top-level names to ../../build/robot/robot.egg-info/top_level.txt
[1.106s] reading manifest file '../../build/robot/robot.egg-info/SOURCES.txt'
[1.108s] writing manifest file '../../build/robot/robot.egg-info/SOURCES.txt'
[1.108s] running build
[1.108s] running build_py
[1.108s] copying robot/robot.py -> /home/team-2/robot_ws/build/robot/build/lib/robot
[1.109s] running install
[1.109s] /usr/lib/python3/dist-packages/setuptools/command/install.py:34: SetuptoolsDeprecationWarning: setup.py install is deprecated. Use build and pip and other standards-based tools.
[1.109s]   warnings.warn(
[1.109s] running install_lib
[1.111s] copying /home/team-2/robot_ws/build/robot/build/lib/robot/robot.py -> /home/team-2/robot_ws/install/robot/lib/python3.10/site-packages/robot
[1.111s] byte-compiling /home/team-2/robot_ws/install/robot/lib/python3.10/site-packages/robot/robot.py to robot.cpython-310.pyc
[1.112s] running install_data
[1.113s] running install_egg_info
[1.116s] removing '/home/team-2/robot_ws/install/robot/lib/python3.10/site-packages/robot-0.0.0-py3.10.egg-info' (and everything under it)
[1.116s] Copying ../../build/robot/robot.egg-info to /home/team-2/robot_ws/install/robot/lib/python3.10/site-packages/robot-0.0.0-py3.10.egg-info
[1.117s] running install_scripts
[1.147s] Installing kbd_driver script to /home/team-2/robot_ws/install/robot/lib/robot
[1.147s] Installing robot script to /home/team-2/robot_ws/install/robot/lib/robot
[1.148s] writing list of installed files to '/home/team-2/robot_ws/build/robot/install.log'
[1.191s] Invoked command in '/home/team-2/robot_ws/src/robot' returned '0': PYTHONPATH=/home/team-2/robot_ws/build/robot/prefix_override:/home/team-2/robot_ws/install/robot/lib/python3.10/site-packages:${PYTHONPATH} /usr/bin/python3 setup.py egg_info --egg-base ../../build/robot build --build-base /home/team-2/robot_ws/build/robot/build install --record /home/team-2/robot_ws/build/robot/install.log --single-version-externally-managed
