[0.063s] Invoking command in '/home/team-2/robot_ws/build/robot_interface': CMAKE_PREFIX_PATH=/opt/ros/humble /usr/bin/cmake --build /home/team-2/robot_ws/build/robot_interface -- -j4 -l4
[0.141s] [  3%] Built target robot_interface__cpp
[0.145s] [ 12%] Built target robot_interface__rosidl_generator_c
[0.151s] [ 12%] Built target ament_cmake_python_copy_robot_interface
[0.176s] [ 29%] Built target robot_interface__rosidl_typesupport_fastrtps_cpp
[0.177s] [ 35%] Built target robot_interface__rosidl_typesupport_cpp
[0.177s] [ 41%] Built target robot_interface__rosidl_typesupport_introspection_cpp
[0.186s] [ 51%] Built target robot_interface__rosidl_typesupport_fastrtps_c
[0.202s] [ 61%] Built target robot_interface__rosidl_typesupport_c
[0.206s] [ 70%] Built target robot_interface__rosidl_typesupport_introspection_c
[0.226s] [ 70%] Built target robot_interface
[0.246s] [ 74%] Built target robot_interface__py
[0.270s] [ 80%] Built target robot_interface__rosidl_generator_py
[0.300s] [ 87%] Built target robot_interface__rosidl_typesupport_introspection_c__pyext
[0.301s] [ 96%] Built target robot_interface__rosidl_typesupport_c__pyext
[0.301s] [100%] Built target robot_interface__rosidl_typesupport_fastrtps_c__pyext
[0.443s] running egg_info
[0.445s] writing robot_interface.egg-info/PKG-INFO
[0.445s] writing dependency_links to robot_interface.egg-info/dependency_links.txt
[0.445s] writing top-level names to robot_interface.egg-info/top_level.txt
[0.449s] reading manifest file 'robot_interface.egg-info/SOURCES.txt'
[0.450s] writing manifest file 'robot_interface.egg-info/SOURCES.txt'
[0.476s] [100%] Built target ament_cmake_python_build_robot_interface_egg
[0.487s] Invoked command in '/home/team-2/robot_ws/build/robot_interface' returned '0': CMAKE_PREFIX_PATH=/opt/ros/humble /usr/bin/cmake --build /home/team-2/robot_ws/build/robot_interface -- -j4 -l4
[0.552s] Invoking command in '/home/team-2/robot_ws/build/robot_interface': CMAKE_PREFIX_PATH=/opt/ros/humble /usr/bin/cmake --install /home/team-2/robot_ws/build/robot_interface
[0.565s] -- Install configuration: ""
[0.566s] -- Up-to-date: /home/team-2/robot_ws/install/robot_interface/share/ament_index/resource_index/rosidl_interfaces/robot_interface
[0.566s] -- Up-to-date: /home/team-2/robot_ws/install/robot_interface/include/robot_interface/robot_interface
[0.566s] -- Up-to-date: /home/team-2/robot_ws/install/robot_interface/include/robot_interface/robot_interface/msg
[0.566s] -- Up-to-date: /home/team-2/robot_ws/install/robot_interface/include/robot_interface/robot_interface/msg/detail
[0.567s] -- Up-to-date: /home/team-2/robot_ws/install/robot_interface/include/robot_interface/robot_interface/msg/detail/drive_cmd__functions.h
[0.567s] -- Up-to-date: /home/team-2/robot_ws/install/robot_interface/include/robot_interface/robot_interface/msg/detail/drive_cmd__type_support.h
[0.567s] -- Up-to-date: /home/team-2/robot_ws/install/robot_interface/include/robot_interface/robot_interface/msg/detail/drive_cmd__functions.c
[0.567s] -- Up-to-date: /home/team-2/robot_ws/install/robot_interface/include/robot_interface/robot_interface/msg/detail/drive_cmd__struct.h
[0.567s] -- Up-to-date: /home/team-2/robot_ws/install/robot_interface/include/robot_interface/robot_interface/msg/rosidl_generator_c__visibility_control.h
[0.567s] -- Up-to-date: /home/team-2/robot_ws/install/robot_interface/include/robot_interface/robot_interface/msg/drive_cmd.h
[0.567s] -- Up-to-date: /home/team-2/robot_ws/install/robot_interface/share/robot_interface/environment/library_path.sh
[0.567s] -- Up-to-date: /home/team-2/robot_ws/install/robot_interface/share/robot_interface/environment/library_path.dsv
[0.568s] -- Up-to-date: /home/team-2/robot_ws/install/robot_interface/lib/librobot_interface__rosidl_generator_c.so
[0.568s] -- Up-to-date: /home/team-2/robot_ws/install/robot_interface/include/robot_interface/robot_interface
[0.568s] -- Up-to-date: /home/team-2/robot_ws/install/robot_interface/include/robot_interface/robot_interface/msg
[0.568s] -- Up-to-date: /home/team-2/robot_ws/install/robot_interface/include/robot_interface/robot_interface/msg/rosidl_typesupport_fastrtps_c__visibility_control.h
[0.568s] -- Up-to-date: /home/team-2/robot_ws/install/robot_interface/include/robot_interface/robot_interface/msg/detail
[0.569s] -- Up-to-date: /home/team-2/robot_ws/install/robot_interface/include/robot_interface/robot_interface/msg/detail/drive_cmd__rosidl_typesupport_fastrtps_c.h
[0.569s] -- Up-to-date: /home/team-2/robot_ws/install/robot_interface/lib/librobot_interface__rosidl_typesupport_fastrtps_c.so
[0.569s] -- Up-to-date: /home/team-2/robot_ws/install/robot_interface/include/robot_interface/robot_interface
[0.569s] -- Up-to-date: /home/team-2/robot_ws/install/robot_interface/include/robot_interface/robot_interface/msg
[0.569s] -- Up-to-date: /home/team-2/robot_ws/install/robot_interface/include/robot_interface/robot_interface/msg/rosidl_typesupport_introspection_c__visibility_control.h
[0.569s] -- Up-to-date: /home/team-2/robot_ws/install/robot_interface/include/robot_interface/robot_interface/msg/detail
[0.570s] -- Up-to-date: /home/team-2/robot_ws/install/robot_interface/include/robot_interface/robot_interface/msg/detail/drive_cmd__type_support.c
[0.570s] -- Up-to-date: /home/team-2/robot_ws/install/robot_interface/include/robot_interface/robot_interface/msg/detail/drive_cmd__rosidl_typesupport_introspection_c.h
[0.570s] -- Up-to-date: /home/team-2/robot_ws/install/robot_interface/lib/librobot_interface__rosidl_typesupport_introspection_c.so
[0.570s] -- Up-to-date: /home/team-2/robot_ws/install/robot_interface/lib/librobot_interface__rosidl_typesupport_c.so
[0.570s] -- Up-to-date: /home/team-2/robot_ws/install/robot_interface/include/robot_interface/robot_interface
[0.571s] -- Up-to-date: /home/team-2/robot_ws/install/robot_interface/include/robot_interface/robot_interface/msg
[0.572s] -- Up-to-date: /home/team-2/robot_ws/install/robot_interface/include/robot_interface/robot_interface/msg/drive_cmd.hpp
[0.572s] -- Up-to-date: /home/team-2/robot_ws/install/robot_interface/include/robot_interface/robot_interface/msg/detail
[0.572s] -- Up-to-date: /home/team-2/robot_ws/install/robot_interface/include/robot_interface/robot_interface/msg/detail/drive_cmd__struct.hpp
[0.572s] -- Up-to-date: /home/team-2/robot_ws/install/robot_interface/include/robot_interface/robot_interface/msg/detail/drive_cmd__traits.hpp
[0.572s] -- Up-to-date: /home/team-2/robot_ws/install/robot_interface/include/robot_interface/robot_interface/msg/detail/drive_cmd__builder.hpp
[0.572s] -- Up-to-date: /home/team-2/robot_ws/install/robot_interface/include/robot_interface/robot_interface
[0.572s] -- Up-to-date: /home/team-2/robot_ws/install/robot_interface/include/robot_interface/robot_interface/msg
[0.572s] -- Up-to-date: /home/team-2/robot_ws/install/robot_interface/include/robot_interface/robot_interface/msg/detail
[0.573s] -- Up-to-date: /home/team-2/robot_ws/install/robot_interface/include/robot_interface/robot_interface/msg/detail/dds_fastrtps
[0.573s] -- Up-to-date: /home/team-2/robot_ws/install/robot_interface/include/robot_interface/robot_interface/msg/detail/drive_cmd__rosidl_typesupport_fastrtps_cpp.hpp
[0.573s] -- Up-to-date: /home/team-2/robot_ws/install/robot_interface/include/robot_interface/robot_interface/msg/rosidl_typesupport_fastrtps_cpp__visibility_control.h
[0.573s] -- Up-to-date: /home/team-2/robot_ws/install/robot_interface/lib/librobot_interface__rosidl_typesupport_fastrtps_cpp.so
[0.573s] -- Up-to-date: /home/team-2/robot_ws/install/robot_interface/include/robot_interface/robot_interface
[0.573s] -- Up-to-date: /home/team-2/robot_ws/install/robot_interface/include/robot_interface/robot_interface/msg
[0.573s] -- Up-to-date: /home/team-2/robot_ws/install/robot_interface/include/robot_interface/robot_interface/msg/detail
[0.573s] -- Up-to-date: /home/team-2/robot_ws/install/robot_interface/include/robot_interface/robot_interface/msg/detail/drive_cmd__type_support.cpp
[0.573s] -- Up-to-date: /home/team-2/robot_ws/install/robot_interface/include/robot_interface/robot_interface/msg/detail/drive_cmd__rosidl_typesupport_introspection_cpp.hpp
[0.574s] -- Up-to-date: /home/team-2/robot_ws/install/robot_interface/lib/librobot_interface__rosidl_typesupport_introspection_cpp.so
[0.574s] -- Up-to-date: /home/team-2/robot_ws/install/robot_interface/lib/librobot_interface__rosidl_typesupport_cpp.so
[0.574s] -- Up-to-date: /home/team-2/robot_ws/install/robot_interface/share/robot_interface/environment/pythonpath.sh
[0.574s] -- Up-to-date: /home/team-2/robot_ws/install/robot_interface/share/robot_interface/environment/pythonpath.dsv
[0.574s] -- Up-to-date: /home/team-2/robot_ws/install/robot_interface/local/lib/python3.10/dist-packages/robot_interface-0.0.0-py3.10.egg-info
[0.574s] -- Installing: /home/team-2/robot_ws/install/robot_interface/local/lib/python3.10/dist-packages/robot_interface-0.0.0-py3.10.egg-info/PKG-INFO
[0.574s] -- Installing: /home/team-2/robot_ws/install/robot_interface/local/lib/python3.10/dist-packages/robot_interface-0.0.0-py3.10.egg-info/SOURCES.txt
[0.575s] -- Installing: /home/team-2/robot_ws/install/robot_interface/local/lib/python3.10/dist-packages/robot_interface-0.0.0-py3.10.egg-info/dependency_links.txt
[0.575s] -- Installing: /home/team-2/robot_ws/install/robot_interface/local/lib/python3.10/dist-packages/robot_interface-0.0.0-py3.10.egg-info/top_level.txt
[0.575s] -- Up-to-date: /home/team-2/robot_ws/install/robot_interface/local/lib/python3.10/dist-packages/robot_interface
[0.575s] -- Up-to-date: /home/team-2/robot_ws/install/robot_interface/local/lib/python3.10/dist-packages/robot_interface/_robot_interface_s.ep.rosidl_typesupport_c.c
[0.576s] -- Up-to-date: /home/team-2/robot_ws/install/robot_interface/local/lib/python3.10/dist-packages/robot_interface/robot_interface_s__rosidl_typesupport_introspection_c.cpython-310-x86_64-linux-gnu.so
[0.576s] -- Up-to-date: /home/team-2/robot_ws/install/robot_interface/local/lib/python3.10/dist-packages/robot_interface/_robot_interface_s.ep.rosidl_typesupport_fastrtps_c.c
[0.576s] -- Up-to-date: /home/team-2/robot_ws/install/robot_interface/local/lib/python3.10/dist-packages/robot_interface/msg
[0.576s] -- Up-to-date: /home/team-2/robot_ws/install/robot_interface/local/lib/python3.10/dist-packages/robot_interface/msg/_drive_cmd_s.c
[0.576s] -- Up-to-date: /home/team-2/robot_ws/install/robot_interface/local/lib/python3.10/dist-packages/robot_interface/msg/_drive_cmd.py
[0.576s] -- Up-to-date: /home/team-2/robot_ws/install/robot_interface/local/lib/python3.10/dist-packages/robot_interface/msg/__init__.py
[0.576s] -- Up-to-date: /home/team-2/robot_ws/install/robot_interface/local/lib/python3.10/dist-packages/robot_interface/__init__.py
[0.576s] -- Up-to-date: /home/team-2/robot_ws/install/robot_interface/local/lib/python3.10/dist-packages/robot_interface/_robot_interface_s.ep.rosidl_typesupport_introspection_c.c
[0.577s] -- Up-to-date: /home/team-2/robot_ws/install/robot_interface/local/lib/python3.10/dist-packages/robot_interface/librobot_interface__rosidl_generator_py.so
[0.577s] -- Up-to-date: /home/team-2/robot_ws/install/robot_interface/local/lib/python3.10/dist-packages/robot_interface/robot_interface_s__rosidl_typesupport_c.cpython-310-x86_64-linux-gnu.so
[0.577s] -- Up-to-date: /home/team-2/robot_ws/install/robot_interface/local/lib/python3.10/dist-packages/robot_interface/robot_interface_s__rosidl_typesupport_fastrtps_c.cpython-310-x86_64-linux-gnu.so
[0.607s] Listing '/home/team-2/robot_ws/install/robot_interface/local/lib/python3.10/dist-packages/robot_interface'...
[0.607s] Listing '/home/team-2/robot_ws/install/robot_interface/local/lib/python3.10/dist-packages/robot_interface/msg'...
[0.612s] -- Up-to-date: /home/team-2/robot_ws/install/robot_interface/local/lib/python3.10/dist-packages/robot_interface/robot_interface_s__rosidl_typesupport_fastrtps_c.cpython-310-x86_64-linux-gnu.so
[0.612s] -- Up-to-date: /home/team-2/robot_ws/install/robot_interface/local/lib/python3.10/dist-packages/robot_interface/robot_interface_s__rosidl_typesupport_introspection_c.cpython-310-x86_64-linux-gnu.so
[0.612s] -- Up-to-date: /home/team-2/robot_ws/install/robot_interface/local/lib/python3.10/dist-packages/robot_interface/robot_interface_s__rosidl_typesupport_c.cpython-310-x86_64-linux-gnu.so
[0.613s] -- Up-to-date: /home/team-2/robot_ws/install/robot_interface/lib/librobot_interface__rosidl_generator_py.so
[0.613s] -- Up-to-date: /home/team-2/robot_ws/install/robot_interface/share/robot_interface/msg/DriveCmd.idl
[0.613s] -- Up-to-date: /home/team-2/robot_ws/install/robot_interface/share/robot_interface/msg/DriveCmd.msg
[0.614s] -- Up-to-date: /home/team-2/robot_ws/install/robot_interface/share/ament_index/resource_index/package_run_dependencies/robot_interface
[0.614s] -- Up-to-date: /home/team-2/robot_ws/install/robot_interface/share/ament_index/resource_index/parent_prefix_path/robot_interface
[0.614s] -- Up-to-date: /home/team-2/robot_ws/install/robot_interface/share/robot_interface/environment/ament_prefix_path.sh
[0.614s] -- Up-to-date: /home/team-2/robot_ws/install/robot_interface/share/robot_interface/environment/ament_prefix_path.dsv
[0.614s] -- Up-to-date: /home/team-2/robot_ws/install/robot_interface/share/robot_interface/environment/path.sh
[0.615s] -- Up-to-date: /home/team-2/robot_ws/install/robot_interface/share/robot_interface/environment/path.dsv
[0.615s] -- Up-to-date: /home/team-2/robot_ws/install/robot_interface/share/robot_interface/local_setup.bash
[0.615s] -- Up-to-date: /home/team-2/robot_ws/install/robot_interface/share/robot_interface/local_setup.sh
[0.615s] -- Up-to-date: /home/team-2/robot_ws/install/robot_interface/share/robot_interface/local_setup.zsh
[0.615s] -- Up-to-date: /home/team-2/robot_ws/install/robot_interface/share/robot_interface/local_setup.dsv
[0.615s] -- Installing: /home/team-2/robot_ws/install/robot_interface/share/robot_interface/package.dsv
[0.615s] -- Up-to-date: /home/team-2/robot_ws/install/robot_interface/share/ament_index/resource_index/packages/robot_interface
[0.616s] -- Up-to-date: /home/team-2/robot_ws/install/robot_interface/share/robot_interface/cmake/export_robot_interface__rosidl_generator_cExport.cmake
[0.616s] -- Up-to-date: /home/team-2/robot_ws/install/robot_interface/share/robot_interface/cmake/export_robot_interface__rosidl_generator_cExport-noconfig.cmake
[0.616s] -- Up-to-date: /home/team-2/robot_ws/install/robot_interface/share/robot_interface/cmake/export_robot_interface__rosidl_typesupport_fastrtps_cExport.cmake
[0.617s] -- Up-to-date: /home/team-2/robot_ws/install/robot_interface/share/robot_interface/cmake/export_robot_interface__rosidl_typesupport_fastrtps_cExport-noconfig.cmake
[0.617s] -- Up-to-date: /home/team-2/robot_ws/install/robot_interface/share/robot_interface/cmake/robot_interface__rosidl_typesupport_introspection_cExport.cmake
[0.617s] -- Up-to-date: /home/team-2/robot_ws/install/robot_interface/share/robot_interface/cmake/robot_interface__rosidl_typesupport_introspection_cExport-noconfig.cmake
[0.617s] -- Up-to-date: /home/team-2/robot_ws/install/robot_interface/share/robot_interface/cmake/robot_interface__rosidl_typesupport_cExport.cmake
[0.617s] -- Up-to-date: /home/team-2/robot_ws/install/robot_interface/share/robot_interface/cmake/robot_interface__rosidl_typesupport_cExport-noconfig.cmake
[0.618s] -- Up-to-date: /home/team-2/robot_ws/install/robot_interface/share/robot_interface/cmake/export_robot_interface__rosidl_generator_cppExport.cmake
[0.618s] -- Up-to-date: /home/team-2/robot_ws/install/robot_interface/share/robot_interface/cmake/export_robot_interface__rosidl_typesupport_fastrtps_cppExport.cmake
[0.618s] -- Up-to-date: /home/team-2/robot_ws/install/robot_interface/share/robot_interface/cmake/export_robot_interface__rosidl_typesupport_fastrtps_cppExport-noconfig.cmake
[0.618s] -- Up-to-date: /home/team-2/robot_ws/install/robot_interface/share/robot_interface/cmake/robot_interface__rosidl_typesupport_introspection_cppExport.cmake
[0.618s] -- Up-to-date: /home/team-2/robot_ws/install/robot_interface/share/robot_interface/cmake/robot_interface__rosidl_typesupport_introspection_cppExport-noconfig.cmake
[0.619s] -- Up-to-date: /home/team-2/robot_ws/install/robot_interface/share/robot_interface/cmake/robot_interface__rosidl_typesupport_cppExport.cmake
[0.619s] -- Up-to-date: /home/team-2/robot_ws/install/robot_interface/share/robot_interface/cmake/robot_interface__rosidl_typesupport_cppExport-noconfig.cmake
[0.619s] -- Up-to-date: /home/team-2/robot_ws/install/robot_interface/share/robot_interface/cmake/export_robot_interface__rosidl_generator_pyExport.cmake
[0.619s] -- Up-to-date: /home/team-2/robot_ws/install/robot_interface/share/robot_interface/cmake/export_robot_interface__rosidl_generator_pyExport-noconfig.cmake
[0.619s] -- Up-to-date: /home/team-2/robot_ws/install/robot_interface/share/robot_interface/cmake/rosidl_cmake-extras.cmake
[0.620s] -- Up-to-date: /home/team-2/robot_ws/install/robot_interface/share/robot_interface/cmake/ament_cmake_export_include_directories-extras.cmake
[0.620s] -- Up-to-date: /home/team-2/robot_ws/install/robot_interface/share/robot_interface/cmake/ament_cmake_export_libraries-extras.cmake
[0.620s] -- Up-to-date: /home/team-2/robot_ws/install/robot_interface/share/robot_interface/cmake/ament_cmake_export_targets-extras.cmake
[0.620s] -- Up-to-date: /home/team-2/robot_ws/install/robot_interface/share/robot_interface/cmake/rosidl_cmake_export_typesupport_targets-extras.cmake
[0.620s] -- Up-to-date: /home/team-2/robot_ws/install/robot_interface/share/robot_interface/cmake/ament_cmake_export_dependencies-extras.cmake
[0.620s] -- Up-to-date: /home/team-2/robot_ws/install/robot_interface/share/robot_interface/cmake/rosidl_cmake_export_typesupport_libraries-extras.cmake
[0.620s] -- Up-to-date: /home/team-2/robot_ws/install/robot_interface/share/robot_interface/cmake/robot_interfaceConfig.cmake
[0.620s] -- Up-to-date: /home/team-2/robot_ws/install/robot_interface/share/robot_interface/cmake/robot_interfaceConfig-version.cmake
[0.620s] -- Up-to-date: /home/team-2/robot_ws/install/robot_interface/share/robot_interface/package.xml
[0.622s] Invoked command in '/home/team-2/robot_ws/build/robot_interface' returned '0': CMAKE_PREFIX_PATH=/opt/ros/humble /usr/bin/cmake --install /home/team-2/robot_ws/build/robot_interface
