[0.704s] Invoking command in '/home/team-2/robot_ws/src/robot': PYTHONPATH=/home/team-2/robot_ws/build/robot/prefix_override:/home/team-2/robot_ws/install/robot/lib/python3.10/site-packages:${PYTHONPATH} /usr/bin/python3 setup.py egg_info --egg-base ../../build/robot build --build-base /home/team-2/robot_ws/build/robot/build install --record /home/team-2/robot_ws/build/robot/install.log --single-version-externally-managed
[0.931s] running egg_info
[0.932s] writing ../../build/robot/robot.egg-info/PKG-INFO
[0.932s] writing dependency_links to ../../build/robot/robot.egg-info/dependency_links.txt
[0.932s] writing entry points to ../../build/robot/robot.egg-info/entry_points.txt
[0.932s] writing requirements to ../../build/robot/robot.egg-info/requires.txt
[0.932s] writing top-level names to ../../build/robot/robot.egg-info/top_level.txt
[0.935s] reading manifest file '../../build/robot/robot.egg-info/SOURCES.txt'
[0.936s] writing manifest file '../../build/robot/robot.egg-info/SOURCES.txt'
[0.936s] running build
[0.937s] running build_py
[0.937s] running install
[0.937s] /usr/lib/python3/dist-packages/setuptools/command/install.py:34: SetuptoolsDeprecationWarning: setup.py install is deprecated. Use build and pip and other standards-based tools.
[0.937s]   warnings.warn(
[0.938s] running install_lib
[0.939s] running install_data
[0.939s] copying package.xml -> /home/team-2/robot_ws/install/robot/share/robot
[0.939s] running install_egg_info
[0.941s] removing '/home/team-2/robot_ws/install/robot/lib/python3.10/site-packages/robot-0.0.0-py3.10.egg-info' (and everything under it)
[0.941s] Copying ../../build/robot/robot.egg-info to /home/team-2/robot_ws/install/robot/lib/python3.10/site-packages/robot-0.0.0-py3.10.egg-info
[0.942s] running install_scripts
[0.962s] Installing kbd_driver script to /home/team-2/robot_ws/install/robot/lib/robot
[0.962s] Installing robot script to /home/team-2/robot_ws/install/robot/lib/robot
[0.962s] writing list of installed files to '/home/team-2/robot_ws/build/robot/install.log'
[0.985s] Invoked command in '/home/team-2/robot_ws/src/robot' returned '0': PYTHONPATH=/home/team-2/robot_ws/build/robot/prefix_override:/home/team-2/robot_ws/install/robot/lib/python3.10/site-packages:${PYTHONPATH} /usr/bin/python3 setup.py egg_info --egg-base ../../build/robot build --build-base /home/team-2/robot_ws/build/robot/build install --record /home/team-2/robot_ws/build/robot/install.log --single-version-externally-managed
