running egg_info
writing ../../build/robot/robot.egg-info/PKG-INFO
writing dependency_links to ../../build/robot/robot.egg-info/dependency_links.txt
writing entry points to ../../build/robot/robot.egg-info/entry_points.txt
writing requirements to ../../build/robot/robot.egg-info/requires.txt
writing top-level names to ../../build/robot/robot.egg-info/top_level.txt
reading manifest file '../../build/robot/robot.egg-info/SOURCES.txt'
writing manifest file '../../build/robot/robot.egg-info/SOURCES.txt'
running build
running build_py
copying robot/kbd_driver.py -> /home/team-2/robot_ws/build/robot/build/lib/robot
copying robot/__init__.py -> /home/team-2/robot_ws/build/robot/build/lib/robot
copying robot/robot.py -> /home/team-2/robot_ws/build/robot/build/lib/robot
running install
running install_lib
copying /home/team-2/robot_ws/build/robot/build/lib/robot/kbd_driver.py -> /home/team-2/robot_ws/install/robot/lib/python3.10/site-packages/robot
copying /home/team-2/robot_ws/build/robot/build/lib/robot/__init__.py -> /home/team-2/robot_ws/install/robot/lib/python3.10/site-packages/robot
copying /home/team-2/robot_ws/build/robot/build/lib/robot/robot.py -> /home/team-2/robot_ws/install/robot/lib/python3.10/site-packages/robot
byte-compiling /home/team-2/robot_ws/install/robot/lib/python3.10/site-packages/robot/kbd_driver.py to kbd_driver.cpython-310.pyc
byte-compiling /home/team-2/robot_ws/install/robot/lib/python3.10/site-packages/robot/__init__.py to __init__.cpython-310.pyc
byte-compiling /home/team-2/robot_ws/install/robot/lib/python3.10/site-packages/robot/robot.py to robot.cpython-310.pyc
running install_data
copying package.xml -> /home/team-2/robot_ws/install/robot/share/robot
running install_egg_info
removing '/home/team-2/robot_ws/install/robot/lib/python3.10/site-packages/robot-0.0.0-py3.10.egg-info' (and everything under it)
Copying ../../build/robot/robot.egg-info to /home/team-2/robot_ws/install/robot/lib/python3.10/site-packages/robot-0.0.0-py3.10.egg-info
running install_scripts
Installing kbd_driver script to /home/team-2/robot_ws/install/robot/lib/robot
Installing robot script to /home/team-2/robot_ws/install/robot/lib/robot
writing list of installed files to '/home/team-2/robot_ws/build/robot/install.log'
