[0.066s] Invoking command in '/home/team-2/robot_ws/build/robot_interface': CMAKE_PREFIX_PATH=${CMAKE_PREFIX_PATH}:/home/team-2/robot_ws/install/robot:/opt/ros/humble /usr/bin/cmake --build /home/team-2/robot_ws/build/robot_interface -- -j4 -l4
[0.089s] -- Found ament_cmake: 1.3.6 (/opt/ros/humble/share/ament_cmake/cmake)
[0.230s] -- Found rosidl_default_generators: 1.2.0 (/opt/ros/humble/share/rosidl_default_generators/cmake)
[0.231s] -- Using all available rosidl_typesupport_c: rosidl_typesupport_fastrtps_c;rosidl_typesupport_introspection_c
[0.234s] -- Found rosidl_adapter: 3.1.5 (/opt/ros/humble/share/rosidl_adapter/cmake)
[0.264s] -- Using all available rosidl_typesupport_cpp: rosidl_typesupport_fastrtps_cpp;rosidl_typesupport_introspection_cpp
[0.532s] -- Found ament_cmake_ros: 0.10.0 (/opt/ros/humble/share/ament_cmake_ros/cmake)
[0.712s] -- Using all available rosidl_typesupport_c: rosidl_typesupport_fastrtps_c;rosidl_typesupport_introspection_c
[0.940s] -- Using all available rosidl_typesupport_cpp: rosidl_typesupport_fastrtps_cpp;rosidl_typesupport_introspection_cpp
[0.963s] -- Found PythonInterp: /usr/bin/python3 (found suitable version "3.10.12", minimum required is "3.6") 
[0.964s] -- Found python_cmake_module: 0.10.0 (/opt/ros/humble/share/python_cmake_module/cmake)
[0.991s] -- Found PythonLibs: /usr/lib/x86_64-linux-gnu/libpython3.10.so (found suitable version "3.10.12", minimum required is "3.5") 
[0.991s] -- Using PYTHON_EXECUTABLE: /usr/bin/python3
[0.991s] -- Using PYTHON_INCLUDE_DIRS: /usr/include/python3.10
[0.991s] -- Using PYTHON_LIBRARIES: /usr/lib/x86_64-linux-gnu/libpython3.10.so
[1.012s] -- Found PythonExtra: .so  
[1.044s] -- Found ament_lint_auto: 0.12.9 (/opt/ros/humble/share/ament_lint_auto/cmake)
[1.057s] -- Added test 'lint_cmake' to check CMake code style
[1.059s] -- Added test 'xmllint' to check XML markup files
[1.062s] -- Configuring done
[1.100s] -- Generating done
[1.103s] -- Build files have been written to: /home/team-2/robot_ws/build/robot_interface
[1.130s] [  3%] [34m[1mGenerating C code for ROS interfaces[0m
[1.143s] [  6%] [34m[1mGenerating C++ code for ROS interfaces[0m
[1.151s] [  6%] Built target ament_cmake_python_copy_robot_interface
[1.401s] running egg_info
[1.402s] creating robot_interface.egg-info
[1.402s] writing robot_interface.egg-info/PKG-INFO
[1.403s] writing dependency_links to robot_interface.egg-info/dependency_links.txt
[1.403s] writing top-level names to robot_interface.egg-info/top_level.txt
[1.403s] writing manifest file 'robot_interface.egg-info/SOURCES.txt'
[1.405s] reading manifest file 'robot_interface.egg-info/SOURCES.txt'
[1.406s] writing manifest file 'robot_interface.egg-info/SOURCES.txt'
[1.433s] [  6%] Built target ament_cmake_python_build_robot_interface_egg
[1.547s] [  6%] Built target robot_interface__cpp
[1.558s] [  9%] [32mBuilding C object CMakeFiles/robot_interface__rosidl_generator_c.dir/rosidl_generator_c/robot_interface/msg/detail/drive_cmd__functions.c.o[0m
[1.561s] [ 12%] [34m[1mGenerating C++ type support for eProsima Fast-RTPS[0m
[1.561s] [ 16%] [34m[1mGenerating C++ introspection for ROS interfaces[0m
[1.564s] [ 19%] [34m[1mGenerating C++ type support dispatch for ROS interfaces[0m
[1.642s] [ 22%] [32m[1mLinking C shared library librobot_interface__rosidl_generator_c.so[0m
[1.700s] [ 22%] Built target robot_interface__rosidl_generator_c
[1.715s] [ 25%] [34m[1mGenerating C type support for eProsima Fast-RTPS[0m
[1.931s] [ 29%] [32mBuilding CXX object CMakeFiles/robot_interface__rosidl_typesupport_cpp.dir/rosidl_typesupport_cpp/robot_interface/msg/drive_cmd__type_support.cpp.o[0m
[1.987s] [ 32%] [32mBuilding CXX object CMakeFiles/robot_interface__rosidl_typesupport_fastrtps_cpp.dir/rosidl_typesupport_fastrtps_cpp/robot_interface/msg/detail/dds_fastrtps/drive_cmd__type_support.cpp.o[0m
[1.987s] [ 35%] [32mBuilding CXX object CMakeFiles/robot_interface__rosidl_typesupport_introspection_cpp.dir/rosidl_typesupport_introspection_cpp/robot_interface/msg/detail/drive_cmd__type_support.cpp.o[0m
[2.155s] [ 38%] [32mBuilding CXX object CMakeFiles/robot_interface__rosidl_typesupport_fastrtps_c.dir/rosidl_typesupport_fastrtps_c/robot_interface/msg/detail/drive_cmd__type_support_c.cpp.o[0m
[2.370s] [ 41%] [32m[1mLinking CXX shared library librobot_interface__rosidl_typesupport_cpp.so[0m
[2.432s] [ 41%] Built target robot_interface__rosidl_typesupport_cpp
[2.446s] [ 45%] [34m[1mGenerating C introspection for ROS interfaces[0m
[2.580s] [ 48%] [32m[1mLinking CXX shared library librobot_interface__rosidl_typesupport_introspection_cpp.so[0m
[2.629s] [ 51%] [32m[1mLinking CXX shared library librobot_interface__rosidl_typesupport_fastrtps_cpp.so[0m
[2.641s] [ 51%] Built target robot_interface__rosidl_typesupport_introspection_cpp
[2.653s] [ 54%] [34m[1mGenerating C type support dispatch for ROS interfaces[0m
[2.682s] [ 58%] [32m[1mLinking CXX shared library librobot_interface__rosidl_typesupport_fastrtps_c.so[0m
[2.751s] [ 58%] Built target robot_interface__rosidl_typesupport_fastrtps_cpp
[2.805s] [ 58%] Built target robot_interface__rosidl_typesupport_fastrtps_c
[2.833s] [ 61%] [32mBuilding C object CMakeFiles/robot_interface__rosidl_typesupport_introspection_c.dir/rosidl_typesupport_introspection_c/robot_interface/msg/detail/drive_cmd__type_support.c.o[0m
[2.866s] [ 64%] [32m[1mLinking C shared library librobot_interface__rosidl_typesupport_introspection_c.so[0m
[2.897s] [ 64%] Built target robot_interface__rosidl_typesupport_introspection_c
[2.933s] [ 67%] [32mBuilding CXX object CMakeFiles/robot_interface__rosidl_typesupport_c.dir/rosidl_typesupport_c/robot_interface/msg/drive_cmd__type_support.cpp.o[0m
[2.963s] [ 70%] [32m[1mLinking CXX shared library librobot_interface__rosidl_typesupport_c.so[0m
[3.004s] [ 70%] Built target robot_interface__rosidl_typesupport_c
[3.025s] [ 70%] Built target robot_interface
[3.046s] [ 74%] [34m[1mGenerating Python code for ROS interfaces[0m
[3.338s] [ 74%] Built target robot_interface__py
[3.357s] [ 77%] [32mBuilding C object CMakeFiles/robot_interface__rosidl_generator_py.dir/rosidl_generator_py/robot_interface/msg/_drive_cmd_s.c.o[0m
[3.468s] [ 80%] [32m[1mLinking C shared library rosidl_generator_py/robot_interface/librobot_interface__rosidl_generator_py.so[0m
[3.506s] [ 80%] Built target robot_interface__rosidl_generator_py
[3.530s] [ 83%] [32mBuilding C object CMakeFiles/robot_interface__rosidl_typesupport_introspection_c__pyext.dir/rosidl_generator_py/robot_interface/_robot_interface_s.ep.rosidl_typesupport_introspection_c.c.o[0m
[3.532s] [ 87%] [32mBuilding C object CMakeFiles/robot_interface__rosidl_typesupport_fastrtps_c__pyext.dir/rosidl_generator_py/robot_interface/_robot_interface_s.ep.rosidl_typesupport_fastrtps_c.c.o[0m
[3.533s] [ 90%] [32mBuilding C object CMakeFiles/robot_interface__rosidl_typesupport_c__pyext.dir/rosidl_generator_py/robot_interface/_robot_interface_s.ep.rosidl_typesupport_c.c.o[0m
[3.627s] [ 93%] [32m[1mLinking C shared library rosidl_generator_py/robot_interface/robot_interface_s__rosidl_typesupport_c.cpython-310-x86_64-linux-gnu.so[0m
[3.661s] [ 93%] Built target robot_interface__rosidl_typesupport_c__pyext
[3.682s] [ 96%] [32m[1mLinking C shared library rosidl_generator_py/robot_interface/robot_interface_s__rosidl_typesupport_introspection_c.cpython-310-x86_64-linux-gnu.so[0m
[3.685s] [100%] [32m[1mLinking C shared library rosidl_generator_py/robot_interface/robot_interface_s__rosidl_typesupport_fastrtps_c.cpython-310-x86_64-linux-gnu.so[0m
[3.714s] [100%] Built target robot_interface__rosidl_typesupport_introspection_c__pyext
[3.719s] [100%] Built target robot_interface__rosidl_typesupport_fastrtps_c__pyext
[3.731s] Invoked command in '/home/team-2/robot_ws/build/robot_interface' returned '0': CMAKE_PREFIX_PATH=${CMAKE_PREFIX_PATH}:/home/team-2/robot_ws/install/robot:/opt/ros/humble /usr/bin/cmake --build /home/team-2/robot_ws/build/robot_interface -- -j4 -l4
[3.797s] Invoking command in '/home/team-2/robot_ws/build/robot_interface': CMAKE_PREFIX_PATH=${CMAKE_PREFIX_PATH}:/home/team-2/robot_ws/install/robot:/opt/ros/humble /usr/bin/cmake --install /home/team-2/robot_ws/build/robot_interface
[3.805s] -- Install configuration: ""
[3.806s] -- Installing: /home/team-2/robot_ws/install/robot_interface/share/ament_index/resource_index/rosidl_interfaces/robot_interface
[3.806s] -- Installing: /home/team-2/robot_ws/install/robot_interface/include/robot_interface/robot_interface
[3.806s] -- Installing: /home/team-2/robot_ws/install/robot_interface/include/robot_interface/robot_interface/msg
[3.806s] -- Installing: /home/team-2/robot_ws/install/robot_interface/include/robot_interface/robot_interface/msg/detail
[3.806s] -- Installing: /home/team-2/robot_ws/install/robot_interface/include/robot_interface/robot_interface/msg/detail/drive_cmd__functions.h
[3.806s] -- Installing: /home/team-2/robot_ws/install/robot_interface/include/robot_interface/robot_interface/msg/detail/drive_cmd__type_support.h
[3.806s] -- Installing: /home/team-2/robot_ws/install/robot_interface/include/robot_interface/robot_interface/msg/detail/drive_cmd__functions.c
[3.807s] -- Installing: /home/team-2/robot_ws/install/robot_interface/include/robot_interface/robot_interface/msg/detail/drive_cmd__struct.h
[3.807s] -- Installing: /home/team-2/robot_ws/install/robot_interface/include/robot_interface/robot_interface/msg/rosidl_generator_c__visibility_control.h
[3.807s] -- Installing: /home/team-2/robot_ws/install/robot_interface/include/robot_interface/robot_interface/msg/drive_cmd.h
[3.807s] -- Installing: /home/team-2/robot_ws/install/robot_interface/share/robot_interface/environment/library_path.sh
[3.807s] -- Installing: /home/team-2/robot_ws/install/robot_interface/share/robot_interface/environment/library_path.dsv
[3.807s] -- Installing: /home/team-2/robot_ws/install/robot_interface/lib/librobot_interface__rosidl_generator_c.so
[3.808s] -- Set runtime path of "/home/team-2/robot_ws/install/robot_interface/lib/librobot_interface__rosidl_generator_c.so" to ""
[3.808s] -- Up-to-date: /home/team-2/robot_ws/install/robot_interface/include/robot_interface/robot_interface
[3.808s] -- Up-to-date: /home/team-2/robot_ws/install/robot_interface/include/robot_interface/robot_interface/msg
[3.808s] -- Installing: /home/team-2/robot_ws/install/robot_interface/include/robot_interface/robot_interface/msg/rosidl_typesupport_fastrtps_c__visibility_control.h
[3.808s] -- Up-to-date: /home/team-2/robot_ws/install/robot_interface/include/robot_interface/robot_interface/msg/detail
[3.808s] -- Installing: /home/team-2/robot_ws/install/robot_interface/include/robot_interface/robot_interface/msg/detail/drive_cmd__rosidl_typesupport_fastrtps_c.h
[3.809s] -- Installing: /home/team-2/robot_ws/install/robot_interface/lib/librobot_interface__rosidl_typesupport_fastrtps_c.so
[3.809s] -- Set runtime path of "/home/team-2/robot_ws/install/robot_interface/lib/librobot_interface__rosidl_typesupport_fastrtps_c.so" to ""
[3.809s] -- Up-to-date: /home/team-2/robot_ws/install/robot_interface/include/robot_interface/robot_interface
[3.809s] -- Up-to-date: /home/team-2/robot_ws/install/robot_interface/include/robot_interface/robot_interface/msg
[3.809s] -- Installing: /home/team-2/robot_ws/install/robot_interface/include/robot_interface/robot_interface/msg/rosidl_typesupport_introspection_c__visibility_control.h
[3.809s] -- Up-to-date: /home/team-2/robot_ws/install/robot_interface/include/robot_interface/robot_interface/msg/detail
[3.810s] -- Installing: /home/team-2/robot_ws/install/robot_interface/include/robot_interface/robot_interface/msg/detail/drive_cmd__type_support.c
[3.810s] -- Installing: /home/team-2/robot_ws/install/robot_interface/include/robot_interface/robot_interface/msg/detail/drive_cmd__rosidl_typesupport_introspection_c.h
[3.810s] -- Installing: /home/team-2/robot_ws/install/robot_interface/lib/librobot_interface__rosidl_typesupport_introspection_c.so
[3.810s] -- Set runtime path of "/home/team-2/robot_ws/install/robot_interface/lib/librobot_interface__rosidl_typesupport_introspection_c.so" to ""
[3.810s] -- Installing: /home/team-2/robot_ws/install/robot_interface/lib/librobot_interface__rosidl_typesupport_c.so
[3.811s] -- Set runtime path of "/home/team-2/robot_ws/install/robot_interface/lib/librobot_interface__rosidl_typesupport_c.so" to ""
[3.811s] -- Up-to-date: /home/team-2/robot_ws/install/robot_interface/include/robot_interface/robot_interface
[3.811s] -- Up-to-date: /home/team-2/robot_ws/install/robot_interface/include/robot_interface/robot_interface/msg
[3.811s] -- Installing: /home/team-2/robot_ws/install/robot_interface/include/robot_interface/robot_interface/msg/drive_cmd.hpp
[3.811s] -- Up-to-date: /home/team-2/robot_ws/install/robot_interface/include/robot_interface/robot_interface/msg/detail
[3.812s] -- Installing: /home/team-2/robot_ws/install/robot_interface/include/robot_interface/robot_interface/msg/detail/drive_cmd__struct.hpp
[3.812s] -- Installing: /home/team-2/robot_ws/install/robot_interface/include/robot_interface/robot_interface/msg/detail/drive_cmd__traits.hpp
[3.812s] -- Installing: /home/team-2/robot_ws/install/robot_interface/include/robot_interface/robot_interface/msg/detail/drive_cmd__builder.hpp
[3.812s] -- Up-to-date: /home/team-2/robot_ws/install/robot_interface/include/robot_interface/robot_interface
[3.812s] -- Up-to-date: /home/team-2/robot_ws/install/robot_interface/include/robot_interface/robot_interface/msg
[3.812s] -- Up-to-date: /home/team-2/robot_ws/install/robot_interface/include/robot_interface/robot_interface/msg/detail
[3.812s] -- Installing: /home/team-2/robot_ws/install/robot_interface/include/robot_interface/robot_interface/msg/detail/dds_fastrtps
[3.812s] -- Installing: /home/team-2/robot_ws/install/robot_interface/include/robot_interface/robot_interface/msg/detail/drive_cmd__rosidl_typesupport_fastrtps_cpp.hpp
[3.813s] -- Installing: /home/team-2/robot_ws/install/robot_interface/include/robot_interface/robot_interface/msg/rosidl_typesupport_fastrtps_cpp__visibility_control.h
[3.813s] -- Installing: /home/team-2/robot_ws/install/robot_interface/lib/librobot_interface__rosidl_typesupport_fastrtps_cpp.so
[3.813s] -- Set runtime path of "/home/team-2/robot_ws/install/robot_interface/lib/librobot_interface__rosidl_typesupport_fastrtps_cpp.so" to ""
[3.813s] -- Up-to-date: /home/team-2/robot_ws/install/robot_interface/include/robot_interface/robot_interface
[3.813s] -- Up-to-date: /home/team-2/robot_ws/install/robot_interface/include/robot_interface/robot_interface/msg
[3.813s] -- Up-to-date: /home/team-2/robot_ws/install/robot_interface/include/robot_interface/robot_interface/msg/detail
[3.813s] -- Installing: /home/team-2/robot_ws/install/robot_interface/include/robot_interface/robot_interface/msg/detail/drive_cmd__type_support.cpp
[3.813s] -- Installing: /home/team-2/robot_ws/install/robot_interface/include/robot_interface/robot_interface/msg/detail/drive_cmd__rosidl_typesupport_introspection_cpp.hpp
[3.814s] -- Installing: /home/team-2/robot_ws/install/robot_interface/lib/librobot_interface__rosidl_typesupport_introspection_cpp.so
[3.814s] -- Set runtime path of "/home/team-2/robot_ws/install/robot_interface/lib/librobot_interface__rosidl_typesupport_introspection_cpp.so" to ""
[3.814s] -- Installing: /home/team-2/robot_ws/install/robot_interface/lib/librobot_interface__rosidl_typesupport_cpp.so
[3.814s] -- Set runtime path of "/home/team-2/robot_ws/install/robot_interface/lib/librobot_interface__rosidl_typesupport_cpp.so" to ""
[3.815s] -- Installing: /home/team-2/robot_ws/install/robot_interface/share/robot_interface/environment/pythonpath.sh
[3.815s] -- Installing: /home/team-2/robot_ws/install/robot_interface/share/robot_interface/environment/pythonpath.dsv
[3.815s] -- Installing: /home/team-2/robot_ws/install/robot_interface/local/lib/python3.10/dist-packages/robot_interface-0.0.0-py3.10.egg-info
[3.815s] -- Installing: /home/team-2/robot_ws/install/robot_interface/local/lib/python3.10/dist-packages/robot_interface-0.0.0-py3.10.egg-info/PKG-INFO
[3.815s] -- Installing: /home/team-2/robot_ws/install/robot_interface/local/lib/python3.10/dist-packages/robot_interface-0.0.0-py3.10.egg-info/SOURCES.txt
[3.815s] -- Installing: /home/team-2/robot_ws/install/robot_interface/local/lib/python3.10/dist-packages/robot_interface-0.0.0-py3.10.egg-info/dependency_links.txt
[3.816s] -- Installing: /home/team-2/robot_ws/install/robot_interface/local/lib/python3.10/dist-packages/robot_interface-0.0.0-py3.10.egg-info/top_level.txt
[3.816s] -- Installing: /home/team-2/robot_ws/install/robot_interface/local/lib/python3.10/dist-packages/robot_interface
[3.816s] -- Installing: /home/team-2/robot_ws/install/robot_interface/local/lib/python3.10/dist-packages/robot_interface/_robot_interface_s.ep.rosidl_typesupport_c.c
[3.816s] -- Installing: /home/team-2/robot_ws/install/robot_interface/local/lib/python3.10/dist-packages/robot_interface/robot_interface_s__rosidl_typesupport_introspection_c.cpython-310-x86_64-linux-gnu.so
[3.816s] -- Installing: /home/team-2/robot_ws/install/robot_interface/local/lib/python3.10/dist-packages/robot_interface/_robot_interface_s.ep.rosidl_typesupport_fastrtps_c.c
[3.816s] -- Installing: /home/team-2/robot_ws/install/robot_interface/local/lib/python3.10/dist-packages/robot_interface/msg
[3.816s] -- Installing: /home/team-2/robot_ws/install/robot_interface/local/lib/python3.10/dist-packages/robot_interface/msg/_drive_cmd_s.c
[3.817s] -- Installing: /home/team-2/robot_ws/install/robot_interface/local/lib/python3.10/dist-packages/robot_interface/msg/_drive_cmd.py
[3.817s] -- Installing: /home/team-2/robot_ws/install/robot_interface/local/lib/python3.10/dist-packages/robot_interface/msg/__init__.py
[3.817s] -- Installing: /home/team-2/robot_ws/install/robot_interface/local/lib/python3.10/dist-packages/robot_interface/__init__.py
[3.817s] -- Installing: /home/team-2/robot_ws/install/robot_interface/local/lib/python3.10/dist-packages/robot_interface/_robot_interface_s.ep.rosidl_typesupport_introspection_c.c
[3.817s] -- Installing: /home/team-2/robot_ws/install/robot_interface/local/lib/python3.10/dist-packages/robot_interface/librobot_interface__rosidl_generator_py.so
[3.817s] -- Installing: /home/team-2/robot_ws/install/robot_interface/local/lib/python3.10/dist-packages/robot_interface/robot_interface_s__rosidl_typesupport_c.cpython-310-x86_64-linux-gnu.so
[3.817s] -- Installing: /home/team-2/robot_ws/install/robot_interface/local/lib/python3.10/dist-packages/robot_interface/robot_interface_s__rosidl_typesupport_fastrtps_c.cpython-310-x86_64-linux-gnu.so
[3.855s] Listing '/home/team-2/robot_ws/install/robot_interface/local/lib/python3.10/dist-packages/robot_interface'...
[3.855s] Compiling '/home/team-2/robot_ws/install/robot_interface/local/lib/python3.10/dist-packages/robot_interface/__init__.py'...
[3.855s] Listing '/home/team-2/robot_ws/install/robot_interface/local/lib/python3.10/dist-packages/robot_interface/msg'...
[3.855s] Compiling '/home/team-2/robot_ws/install/robot_interface/local/lib/python3.10/dist-packages/robot_interface/msg/__init__.py'...
[3.855s] Compiling '/home/team-2/robot_ws/install/robot_interface/local/lib/python3.10/dist-packages/robot_interface/msg/_drive_cmd.py'...
[3.861s] -- Installing: /home/team-2/robot_ws/install/robot_interface/local/lib/python3.10/dist-packages/robot_interface/robot_interface_s__rosidl_typesupport_fastrtps_c.cpython-310-x86_64-linux-gnu.so
[3.861s] -- Set runtime path of "/home/team-2/robot_ws/install/robot_interface/local/lib/python3.10/dist-packages/robot_interface/robot_interface_s__rosidl_typesupport_fastrtps_c.cpython-310-x86_64-linux-gnu.so" to ""
[3.861s] -- Installing: /home/team-2/robot_ws/install/robot_interface/local/lib/python3.10/dist-packages/robot_interface/robot_interface_s__rosidl_typesupport_introspection_c.cpython-310-x86_64-linux-gnu.so
[3.862s] -- Set runtime path of "/home/team-2/robot_ws/install/robot_interface/local/lib/python3.10/dist-packages/robot_interface/robot_interface_s__rosidl_typesupport_introspection_c.cpython-310-x86_64-linux-gnu.so" to ""
[3.862s] -- Installing: /home/team-2/robot_ws/install/robot_interface/local/lib/python3.10/dist-packages/robot_interface/robot_interface_s__rosidl_typesupport_c.cpython-310-x86_64-linux-gnu.so
[3.863s] -- Set runtime path of "/home/team-2/robot_ws/install/robot_interface/local/lib/python3.10/dist-packages/robot_interface/robot_interface_s__rosidl_typesupport_c.cpython-310-x86_64-linux-gnu.so" to ""
[3.863s] -- Installing: /home/team-2/robot_ws/install/robot_interface/lib/librobot_interface__rosidl_generator_py.so
[3.863s] -- Set runtime path of "/home/team-2/robot_ws/install/robot_interface/lib/librobot_interface__rosidl_generator_py.so" to ""
[3.863s] -- Installing: /home/team-2/robot_ws/install/robot_interface/share/robot_interface/msg/DriveCmd.idl
[3.864s] -- Installing: /home/team-2/robot_ws/install/robot_interface/share/robot_interface/msg/DriveCmd.msg
[3.864s] -- Installing: /home/team-2/robot_ws/install/robot_interface/share/ament_index/resource_index/package_run_dependencies/robot_interface
[3.864s] -- Installing: /home/team-2/robot_ws/install/robot_interface/share/ament_index/resource_index/parent_prefix_path/robot_interface
[3.864s] -- Up-to-date: /home/team-2/robot_ws/install/robot_interface/share/robot_interface/environment/ament_prefix_path.sh
[3.864s] -- Installing: /home/team-2/robot_ws/install/robot_interface/share/robot_interface/environment/ament_prefix_path.dsv
[3.864s] -- Up-to-date: /home/team-2/robot_ws/install/robot_interface/share/robot_interface/environment/path.sh
[3.865s] -- Installing: /home/team-2/robot_ws/install/robot_interface/share/robot_interface/environment/path.dsv
[3.865s] -- Up-to-date: /home/team-2/robot_ws/install/robot_interface/share/robot_interface/local_setup.bash
[3.865s] -- Installing: /home/team-2/robot_ws/install/robot_interface/share/robot_interface/local_setup.sh
[3.865s] -- Up-to-date: /home/team-2/robot_ws/install/robot_interface/share/robot_interface/local_setup.zsh
[3.865s] -- Installing: /home/team-2/robot_ws/install/robot_interface/share/robot_interface/local_setup.dsv
[3.865s] -- Installing: /home/team-2/robot_ws/install/robot_interface/share/robot_interface/package.dsv
[3.865s] -- Up-to-date: /home/team-2/robot_ws/install/robot_interface/share/ament_index/resource_index/packages/robot_interface
[3.866s] -- Installing: /home/team-2/robot_ws/install/robot_interface/share/robot_interface/cmake/export_robot_interface__rosidl_generator_cExport.cmake
[3.866s] -- Installing: /home/team-2/robot_ws/install/robot_interface/share/robot_interface/cmake/export_robot_interface__rosidl_generator_cExport-noconfig.cmake
[3.866s] -- Installing: /home/team-2/robot_ws/install/robot_interface/share/robot_interface/cmake/export_robot_interface__rosidl_typesupport_fastrtps_cExport.cmake
[3.866s] -- Installing: /home/team-2/robot_ws/install/robot_interface/share/robot_interface/cmake/export_robot_interface__rosidl_typesupport_fastrtps_cExport-noconfig.cmake
[3.866s] -- Installing: /home/team-2/robot_ws/install/robot_interface/share/robot_interface/cmake/robot_interface__rosidl_typesupport_introspection_cExport.cmake
[3.866s] -- Installing: /home/team-2/robot_ws/install/robot_interface/share/robot_interface/cmake/robot_interface__rosidl_typesupport_introspection_cExport-noconfig.cmake
[3.867s] -- Installing: /home/team-2/robot_ws/install/robot_interface/share/robot_interface/cmake/robot_interface__rosidl_typesupport_cExport.cmake
[3.867s] -- Installing: /home/team-2/robot_ws/install/robot_interface/share/robot_interface/cmake/robot_interface__rosidl_typesupport_cExport-noconfig.cmake
[3.867s] -- Installing: /home/team-2/robot_ws/install/robot_interface/share/robot_interface/cmake/export_robot_interface__rosidl_generator_cppExport.cmake
[3.867s] -- Installing: /home/team-2/robot_ws/install/robot_interface/share/robot_interface/cmake/export_robot_interface__rosidl_typesupport_fastrtps_cppExport.cmake
[3.867s] -- Installing: /home/team-2/robot_ws/install/robot_interface/share/robot_interface/cmake/export_robot_interface__rosidl_typesupport_fastrtps_cppExport-noconfig.cmake
[3.868s] -- Installing: /home/team-2/robot_ws/install/robot_interface/share/robot_interface/cmake/robot_interface__rosidl_typesupport_introspection_cppExport.cmake
[3.868s] -- Installing: /home/team-2/robot_ws/install/robot_interface/share/robot_interface/cmake/robot_interface__rosidl_typesupport_introspection_cppExport-noconfig.cmake
[3.868s] -- Installing: /home/team-2/robot_ws/install/robot_interface/share/robot_interface/cmake/robot_interface__rosidl_typesupport_cppExport.cmake
[3.868s] -- Installing: /home/team-2/robot_ws/install/robot_interface/share/robot_interface/cmake/robot_interface__rosidl_typesupport_cppExport-noconfig.cmake
[3.868s] -- Installing: /home/team-2/robot_ws/install/robot_interface/share/robot_interface/cmake/export_robot_interface__rosidl_generator_pyExport.cmake
[3.869s] -- Installing: /home/team-2/robot_ws/install/robot_interface/share/robot_interface/cmake/export_robot_interface__rosidl_generator_pyExport-noconfig.cmake
[3.869s] -- Installing: /home/team-2/robot_ws/install/robot_interface/share/robot_interface/cmake/rosidl_cmake-extras.cmake
[3.869s] -- Installing: /home/team-2/robot_ws/install/robot_interface/share/robot_interface/cmake/ament_cmake_export_include_directories-extras.cmake
[3.869s] -- Installing: /home/team-2/robot_ws/install/robot_interface/share/robot_interface/cmake/ament_cmake_export_libraries-extras.cmake
[3.869s] -- Installing: /home/team-2/robot_ws/install/robot_interface/share/robot_interface/cmake/ament_cmake_export_targets-extras.cmake
[3.869s] -- Installing: /home/team-2/robot_ws/install/robot_interface/share/robot_interface/cmake/rosidl_cmake_export_typesupport_targets-extras.cmake
[3.870s] -- Installing: /home/team-2/robot_ws/install/robot_interface/share/robot_interface/cmake/ament_cmake_export_dependencies-extras.cmake
[3.870s] -- Installing: /home/team-2/robot_ws/install/robot_interface/share/robot_interface/cmake/rosidl_cmake_export_typesupport_libraries-extras.cmake
[3.870s] -- Installing: /home/team-2/robot_ws/install/robot_interface/share/robot_interface/cmake/robot_interfaceConfig.cmake
[3.870s] -- Up-to-date: /home/team-2/robot_ws/install/robot_interface/share/robot_interface/cmake/robot_interfaceConfig-version.cmake
[3.870s] -- Installing: /home/team-2/robot_ws/install/robot_interface/share/robot_interface/package.xml
[3.874s] Invoked command in '/home/team-2/robot_ws/build/robot_interface' returned '0': CMAKE_PREFIX_PATH=${CMAKE_PREFIX_PATH}:/home/team-2/robot_ws/install/robot:/opt/ros/humble /usr/bin/cmake --install /home/team-2/robot_ws/build/robot_interface
