[0.057s] Invoking command in '/home/team-2/robot_ws/build/robot_interface': CMAKE_PREFIX_PATH=/opt/ros/humble /usr/bin/cmake --build /home/team-2/robot_ws/build/robot_interface -- -j4 -l4
[0.119s] [  3%] Built target robot_interface__cpp
[0.119s] [ 12%] Built target robot_interface__rosidl_generator_c
[0.129s] [ 12%] Built target ament_cmake_python_copy_robot_interface
[0.167s] [ 22%] Built target robot_interface__rosidl_typesupport_cpp
[0.168s] [ 32%] Built target robot_interface__rosidl_typesupport_introspection_cpp
[0.177s] [ 41%] Built target robot_interface__rosidl_typesupport_fastrtps_cpp
[0.184s] [ 51%] Built target robot_interface__rosidl_typesupport_fastrtps_c
[0.198s] [ 61%] Built target robot_interface__rosidl_typesupport_introspection_c
[0.203s] [ 70%] Built target robot_interface__rosidl_typesupport_c
[0.229s] [ 70%] Built target robot_interface
[0.259s] [ 74%] Built target robot_interface__py
[0.291s] [ 80%] Built target robot_interface__rosidl_generator_py
[0.330s] [ 87%] Built target robot_interface__rosidl_typesupport_fastrtps_c__pyext
[0.332s] [ 93%] Built target robot_interface__rosidl_typesupport_introspection_c__pyext
[0.347s] [100%] Built target robot_interface__rosidl_typesupport_c__pyext
[0.464s] running egg_info
[0.466s] writing robot_interface.egg-info/PKG-INFO
[0.467s] writing dependency_links to robot_interface.egg-info/dependency_links.txt
[0.468s] writing top-level names to robot_interface.egg-info/top_level.txt
[0.469s] reading manifest file 'robot_interface.egg-info/SOURCES.txt'
[0.469s] writing manifest file 'robot_interface.egg-info/SOURCES.txt'
[0.499s] [100%] Built target ament_cmake_python_build_robot_interface_egg
[0.517s] Invoked command in '/home/team-2/robot_ws/build/robot_interface' returned '0': CMAKE_PREFIX_PATH=/opt/ros/humble /usr/bin/cmake --build /home/team-2/robot_ws/build/robot_interface -- -j4 -l4
[0.576s] Invoking command in '/home/team-2/robot_ws/build/robot_interface': CMAKE_PREFIX_PATH=/opt/ros/humble /usr/bin/cmake --install /home/team-2/robot_ws/build/robot_interface
[0.599s] -- Install configuration: ""
[0.600s] -- Up-to-date: /home/team-2/robot_ws/install/robot_interface/share/ament_index/resource_index/rosidl_interfaces/robot_interface
[0.600s] -- Up-to-date: /home/team-2/robot_ws/install/robot_interface/include/robot_interface/robot_interface
[0.600s] -- Up-to-date: /home/team-2/robot_ws/install/robot_interface/include/robot_interface/robot_interface/msg
[0.600s] -- Up-to-date: /home/team-2/robot_ws/install/robot_interface/include/robot_interface/robot_interface/msg/detail
[0.600s] -- Up-to-date: /home/team-2/robot_ws/install/robot_interface/include/robot_interface/robot_interface/msg/detail/drive_cmd__functions.h
[0.600s] -- Up-to-date: /home/team-2/robot_ws/install/robot_interface/include/robot_interface/robot_interface/msg/detail/drive_cmd__type_support.h
[0.601s] -- Up-to-date: /home/team-2/robot_ws/install/robot_interface/include/robot_interface/robot_interface/msg/detail/drive_cmd__functions.c
[0.601s] -- Up-to-date: /home/team-2/robot_ws/install/robot_interface/include/robot_interface/robot_interface/msg/detail/drive_cmd__struct.h
[0.601s] -- Up-to-date: /home/team-2/robot_ws/install/robot_interface/include/robot_interface/robot_interface/msg/rosidl_generator_c__visibility_control.h
[0.601s] -- Up-to-date: /home/team-2/robot_ws/install/robot_interface/include/robot_interface/robot_interface/msg/drive_cmd.h
[0.601s] -- Up-to-date: /home/team-2/robot_ws/install/robot_interface/share/robot_interface/environment/library_path.sh
[0.601s] -- Up-to-date: /home/team-2/robot_ws/install/robot_interface/share/robot_interface/environment/library_path.dsv
[0.601s] -- Up-to-date: /home/team-2/robot_ws/install/robot_interface/lib/librobot_interface__rosidl_generator_c.so
[0.601s] -- Up-to-date: /home/team-2/robot_ws/install/robot_interface/include/robot_interface/robot_interface
[0.602s] -- Up-to-date: /home/team-2/robot_ws/install/robot_interface/include/robot_interface/robot_interface/msg
[0.602s] -- Up-to-date: /home/team-2/robot_ws/install/robot_interface/include/robot_interface/robot_interface/msg/rosidl_typesupport_fastrtps_c__visibility_control.h
[0.602s] -- Up-to-date: /home/team-2/robot_ws/install/robot_interface/include/robot_interface/robot_interface/msg/detail
[0.602s] -- Up-to-date: /home/team-2/robot_ws/install/robot_interface/include/robot_interface/robot_interface/msg/detail/drive_cmd__rosidl_typesupport_fastrtps_c.h
[0.602s] -- Up-to-date: /home/team-2/robot_ws/install/robot_interface/lib/librobot_interface__rosidl_typesupport_fastrtps_c.so
[0.602s] -- Up-to-date: /home/team-2/robot_ws/install/robot_interface/include/robot_interface/robot_interface
[0.602s] -- Up-to-date: /home/team-2/robot_ws/install/robot_interface/include/robot_interface/robot_interface/msg
[0.602s] -- Up-to-date: /home/team-2/robot_ws/install/robot_interface/include/robot_interface/robot_interface/msg/rosidl_typesupport_introspection_c__visibility_control.h
[0.603s] -- Up-to-date: /home/team-2/robot_ws/install/robot_interface/include/robot_interface/robot_interface/msg/detail
[0.603s] -- Up-to-date: /home/team-2/robot_ws/install/robot_interface/include/robot_interface/robot_interface/msg/detail/drive_cmd__type_support.c
[0.603s] -- Up-to-date: /home/team-2/robot_ws/install/robot_interface/include/robot_interface/robot_interface/msg/detail/drive_cmd__rosidl_typesupport_introspection_c.h
[0.603s] -- Up-to-date: /home/team-2/robot_ws/install/robot_interface/lib/librobot_interface__rosidl_typesupport_introspection_c.so
[0.603s] -- Up-to-date: /home/team-2/robot_ws/install/robot_interface/lib/librobot_interface__rosidl_typesupport_c.so
[0.603s] -- Up-to-date: /home/team-2/robot_ws/install/robot_interface/include/robot_interface/robot_interface
[0.603s] -- Up-to-date: /home/team-2/robot_ws/install/robot_interface/include/robot_interface/robot_interface/msg
[0.603s] -- Up-to-date: /home/team-2/robot_ws/install/robot_interface/include/robot_interface/robot_interface/msg/drive_cmd.hpp
[0.604s] -- Up-to-date: /home/team-2/robot_ws/install/robot_interface/include/robot_interface/robot_interface/msg/detail
[0.604s] -- Up-to-date: /home/team-2/robot_ws/install/robot_interface/include/robot_interface/robot_interface/msg/detail/drive_cmd__struct.hpp
[0.604s] -- Up-to-date: /home/team-2/robot_ws/install/robot_interface/include/robot_interface/robot_interface/msg/detail/drive_cmd__traits.hpp
[0.604s] -- Up-to-date: /home/team-2/robot_ws/install/robot_interface/include/robot_interface/robot_interface/msg/detail/drive_cmd__builder.hpp
[0.604s] -- Up-to-date: /home/team-2/robot_ws/install/robot_interface/include/robot_interface/robot_interface
[0.604s] -- Up-to-date: /home/team-2/robot_ws/install/robot_interface/include/robot_interface/robot_interface/msg
[0.604s] -- Up-to-date: /home/team-2/robot_ws/install/robot_interface/include/robot_interface/robot_interface/msg/detail
[0.604s] -- Up-to-date: /home/team-2/robot_ws/install/robot_interface/include/robot_interface/robot_interface/msg/detail/dds_fastrtps
[0.604s] -- Up-to-date: /home/team-2/robot_ws/install/robot_interface/include/robot_interface/robot_interface/msg/detail/drive_cmd__rosidl_typesupport_fastrtps_cpp.hpp
[0.605s] -- Up-to-date: /home/team-2/robot_ws/install/robot_interface/include/robot_interface/robot_interface/msg/rosidl_typesupport_fastrtps_cpp__visibility_control.h
[0.605s] -- Up-to-date: /home/team-2/robot_ws/install/robot_interface/lib/librobot_interface__rosidl_typesupport_fastrtps_cpp.so
[0.605s] -- Up-to-date: /home/team-2/robot_ws/install/robot_interface/include/robot_interface/robot_interface
[0.605s] -- Up-to-date: /home/team-2/robot_ws/install/robot_interface/include/robot_interface/robot_interface/msg
[0.605s] -- Up-to-date: /home/team-2/robot_ws/install/robot_interface/include/robot_interface/robot_interface/msg/detail
[0.605s] -- Up-to-date: /home/team-2/robot_ws/install/robot_interface/include/robot_interface/robot_interface/msg/detail/drive_cmd__type_support.cpp
[0.605s] -- Up-to-date: /home/team-2/robot_ws/install/robot_interface/include/robot_interface/robot_interface/msg/detail/drive_cmd__rosidl_typesupport_introspection_cpp.hpp
[0.605s] -- Up-to-date: /home/team-2/robot_ws/install/robot_interface/lib/librobot_interface__rosidl_typesupport_introspection_cpp.so
[0.606s] -- Up-to-date: /home/team-2/robot_ws/install/robot_interface/lib/librobot_interface__rosidl_typesupport_cpp.so
[0.606s] -- Up-to-date: /home/team-2/robot_ws/install/robot_interface/share/robot_interface/environment/pythonpath.sh
[0.606s] -- Up-to-date: /home/team-2/robot_ws/install/robot_interface/share/robot_interface/environment/pythonpath.dsv
[0.606s] -- Up-to-date: /home/team-2/robot_ws/install/robot_interface/local/lib/python3.10/dist-packages/robot_interface-0.0.0-py3.10.egg-info
[0.606s] -- Installing: /home/team-2/robot_ws/install/robot_interface/local/lib/python3.10/dist-packages/robot_interface-0.0.0-py3.10.egg-info/PKG-INFO
[0.606s] -- Installing: /home/team-2/robot_ws/install/robot_interface/local/lib/python3.10/dist-packages/robot_interface-0.0.0-py3.10.egg-info/SOURCES.txt
[0.606s] -- Installing: /home/team-2/robot_ws/install/robot_interface/local/lib/python3.10/dist-packages/robot_interface-0.0.0-py3.10.egg-info/dependency_links.txt
[0.606s] -- Installing: /home/team-2/robot_ws/install/robot_interface/local/lib/python3.10/dist-packages/robot_interface-0.0.0-py3.10.egg-info/top_level.txt
[0.607s] -- Up-to-date: /home/team-2/robot_ws/install/robot_interface/local/lib/python3.10/dist-packages/robot_interface
[0.607s] -- Up-to-date: /home/team-2/robot_ws/install/robot_interface/local/lib/python3.10/dist-packages/robot_interface/_robot_interface_s.ep.rosidl_typesupport_c.c
[0.627s] -- Up-to-date: /home/team-2/robot_ws/install/robot_interface/local/lib/python3.10/dist-packages/robot_interface/robot_interface_s__rosidl_typesupport_introspection_c.cpython-310-x86_64-linux-gnu.so
[0.627s] -- Up-to-date: /home/team-2/robot_ws/install/robot_interface/local/lib/python3.10/dist-packages/robot_interface/_robot_interface_s.ep.rosidl_typesupport_fastrtps_c.c
[0.628s] -- Up-to-date: /home/team-2/robot_ws/install/robot_interface/local/lib/python3.10/dist-packages/robot_interface/msg
[0.628s] -- Up-to-date: /home/team-2/robot_ws/install/robot_interface/local/lib/python3.10/dist-packages/robot_interface/msg/_drive_cmd_s.c
[0.628s] -- Up-to-date: /home/team-2/robot_ws/install/robot_interface/local/lib/python3.10/dist-packages/robot_interface/msg/_drive_cmd.py
[0.628s] -- Up-to-date: /home/team-2/robot_ws/install/robot_interface/local/lib/python3.10/dist-packages/robot_interface/msg/__init__.py
[0.628s] -- Up-to-date: /home/team-2/robot_ws/install/robot_interface/local/lib/python3.10/dist-packages/robot_interface/__init__.py
[0.628s] -- Up-to-date: /home/team-2/robot_ws/install/robot_interface/local/lib/python3.10/dist-packages/robot_interface/_robot_interface_s.ep.rosidl_typesupport_introspection_c.c
[0.628s] -- Up-to-date: /home/team-2/robot_ws/install/robot_interface/local/lib/python3.10/dist-packages/robot_interface/librobot_interface__rosidl_generator_py.so
[0.628s] -- Up-to-date: /home/team-2/robot_ws/install/robot_interface/local/lib/python3.10/dist-packages/robot_interface/robot_interface_s__rosidl_typesupport_c.cpython-310-x86_64-linux-gnu.so
[0.628s] -- Up-to-date: /home/team-2/robot_ws/install/robot_interface/local/lib/python3.10/dist-packages/robot_interface/robot_interface_s__rosidl_typesupport_fastrtps_c.cpython-310-x86_64-linux-gnu.so
[0.636s] Listing '/home/team-2/robot_ws/install/robot_interface/local/lib/python3.10/dist-packages/robot_interface'...
[0.636s] Listing '/home/team-2/robot_ws/install/robot_interface/local/lib/python3.10/dist-packages/robot_interface/msg'...
[0.642s] -- Up-to-date: /home/team-2/robot_ws/install/robot_interface/local/lib/python3.10/dist-packages/robot_interface/robot_interface_s__rosidl_typesupport_fastrtps_c.cpython-310-x86_64-linux-gnu.so
[0.643s] -- Up-to-date: /home/team-2/robot_ws/install/robot_interface/local/lib/python3.10/dist-packages/robot_interface/robot_interface_s__rosidl_typesupport_introspection_c.cpython-310-x86_64-linux-gnu.so
[0.644s] -- Up-to-date: /home/team-2/robot_ws/install/robot_interface/local/lib/python3.10/dist-packages/robot_interface/robot_interface_s__rosidl_typesupport_c.cpython-310-x86_64-linux-gnu.so
[0.645s] -- Up-to-date: /home/team-2/robot_ws/install/robot_interface/lib/librobot_interface__rosidl_generator_py.so
[0.645s] -- Up-to-date: /home/team-2/robot_ws/install/robot_interface/share/robot_interface/msg/DriveCmd.idl
[0.645s] -- Up-to-date: /home/team-2/robot_ws/install/robot_interface/share/robot_interface/msg/DriveCmd.msg
[0.645s] -- Up-to-date: /home/team-2/robot_ws/install/robot_interface/share/ament_index/resource_index/package_run_dependencies/robot_interface
[0.646s] -- Up-to-date: /home/team-2/robot_ws/install/robot_interface/share/ament_index/resource_index/parent_prefix_path/robot_interface
[0.646s] -- Up-to-date: /home/team-2/robot_ws/install/robot_interface/share/robot_interface/environment/ament_prefix_path.sh
[0.646s] -- Up-to-date: /home/team-2/robot_ws/install/robot_interface/share/robot_interface/environment/ament_prefix_path.dsv
[0.646s] -- Up-to-date: /home/team-2/robot_ws/install/robot_interface/share/robot_interface/environment/path.sh
[0.646s] -- Up-to-date: /home/team-2/robot_ws/install/robot_interface/share/robot_interface/environment/path.dsv
[0.646s] -- Up-to-date: /home/team-2/robot_ws/install/robot_interface/share/robot_interface/local_setup.bash
[0.647s] -- Up-to-date: /home/team-2/robot_ws/install/robot_interface/share/robot_interface/local_setup.sh
[0.647s] -- Up-to-date: /home/team-2/robot_ws/install/robot_interface/share/robot_interface/local_setup.zsh
[0.647s] -- Up-to-date: /home/team-2/robot_ws/install/robot_interface/share/robot_interface/local_setup.dsv
[0.647s] -- Installing: /home/team-2/robot_ws/install/robot_interface/share/robot_interface/package.dsv
[0.647s] -- Up-to-date: /home/team-2/robot_ws/install/robot_interface/share/ament_index/resource_index/packages/robot_interface
[0.667s] -- Up-to-date: /home/team-2/robot_ws/install/robot_interface/share/robot_interface/cmake/export_robot_interface__rosidl_generator_cExport.cmake
[0.667s] -- Up-to-date: /home/team-2/robot_ws/install/robot_interface/share/robot_interface/cmake/export_robot_interface__rosidl_generator_cExport-noconfig.cmake
[0.667s] -- Up-to-date: /home/team-2/robot_ws/install/robot_interface/share/robot_interface/cmake/export_robot_interface__rosidl_typesupport_fastrtps_cExport.cmake
[0.668s] -- Up-to-date: /home/team-2/robot_ws/install/robot_interface/share/robot_interface/cmake/export_robot_interface__rosidl_typesupport_fastrtps_cExport-noconfig.cmake
[0.668s] -- Up-to-date: /home/team-2/robot_ws/install/robot_interface/share/robot_interface/cmake/robot_interface__rosidl_typesupport_introspection_cExport.cmake
[0.668s] -- Up-to-date: /home/team-2/robot_ws/install/robot_interface/share/robot_interface/cmake/robot_interface__rosidl_typesupport_introspection_cExport-noconfig.cmake
[0.668s] -- Up-to-date: /home/team-2/robot_ws/install/robot_interface/share/robot_interface/cmake/robot_interface__rosidl_typesupport_cExport.cmake
[0.669s] -- Up-to-date: /home/team-2/robot_ws/install/robot_interface/share/robot_interface/cmake/robot_interface__rosidl_typesupport_cExport-noconfig.cmake
[0.669s] -- Up-to-date: /home/team-2/robot_ws/install/robot_interface/share/robot_interface/cmake/export_robot_interface__rosidl_generator_cppExport.cmake
[0.669s] -- Up-to-date: /home/team-2/robot_ws/install/robot_interface/share/robot_interface/cmake/export_robot_interface__rosidl_typesupport_fastrtps_cppExport.cmake
[0.669s] -- Up-to-date: /home/team-2/robot_ws/install/robot_interface/share/robot_interface/cmake/export_robot_interface__rosidl_typesupport_fastrtps_cppExport-noconfig.cmake
[0.670s] -- Up-to-date: /home/team-2/robot_ws/install/robot_interface/share/robot_interface/cmake/robot_interface__rosidl_typesupport_introspection_cppExport.cmake
[0.670s] -- Up-to-date: /home/team-2/robot_ws/install/robot_interface/share/robot_interface/cmake/robot_interface__rosidl_typesupport_introspection_cppExport-noconfig.cmake
[0.670s] -- Up-to-date: /home/team-2/robot_ws/install/robot_interface/share/robot_interface/cmake/robot_interface__rosidl_typesupport_cppExport.cmake
[0.670s] -- Up-to-date: /home/team-2/robot_ws/install/robot_interface/share/robot_interface/cmake/robot_interface__rosidl_typesupport_cppExport-noconfig.cmake
[0.671s] -- Up-to-date: /home/team-2/robot_ws/install/robot_interface/share/robot_interface/cmake/export_robot_interface__rosidl_generator_pyExport.cmake
[0.671s] -- Up-to-date: /home/team-2/robot_ws/install/robot_interface/share/robot_interface/cmake/export_robot_interface__rosidl_generator_pyExport-noconfig.cmake
[0.671s] -- Up-to-date: /home/team-2/robot_ws/install/robot_interface/share/robot_interface/cmake/rosidl_cmake-extras.cmake
[0.671s] -- Up-to-date: /home/team-2/robot_ws/install/robot_interface/share/robot_interface/cmake/ament_cmake_export_include_directories-extras.cmake
[0.672s] -- Up-to-date: /home/team-2/robot_ws/install/robot_interface/share/robot_interface/cmake/ament_cmake_export_libraries-extras.cmake
[0.672s] -- Up-to-date: /home/team-2/robot_ws/install/robot_interface/share/robot_interface/cmake/ament_cmake_export_targets-extras.cmake
[0.672s] -- Up-to-date: /home/team-2/robot_ws/install/robot_interface/share/robot_interface/cmake/rosidl_cmake_export_typesupport_targets-extras.cmake
[0.673s] -- Up-to-date: /home/team-2/robot_ws/install/robot_interface/share/robot_interface/cmake/ament_cmake_export_dependencies-extras.cmake
[0.673s] -- Up-to-date: /home/team-2/robot_ws/install/robot_interface/share/robot_interface/cmake/rosidl_cmake_export_typesupport_libraries-extras.cmake
[0.673s] -- Up-to-date: /home/team-2/robot_ws/install/robot_interface/share/robot_interface/cmake/robot_interfaceConfig.cmake
[0.673s] -- Up-to-date: /home/team-2/robot_ws/install/robot_interface/share/robot_interface/cmake/robot_interfaceConfig-version.cmake
[0.673s] -- Up-to-date: /home/team-2/robot_ws/install/robot_interface/share/robot_interface/package.xml
[0.674s] Invoked command in '/home/team-2/robot_ws/build/robot_interface' returned '0': CMAKE_PREFIX_PATH=/opt/ros/humble /usr/bin/cmake --install /home/team-2/robot_ws/build/robot_interface
