[0.871s] Invoking command in '/home/team-2/robot_ws/src/robot': AMENT_PREFIX_PATH=/home/team-2/robot_ws/install/robot_interface:${AMENT_PREFIX_PATH} CMAKE_PREFIX_PATH=/home/team-2/robot_ws/install/robot_interface LD_LIBRARY_PATH=/home/team-2/robot_ws/install/robot_interface/lib:${LD_LIBRARY_PATH} PYTHONPATH=/home/team-2/robot_ws/build/robot/prefix_override:/home/team-2/robot_ws/install/robot/lib/python3.10/site-packages:/home/team-2/robot_ws/install/robot_interface/local/lib/python3.10/dist-packages:${PYTHONPATH} /usr/bin/python3 setup.py egg_info --egg-base ../../build/robot build --build-base /home/team-2/robot_ws/build/robot/build install --record /home/team-2/robot_ws/build/robot/install.log --single-version-externally-managed
[1.191s] running egg_info
[1.192s] writing ../../build/robot/robot.egg-info/PKG-INFO
[1.192s] writing dependency_links to ../../build/robot/robot.egg-info/dependency_links.txt
[1.192s] writing entry points to ../../build/robot/robot.egg-info/entry_points.txt
[1.192s] writing requirements to ../../build/robot/robot.egg-info/requires.txt
[1.192s] writing top-level names to ../../build/robot/robot.egg-info/top_level.txt
[1.195s] reading manifest file '../../build/robot/robot.egg-info/SOURCES.txt'
[1.196s] writing manifest file '../../build/robot/robot.egg-info/SOURCES.txt'
[1.197s] running build
[1.197s] running build_py
[1.197s] copying robot/robot.py -> /home/team-2/robot_ws/build/robot/build/lib/robot
[1.198s] running install
[1.198s] /usr/lib/python3/dist-packages/setuptools/command/install.py:34: SetuptoolsDeprecationWarning: setup.py install is deprecated. Use build and pip and other standards-based tools.
[1.198s]   warnings.warn(
[1.198s] running install_lib
[1.199s] copying /home/team-2/robot_ws/build/robot/build/lib/robot/robot.py -> /home/team-2/robot_ws/install/robot/lib/python3.10/site-packages/robot
[1.200s] byte-compiling /home/team-2/robot_ws/install/robot/lib/python3.10/site-packages/robot/robot.py to robot.cpython-310.pyc
[1.201s] running install_data
[1.202s] running install_egg_info
[1.205s] removing '/home/team-2/robot_ws/install/robot/lib/python3.10/site-packages/robot-0.0.0-py3.10.egg-info' (and everything under it)
[1.205s] Copying ../../build/robot/robot.egg-info to /home/team-2/robot_ws/install/robot/lib/python3.10/site-packages/robot-0.0.0-py3.10.egg-info
[1.206s] running install_scripts
[1.243s] Installing kbd_driver script to /home/team-2/robot_ws/install/robot/lib/robot
[1.243s] Installing robot script to /home/team-2/robot_ws/install/robot/lib/robot
[1.244s] writing list of installed files to '/home/team-2/robot_ws/build/robot/install.log'
[1.287s] Invoked command in '/home/team-2/robot_ws/src/robot' returned '0': AMENT_PREFIX_PATH=/home/team-2/robot_ws/install/robot_interface:${AMENT_PREFIX_PATH} CMAKE_PREFIX_PATH=/home/team-2/robot_ws/install/robot_interface LD_LIBRARY_PATH=/home/team-2/robot_ws/install/robot_interface/lib:${LD_LIBRARY_PATH} PYTHONPATH=/home/team-2/robot_ws/build/robot/prefix_override:/home/team-2/robot_ws/install/robot/lib/python3.10/site-packages:/home/team-2/robot_ws/install/robot_interface/local/lib/python3.10/dist-packages:${PYTHONPATH} /usr/bin/python3 setup.py egg_info --egg-base ../../build/robot build --build-base /home/team-2/robot_ws/build/robot/build install --record /home/team-2/robot_ws/build/robot/install.log --single-version-externally-managed
