[0.742s] Invoking command in '/home/team-2/robot_ws/src/robot': AMENT_PREFIX_PATH=/home/team-2/robot_ws/install/robot_interface:${AMENT_PREFIX_PATH} CMAKE_PREFIX_PATH=/home/team-2/robot_ws/install/robot_interface LD_LIBRARY_PATH=/home/team-2/robot_ws/install/robot_interface/lib:${LD_LIBRARY_PATH} PYTHONPATH=/home/team-2/robot_ws/build/robot/prefix_override:/home/team-2/robot_ws/install/robot/lib/python3.10/site-packages:/home/team-2/robot_ws/install/robot_interface/local/lib/python3.10/dist-packages:${PYTHONPATH} /usr/bin/python3 setup.py egg_info --egg-base ../../build/robot build --build-base /home/team-2/robot_ws/build/robot/build install --record /home/team-2/robot_ws/build/robot/install.log --single-version-externally-managed
[0.966s] running egg_info
[0.967s] writing ../../build/robot/robot.egg-info/PKG-INFO
[0.967s] writing dependency_links to ../../build/robot/robot.egg-info/dependency_links.txt
[0.968s] writing entry points to ../../build/robot/robot.egg-info/entry_points.txt
[0.968s] writing requirements to ../../build/robot/robot.egg-info/requires.txt
[0.968s] writing top-level names to ../../build/robot/robot.egg-info/top_level.txt
[0.970s] reading manifest file '../../build/robot/robot.egg-info/SOURCES.txt'
[0.970s] writing manifest file '../../build/robot/robot.egg-info/SOURCES.txt'
[0.971s] running build
[0.971s] running build_py
[0.971s] running install
[0.972s] /usr/lib/python3/dist-packages/setuptools/command/install.py:34: SetuptoolsDeprecationWarning: setup.py install is deprecated. Use build and pip and other standards-based tools.
[0.972s]   warnings.warn(
[0.972s] running install_lib
[0.973s] running install_data
[0.974s] running install_egg_info
[0.975s] removing '/home/team-2/robot_ws/install/robot/lib/python3.10/site-packages/robot-0.0.0-py3.10.egg-info' (and everything under it)
[0.976s] Copying ../../build/robot/robot.egg-info to /home/team-2/robot_ws/install/robot/lib/python3.10/site-packages/robot-0.0.0-py3.10.egg-info
[0.977s] running install_scripts
[0.997s] Installing kbd_driver script to /home/team-2/robot_ws/install/robot/lib/robot
[0.997s] Installing robot script to /home/team-2/robot_ws/install/robot/lib/robot
[0.997s] writing list of installed files to '/home/team-2/robot_ws/build/robot/install.log'
[1.020s] Invoked command in '/home/team-2/robot_ws/src/robot' returned '0': AMENT_PREFIX_PATH=/home/team-2/robot_ws/install/robot_interface:${AMENT_PREFIX_PATH} CMAKE_PREFIX_PATH=/home/team-2/robot_ws/install/robot_interface LD_LIBRARY_PATH=/home/team-2/robot_ws/install/robot_interface/lib:${LD_LIBRARY_PATH} PYTHONPATH=/home/team-2/robot_ws/build/robot/prefix_override:/home/team-2/robot_ws/install/robot/lib/python3.10/site-packages:/home/team-2/robot_ws/install/robot_interface/local/lib/python3.10/dist-packages:${PYTHONPATH} /usr/bin/python3 setup.py egg_info --egg-base ../../build/robot build --build-base /home/team-2/robot_ws/build/robot/build install --record /home/team-2/robot_ws/build/robot/install.log --single-version-externally-managed
