[1.093s] DEBUG:colcon:Command line arguments: ['/usr/bin/colcon', 'build']
[1.093s] DEBUG:colcon:Parsed command line arguments: Namespace(log_base=None, log_level=None, verb_name='build', build_base='build', install_base='install', merge_install=False, symlink_install=False, test_result_base=None, continue_on_error=False, executor='parallel', parallel_workers=4, event_handlers=None, ignore_user_meta=False, metas=['./colcon.meta'], base_paths=['.'], packages_ignore=None, packages_ignore_regex=None, paths=None, packages_up_to=None, packages_up_to_regex=None, packages_above=None, packages_above_and_dependencies=None, packages_above_depth=None, packages_select_by_dep=None, packages_skip_by_dep=None, packages_skip_up_to=None, packages_select_build_failed=False, packages_skip_build_finished=False, packages_select_test_failures=False, packages_skip_test_passed=False, packages_select=None, packages_skip=None, packages_select_regex=None, packages_skip_regex=None, packages_start=None, packages_end=None, allow_overriding=[], cmake_args=None, cmake_target=None, cmake_target_skip_unavailable=False, cmake_clean_cache=False, cmake_clean_first=False, cmake_force_configure=False, ament_cmake_args=None, catkin_cmake_args=None, catkin_skip_building_tests=False, verb_parser=<colcon_defaults.argument_parser.defaults.DefaultArgumentsDecorator object at 0x7f3597e19060>, verb_extension=<colcon_core.verb.build.BuildVerb object at 0x7f3597d96830>, main=<bound method BuildVerb.main of <colcon_core.verb.build.BuildVerb object at 0x7f3597d96830>>)
[1.149s] Level 1:colcon.colcon_core.package_discovery:discover_packages(colcon_meta) check parameters
[1.149s] Level 1:colcon.colcon_core.package_discovery:discover_packages(recursive) check parameters
[1.149s] Level 1:colcon.colcon_core.package_discovery:discover_packages(ignore) check parameters
[1.149s] Level 1:colcon.colcon_core.package_discovery:discover_packages(path) check parameters
[1.149s] Level 1:colcon.colcon_core.package_discovery:discover_packages(colcon_meta) discover
[1.149s] Level 1:colcon.colcon_core.package_discovery:discover_packages(recursive) discover
[1.149s] INFO:colcon.colcon_core.package_discovery:Crawling recursively for packages in '/home/team-2/robot_ws'
[1.149s] Level 1:colcon.colcon_core.package_identification:_identify(.) by extensions ['ignore', 'ignore_ament_install']
[1.149s] Level 1:colcon.colcon_core.package_identification:_identify(.) by extension 'ignore'
[1.149s] Level 1:colcon.colcon_core.package_identification:_identify(.) by extension 'ignore_ament_install'
[1.149s] Level 1:colcon.colcon_core.package_identification:_identify(.) by extensions ['colcon_pkg']
[1.149s] Level 1:colcon.colcon_core.package_identification:_identify(.) by extension 'colcon_pkg'
[1.149s] Level 1:colcon.colcon_core.package_identification:_identify(.) by extensions ['colcon_meta']
[1.150s] Level 1:colcon.colcon_core.package_identification:_identify(.) by extension 'colcon_meta'
[1.150s] Level 1:colcon.colcon_core.package_identification:_identify(.) by extensions ['ros']
[1.150s] Level 1:colcon.colcon_core.package_identification:_identify(.) by extension 'ros'
[1.162s] Level 1:colcon.colcon_core.package_identification:_identify(.) by extensions ['cmake', 'python']
[1.162s] Level 1:colcon.colcon_core.package_identification:_identify(.) by extension 'cmake'
[1.162s] Level 1:colcon.colcon_core.package_identification:_identify(.) by extension 'python'
[1.162s] Level 1:colcon.colcon_core.package_identification:_identify(.) by extensions ['python_setup_py']
[1.162s] Level 1:colcon.colcon_core.package_identification:_identify(.) by extension 'python_setup_py'
[1.163s] Level 1:colcon.colcon_core.package_identification:_identify(build) by extensions ['ignore', 'ignore_ament_install']
[1.163s] Level 1:colcon.colcon_core.package_identification:_identify(build) by extension 'ignore'
[1.163s] Level 1:colcon.colcon_core.package_identification:_identify(build) ignored
[1.163s] Level 1:colcon.colcon_core.package_identification:_identify(install) by extensions ['ignore', 'ignore_ament_install']
[1.163s] Level 1:colcon.colcon_core.package_identification:_identify(install) by extension 'ignore'
[1.163s] Level 1:colcon.colcon_core.package_identification:_identify(install) ignored
[1.163s] Level 1:colcon.colcon_core.package_identification:_identify(log) by extensions ['ignore', 'ignore_ament_install']
[1.163s] Level 1:colcon.colcon_core.package_identification:_identify(log) by extension 'ignore'
[1.163s] Level 1:colcon.colcon_core.package_identification:_identify(log) ignored
[1.163s] Level 1:colcon.colcon_core.package_identification:_identify(src) by extensions ['ignore', 'ignore_ament_install']
[1.163s] Level 1:colcon.colcon_core.package_identification:_identify(src) by extension 'ignore'
[1.164s] Level 1:colcon.colcon_core.package_identification:_identify(src) by extension 'ignore_ament_install'
[1.164s] Level 1:colcon.colcon_core.package_identification:_identify(src) by extensions ['colcon_pkg']
[1.164s] Level 1:colcon.colcon_core.package_identification:_identify(src) by extension 'colcon_pkg'
[1.164s] Level 1:colcon.colcon_core.package_identification:_identify(src) by extensions ['colcon_meta']
[1.164s] Level 1:colcon.colcon_core.package_identification:_identify(src) by extension 'colcon_meta'
[1.164s] Level 1:colcon.colcon_core.package_identification:_identify(src) by extensions ['ros']
[1.164s] Level 1:colcon.colcon_core.package_identification:_identify(src) by extension 'ros'
[1.164s] Level 1:colcon.colcon_core.package_identification:_identify(src) by extensions ['cmake', 'python']
[1.164s] Level 1:colcon.colcon_core.package_identification:_identify(src) by extension 'cmake'
[1.164s] Level 1:colcon.colcon_core.package_identification:_identify(src) by extension 'python'
[1.164s] Level 1:colcon.colcon_core.package_identification:_identify(src) by extensions ['python_setup_py']
[1.164s] Level 1:colcon.colcon_core.package_identification:_identify(src) by extension 'python_setup_py'
[1.164s] Level 1:colcon.colcon_core.package_identification:_identify(src/robot) by extensions ['ignore', 'ignore_ament_install']
[1.164s] Level 1:colcon.colcon_core.package_identification:_identify(src/robot) by extension 'ignore'
[1.165s] Level 1:colcon.colcon_core.package_identification:_identify(src/robot) by extension 'ignore_ament_install'
[1.165s] Level 1:colcon.colcon_core.package_identification:_identify(src/robot) by extensions ['colcon_pkg']
[1.165s] Level 1:colcon.colcon_core.package_identification:_identify(src/robot) by extension 'colcon_pkg'
[1.165s] Level 1:colcon.colcon_core.package_identification:_identify(src/robot) by extensions ['colcon_meta']
[1.165s] Level 1:colcon.colcon_core.package_identification:_identify(src/robot) by extension 'colcon_meta'
[1.165s] Level 1:colcon.colcon_core.package_identification:_identify(src/robot) by extensions ['ros']
[1.165s] Level 1:colcon.colcon_core.package_identification:_identify(src/robot) by extension 'ros'
[1.167s] DEBUG:colcon.colcon_core.package_identification:Package 'src/robot' with type 'ros.ament_python' and name 'robot'
[1.168s] Level 1:colcon.colcon_core.package_identification:_identify(src/robot_interface) by extensions ['ignore', 'ignore_ament_install']
[1.168s] Level 1:colcon.colcon_core.package_identification:_identify(src/robot_interface) by extension 'ignore'
[1.168s] Level 1:colcon.colcon_core.package_identification:_identify(src/robot_interface) by extension 'ignore_ament_install'
[1.168s] Level 1:colcon.colcon_core.package_identification:_identify(src/robot_interface) by extensions ['colcon_pkg']
[1.168s] Level 1:colcon.colcon_core.package_identification:_identify(src/robot_interface) by extension 'colcon_pkg'
[1.168s] Level 1:colcon.colcon_core.package_identification:_identify(src/robot_interface) by extensions ['colcon_meta']
[1.168s] Level 1:colcon.colcon_core.package_identification:_identify(src/robot_interface) by extension 'colcon_meta'
[1.168s] Level 1:colcon.colcon_core.package_identification:_identify(src/robot_interface) by extensions ['ros']
[1.168s] Level 1:colcon.colcon_core.package_identification:_identify(src/robot_interface) by extension 'ros'
[1.169s] DEBUG:colcon.colcon_core.package_identification:Package 'src/robot_interface' with type 'ros.ament_cmake' and name 'robot_interface'
[1.169s] Level 1:colcon.colcon_core.package_discovery:discover_packages(recursive) using defaults
[1.169s] Level 1:colcon.colcon_core.package_discovery:discover_packages(ignore) discover
[1.169s] Level 1:colcon.colcon_core.package_discovery:discover_packages(ignore) using defaults
[1.169s] Level 1:colcon.colcon_core.package_discovery:discover_packages(path) discover
[1.169s] Level 1:colcon.colcon_core.package_discovery:discover_packages(path) using defaults
[1.262s] Level 1:colcon.colcon_core.package_discovery:discover_packages(prefix_path) check parameters
[1.262s] Level 1:colcon.colcon_core.package_discovery:discover_packages(prefix_path) discover
[1.292s] DEBUG:colcon.colcon_installed_package_information.package_discovery:Found 278 installed packages in /opt/ros/humble
[1.294s] Level 1:colcon.colcon_core.package_discovery:discover_packages(prefix_path) using defaults
[1.383s] Level 5:colcon.colcon_core.verb:set package 'robot_interface' build argument 'cmake_args' from command line to 'None'
[1.383s] Level 5:colcon.colcon_core.verb:set package 'robot_interface' build argument 'cmake_target' from command line to 'None'
[1.383s] Level 5:colcon.colcon_core.verb:set package 'robot_interface' build argument 'cmake_target_skip_unavailable' from command line to 'False'
[1.383s] Level 5:colcon.colcon_core.verb:set package 'robot_interface' build argument 'cmake_clean_cache' from command line to 'False'
[1.383s] Level 5:colcon.colcon_core.verb:set package 'robot_interface' build argument 'cmake_clean_first' from command line to 'False'
[1.383s] Level 5:colcon.colcon_core.verb:set package 'robot_interface' build argument 'cmake_force_configure' from command line to 'False'
[1.383s] Level 5:colcon.colcon_core.verb:set package 'robot_interface' build argument 'ament_cmake_args' from command line to 'None'
[1.383s] Level 5:colcon.colcon_core.verb:set package 'robot_interface' build argument 'catkin_cmake_args' from command line to 'None'
[1.383s] Level 5:colcon.colcon_core.verb:set package 'robot_interface' build argument 'catkin_skip_building_tests' from command line to 'False'
[1.383s] DEBUG:colcon.colcon_core.verb:Building package 'robot_interface' with the following arguments: {'ament_cmake_args': None, 'build_base': '/home/team-2/robot_ws/build/robot_interface', 'catkin_cmake_args': None, 'catkin_skip_building_tests': False, 'cmake_args': None, 'cmake_clean_cache': False, 'cmake_clean_first': False, 'cmake_force_configure': False, 'cmake_target': None, 'cmake_target_skip_unavailable': False, 'install_base': '/home/team-2/robot_ws/install/robot_interface', 'merge_install': False, 'path': '/home/team-2/robot_ws/src/robot_interface', 'symlink_install': False, 'test_result_base': None}
[1.397s] Level 5:colcon.colcon_core.verb:set package 'robot' build argument 'cmake_args' from command line to 'None'
[1.397s] Level 5:colcon.colcon_core.verb:set package 'robot' build argument 'cmake_target' from command line to 'None'
[1.397s] Level 5:colcon.colcon_core.verb:set package 'robot' build argument 'cmake_target_skip_unavailable' from command line to 'False'
[1.397s] Level 5:colcon.colcon_core.verb:set package 'robot' build argument 'cmake_clean_cache' from command line to 'False'
[1.397s] Level 5:colcon.colcon_core.verb:set package 'robot' build argument 'cmake_clean_first' from command line to 'False'
[1.398s] Level 5:colcon.colcon_core.verb:set package 'robot' build argument 'cmake_force_configure' from command line to 'False'
[1.398s] Level 5:colcon.colcon_core.verb:set package 'robot' build argument 'ament_cmake_args' from command line to 'None'
[1.398s] Level 5:colcon.colcon_core.verb:set package 'robot' build argument 'catkin_cmake_args' from command line to 'None'
[1.398s] Level 5:colcon.colcon_core.verb:set package 'robot' build argument 'catkin_skip_building_tests' from command line to 'False'
[1.398s] DEBUG:colcon.colcon_core.verb:Building package 'robot' with the following arguments: {'ament_cmake_args': None, 'build_base': '/home/team-2/robot_ws/build/robot', 'catkin_cmake_args': None, 'catkin_skip_building_tests': False, 'cmake_args': None, 'cmake_clean_cache': False, 'cmake_clean_first': False, 'cmake_force_configure': False, 'cmake_target': None, 'cmake_target_skip_unavailable': False, 'install_base': '/home/team-2/robot_ws/install/robot', 'merge_install': False, 'path': '/home/team-2/robot_ws/src/robot', 'symlink_install': False, 'test_result_base': None}
[1.411s] INFO:colcon.colcon_core.executor:Executing jobs using 'parallel' executor
[1.426s] DEBUG:colcon.colcon_parallel_executor.executor.parallel:run_until_complete
[1.426s] INFO:colcon.colcon_ros.task.ament_cmake.build:Building ROS package in '/home/team-2/robot_ws/src/robot_interface' with build type 'ament_cmake'
[1.426s] INFO:colcon.colcon_cmake.task.cmake.build:Building CMake package in '/home/team-2/robot_ws/src/robot_interface'
[1.448s] INFO:colcon.colcon_core.plugin_system:Skipping extension 'colcon_core.shell.bat': Not used on non-Windows systems
[1.448s] INFO:colcon.colcon_core.shell:Skip shell extension 'powershell' for command environment: Not usable outside of PowerShell
[1.448s] DEBUG:colcon.colcon_core.shell:Skip shell extension 'dsv' for command environment
[1.483s] DEBUG:colcon.colcon_core.event_handler.log_command:Invoking command in '/home/team-2/robot_ws/build/robot_interface': CMAKE_PREFIX_PATH=/opt/ros/humble /usr/bin/cmake --build /home/team-2/robot_ws/build/robot_interface -- -j4 -l4
[1.908s] DEBUG:colcon.colcon_core.event_handler.log_command:Invoked command in '/home/team-2/robot_ws/build/robot_interface' returned '0': CMAKE_PREFIX_PATH=/opt/ros/humble /usr/bin/cmake --build /home/team-2/robot_ws/build/robot_interface -- -j4 -l4
[1.971s] DEBUG:colcon.colcon_core.event_handler.log_command:Invoking command in '/home/team-2/robot_ws/build/robot_interface': CMAKE_PREFIX_PATH=/opt/ros/humble /usr/bin/cmake --install /home/team-2/robot_ws/build/robot_interface
[2.040s] Level 1:colcon.colcon_core.environment:create_environment_scripts_only(robot_interface)
[2.040s] DEBUG:colcon.colcon_core.event_handler.log_command:Invoked command in '/home/team-2/robot_ws/build/robot_interface' returned '0': CMAKE_PREFIX_PATH=/opt/ros/humble /usr/bin/cmake --install /home/team-2/robot_ws/build/robot_interface
[2.058s] Level 1:colcon.colcon_core.environment:checking '/home/team-2/robot_ws/install/robot_interface' for CMake module files
[2.058s] Level 1:colcon.colcon_core.environment:checking '/home/team-2/robot_ws/install/robot_interface' for CMake config files
[2.059s] Level 1:colcon.colcon_core.shell:create_environment_hook('robot_interface', 'cmake_prefix_path')
[2.073s] INFO:colcon.colcon_core.shell:Creating environment hook '/home/team-2/robot_ws/install/robot_interface/share/robot_interface/hook/cmake_prefix_path.ps1'
[2.074s] INFO:colcon.colcon_core.shell:Creating environment descriptor '/home/team-2/robot_ws/install/robot_interface/share/robot_interface/hook/cmake_prefix_path.dsv'
[2.074s] INFO:colcon.colcon_core.shell:Creating environment hook '/home/team-2/robot_ws/install/robot_interface/share/robot_interface/hook/cmake_prefix_path.sh'
[2.075s] Level 1:colcon.colcon_core.environment:checking '/home/team-2/robot_ws/install/robot_interface/lib'
[2.075s] Level 1:colcon.colcon_core.shell:create_environment_hook('robot_interface', 'ld_library_path_lib')
[2.089s] INFO:colcon.colcon_core.shell:Creating environment hook '/home/team-2/robot_ws/install/robot_interface/share/robot_interface/hook/ld_library_path_lib.ps1'
[2.089s] INFO:colcon.colcon_core.shell:Creating environment descriptor '/home/team-2/robot_ws/install/robot_interface/share/robot_interface/hook/ld_library_path_lib.dsv'
[2.090s] INFO:colcon.colcon_core.shell:Creating environment hook '/home/team-2/robot_ws/install/robot_interface/share/robot_interface/hook/ld_library_path_lib.sh'
[2.090s] Level 1:colcon.colcon_core.environment:checking '/home/team-2/robot_ws/install/robot_interface/bin'
[2.090s] Level 1:colcon.colcon_core.environment:checking '/home/team-2/robot_ws/install/robot_interface/lib/pkgconfig/robot_interface.pc'
[2.090s] Level 1:colcon.colcon_core.environment:checking '/home/team-2/robot_ws/install/robot_interface/lib/python3.10/site-packages'
[2.091s] Level 1:colcon.colcon_core.environment:checking '/home/team-2/robot_ws/install/robot_interface/bin'
[2.105s] INFO:colcon.colcon_core.shell:Creating package script '/home/team-2/robot_ws/install/robot_interface/share/robot_interface/package.ps1'
[2.105s] INFO:colcon.colcon_core.shell:Creating package descriptor '/home/team-2/robot_ws/install/robot_interface/share/robot_interface/package.dsv'
[2.106s] INFO:colcon.colcon_core.shell:Creating package script '/home/team-2/robot_ws/install/robot_interface/share/robot_interface/package.sh'
[2.107s] INFO:colcon.colcon_core.shell:Creating package script '/home/team-2/robot_ws/install/robot_interface/share/robot_interface/package.bash'
[2.108s] INFO:colcon.colcon_core.shell:Creating package script '/home/team-2/robot_ws/install/robot_interface/share/robot_interface/package.zsh'
[2.108s] Level 1:colcon.colcon_core.environment:create_file_with_runtime_dependencies(/home/team-2/robot_ws/install/robot_interface/share/colcon-core/packages/robot_interface)
[2.178s] Level 1:colcon.colcon_core.environment:create_environment_scripts_only(robot_interface)
[2.192s] Level 1:colcon.colcon_core.environment:checking '/home/team-2/robot_ws/install/robot_interface' for CMake module files
[2.193s] Level 1:colcon.colcon_core.environment:checking '/home/team-2/robot_ws/install/robot_interface' for CMake config files
[2.193s] Level 1:colcon.colcon_core.shell:create_environment_hook('robot_interface', 'cmake_prefix_path')
[2.207s] INFO:colcon.colcon_core.shell:Creating environment hook '/home/team-2/robot_ws/install/robot_interface/share/robot_interface/hook/cmake_prefix_path.ps1'
[2.207s] INFO:colcon.colcon_core.shell:Creating environment descriptor '/home/team-2/robot_ws/install/robot_interface/share/robot_interface/hook/cmake_prefix_path.dsv'
[2.208s] INFO:colcon.colcon_core.shell:Creating environment hook '/home/team-2/robot_ws/install/robot_interface/share/robot_interface/hook/cmake_prefix_path.sh'
[2.208s] Level 1:colcon.colcon_core.environment:checking '/home/team-2/robot_ws/install/robot_interface/lib'
[2.208s] Level 1:colcon.colcon_core.shell:create_environment_hook('robot_interface', 'ld_library_path_lib')
[2.222s] INFO:colcon.colcon_core.shell:Creating environment hook '/home/team-2/robot_ws/install/robot_interface/share/robot_interface/hook/ld_library_path_lib.ps1'
[2.223s] INFO:colcon.colcon_core.shell:Creating environment descriptor '/home/team-2/robot_ws/install/robot_interface/share/robot_interface/hook/ld_library_path_lib.dsv'
[2.223s] INFO:colcon.colcon_core.shell:Creating environment hook '/home/team-2/robot_ws/install/robot_interface/share/robot_interface/hook/ld_library_path_lib.sh'
[2.223s] Level 1:colcon.colcon_core.environment:checking '/home/team-2/robot_ws/install/robot_interface/bin'
[2.223s] Level 1:colcon.colcon_core.environment:checking '/home/team-2/robot_ws/install/robot_interface/lib/pkgconfig/robot_interface.pc'
[2.224s] Level 1:colcon.colcon_core.environment:checking '/home/team-2/robot_ws/install/robot_interface/lib/python3.10/site-packages'
[2.224s] Level 1:colcon.colcon_core.environment:checking '/home/team-2/robot_ws/install/robot_interface/bin'
[2.238s] INFO:colcon.colcon_core.shell:Creating package script '/home/team-2/robot_ws/install/robot_interface/share/robot_interface/package.ps1'
[2.239s] INFO:colcon.colcon_core.shell:Creating package descriptor '/home/team-2/robot_ws/install/robot_interface/share/robot_interface/package.dsv'
[2.239s] INFO:colcon.colcon_core.shell:Creating package script '/home/team-2/robot_ws/install/robot_interface/share/robot_interface/package.sh'
[2.240s] INFO:colcon.colcon_core.shell:Creating package script '/home/team-2/robot_ws/install/robot_interface/share/robot_interface/package.bash'
[2.240s] INFO:colcon.colcon_core.shell:Creating package script '/home/team-2/robot_ws/install/robot_interface/share/robot_interface/package.zsh'
[2.240s] Level 1:colcon.colcon_core.environment:create_file_with_runtime_dependencies(/home/team-2/robot_ws/install/robot_interface/share/colcon-core/packages/robot_interface)
[2.241s] INFO:colcon.colcon_ros.task.ament_python.build:Building ROS package in '/home/team-2/robot_ws/src/robot' with build type 'ament_python'
[2.241s] Level 1:colcon.colcon_core.shell:create_environment_hook('robot', 'ament_prefix_path')
[2.255s] INFO:colcon.colcon_core.shell:Creating environment hook '/home/team-2/robot_ws/install/robot/share/robot/hook/ament_prefix_path.ps1'
[2.256s] INFO:colcon.colcon_core.shell:Creating environment descriptor '/home/team-2/robot_ws/install/robot/share/robot/hook/ament_prefix_path.dsv'
[2.256s] INFO:colcon.colcon_core.shell:Creating environment hook '/home/team-2/robot_ws/install/robot/share/robot/hook/ament_prefix_path.sh'
[2.271s] INFO:colcon.colcon_core.shell:Skip shell extension 'powershell' for command environment: Not usable outside of PowerShell
[2.271s] DEBUG:colcon.colcon_core.shell:Skip shell extension 'dsv' for command environment
[2.548s] INFO:colcon.colcon_core.task.python.build:Building Python package in '/home/team-2/robot_ws/src/robot'
[2.562s] INFO:colcon.colcon_core.shell:Skip shell extension 'powershell' for command environment: Not usable outside of PowerShell
[2.562s] DEBUG:colcon.colcon_core.shell:Skip shell extension 'dsv' for command environment
[2.932s] DEBUG:colcon.colcon_core.event_handler.log_command:Invoking command in '/home/team-2/robot_ws/src/robot': AMENT_PREFIX_PATH=/home/team-2/robot_ws/install/robot_interface:${AMENT_PREFIX_PATH} CMAKE_PREFIX_PATH=/home/team-2/robot_ws/install/robot_interface LD_LIBRARY_PATH=/home/team-2/robot_ws/install/robot_interface/lib:${LD_LIBRARY_PATH} PYTHONPATH=/home/team-2/robot_ws/build/robot/prefix_override:/home/team-2/robot_ws/install/robot/lib/python3.10/site-packages:/home/team-2/robot_ws/install/robot_interface/local/lib/python3.10/dist-packages:${PYTHONPATH} /usr/bin/python3 setup.py egg_info --egg-base ../../build/robot build --build-base /home/team-2/robot_ws/build/robot/build install --record /home/team-2/robot_ws/build/robot/install.log --single-version-externally-managed
[3.222s] DEBUG:colcon.colcon_core.event_handler.log_command:Invoked command in '/home/team-2/robot_ws/src/robot' returned '0': AMENT_PREFIX_PATH=/home/team-2/robot_ws/install/robot_interface:${AMENT_PREFIX_PATH} CMAKE_PREFIX_PATH=/home/team-2/robot_ws/install/robot_interface LD_LIBRARY_PATH=/home/team-2/robot_ws/install/robot_interface/lib:${LD_LIBRARY_PATH} PYTHONPATH=/home/team-2/robot_ws/build/robot/prefix_override:/home/team-2/robot_ws/install/robot/lib/python3.10/site-packages:/home/team-2/robot_ws/install/robot_interface/local/lib/python3.10/dist-packages:${PYTHONPATH} /usr/bin/python3 setup.py egg_info --egg-base ../../build/robot build --build-base /home/team-2/robot_ws/build/robot/build install --record /home/team-2/robot_ws/build/robot/install.log --single-version-externally-managed
[3.238s] Level 1:colcon.colcon_core.environment:checking '/home/team-2/robot_ws/install/robot' for CMake module files
[3.238s] Level 1:colcon.colcon_core.environment:checking '/home/team-2/robot_ws/install/robot' for CMake config files
[3.239s] Level 1:colcon.colcon_core.environment:checking '/home/team-2/robot_ws/install/robot/lib'
[3.239s] Level 1:colcon.colcon_core.environment:checking '/home/team-2/robot_ws/install/robot/bin'
[3.239s] Level 1:colcon.colcon_core.environment:checking '/home/team-2/robot_ws/install/robot/lib/pkgconfig/robot.pc'
[3.239s] Level 1:colcon.colcon_core.environment:checking '/home/team-2/robot_ws/install/robot/lib/python3.10/site-packages'
[3.239s] Level 1:colcon.colcon_core.shell:create_environment_hook('robot', 'pythonpath')
[3.253s] INFO:colcon.colcon_core.shell:Creating environment hook '/home/team-2/robot_ws/install/robot/share/robot/hook/pythonpath.ps1'
[3.254s] INFO:colcon.colcon_core.shell:Creating environment descriptor '/home/team-2/robot_ws/install/robot/share/robot/hook/pythonpath.dsv'
[3.254s] INFO:colcon.colcon_core.shell:Creating environment hook '/home/team-2/robot_ws/install/robot/share/robot/hook/pythonpath.sh'
[3.254s] Level 1:colcon.colcon_core.environment:checking '/home/team-2/robot_ws/install/robot/bin'
[3.254s] Level 1:colcon.colcon_core.environment:create_environment_scripts_only(robot)
[3.269s] INFO:colcon.colcon_core.shell:Creating package script '/home/team-2/robot_ws/install/robot/share/robot/package.ps1'
[3.269s] INFO:colcon.colcon_core.shell:Creating package descriptor '/home/team-2/robot_ws/install/robot/share/robot/package.dsv'
[3.269s] INFO:colcon.colcon_core.shell:Creating package script '/home/team-2/robot_ws/install/robot/share/robot/package.sh'
[3.270s] INFO:colcon.colcon_core.shell:Creating package script '/home/team-2/robot_ws/install/robot/share/robot/package.bash'
[3.270s] INFO:colcon.colcon_core.shell:Creating package script '/home/team-2/robot_ws/install/robot/share/robot/package.zsh'
[3.270s] Level 1:colcon.colcon_core.environment:create_file_with_runtime_dependencies(/home/team-2/robot_ws/install/robot/share/colcon-core/packages/robot)
[3.271s] DEBUG:colcon.colcon_parallel_executor.executor.parallel:closing loop
[3.271s] DEBUG:colcon.colcon_parallel_executor.executor.parallel:loop closed
[3.271s] DEBUG:colcon.colcon_parallel_executor.executor.parallel:run_until_complete finished with '0'
[3.271s] DEBUG:colcon.colcon_core.event_reactor:joining thread
[3.292s] INFO:colcon.colcon_core.plugin_system:Skipping extension 'colcon_notification.desktop_notification.terminal_notifier': Not used on non-Darwin systems
[3.292s] INFO:colcon.colcon_core.plugin_system:Skipping extension 'colcon_notification.desktop_notification.win32': Not used on non-Windows systems
[3.292s] INFO:colcon.colcon_notification.desktop_notification:Sending desktop notification using 'notify2'
[3.293s] DEBUG:colcon.colcon_notification.desktop_notification.notify2:Failed to initialize notify2: org.freedesktop.DBus.Error.ServiceUnknown: The name org.freedesktop.Notifications was not provided by any .service files
[3.293s] DEBUG:colcon.colcon_core.event_reactor:joined thread
[3.317s] INFO:colcon.colcon_core.shell:Creating prefix script '/home/team-2/robot_ws/install/local_setup.ps1'
[3.318s] INFO:colcon.colcon_core.shell:Creating prefix util module '/home/team-2/robot_ws/install/_local_setup_util_ps1.py'
[3.319s] INFO:colcon.colcon_core.shell:Creating prefix chain script '/home/team-2/robot_ws/install/setup.ps1'
[3.334s] INFO:colcon.colcon_core.shell:Creating prefix script '/home/team-2/robot_ws/install/local_setup.sh'
[3.334s] INFO:colcon.colcon_core.shell:Creating prefix util module '/home/team-2/robot_ws/install/_local_setup_util_sh.py'
[3.335s] INFO:colcon.colcon_core.shell:Creating prefix chain script '/home/team-2/robot_ws/install/setup.sh'
[3.350s] INFO:colcon.colcon_core.shell:Creating prefix script '/home/team-2/robot_ws/install/local_setup.bash'
[3.350s] INFO:colcon.colcon_core.shell:Creating prefix chain script '/home/team-2/robot_ws/install/setup.bash'
[3.365s] INFO:colcon.colcon_core.shell:Creating prefix script '/home/team-2/robot_ws/install/local_setup.zsh'
[3.365s] INFO:colcon.colcon_core.shell:Creating prefix chain script '/home/team-2/robot_ws/install/setup.zsh'
